2020-03-04 09:12:48.579 [restartedMain] INFO  com.online.edu.eduservice.EduApplication - The following profiles are active: dev
2020-03-04 09:12:48.643 [restartedMain] INFO  o.s.b.w.s.c.AnnotationConfigServletWebServerApplicationContext - Refreshing org.springframework.boot.web.servlet.context.AnnotationConfigServletWebServerApplicationContext@a7cdcba: startup date [Wed Mar 04 09:12:48 CST 2020]; parent: org.springframework.context.annotation.AnnotationConfigApplicationContext@67c26acb
2020-03-04 09:12:50.342 [restartedMain] INFO  o.s.b.factory.support.DefaultListableBeanFactory - Overriding bean definition for bean 'dataSource' with a different definition: replacing [Root bean: class [null]; scope=refresh; abstract=false; lazyInit=false; autowireMode=3; dependencyCheck=0; autowireCandidate=false; primary=false; factoryBeanName=org.springframework.boot.autoconfigure.jdbc.DataSourceConfiguration$Hikari; factoryMethodName=dataSource; initMethodName=null; destroyMethodName=(inferred); defined in class path resource [org/springframework/boot/autoconfigure/jdbc/DataSourceConfiguration$Hikari.class]] with [Root bean: class [org.springframework.aop.scope.ScopedProxyFactoryBean]; scope=; abstract=false; lazyInit=false; autowireMode=0; dependencyCheck=0; autowireCandidate=true; primary=false; factoryBeanName=null; factoryMethodName=null; initMethodName=null; destroyMethodName=null; defined in BeanDefinition defined in class path resource [org/springframework/boot/autoconfigure/jdbc/DataSourceConfiguration$Hikari.class]]
2020-03-04 09:12:50.750 [restartedMain] INFO  o.springframework.cloud.context.scope.GenericScope - BeanFactory id=a1883f8b-a769-3cdf-8184-b04f5edb0ffa
2020-03-04 09:12:50.775 [restartedMain] INFO  o.s.b.f.a.AutowiredAnnotationBeanPostProcessor - JSR-330 'javax.inject.Inject' annotation found and supported for autowiring
2020-03-04 09:12:50.924 [restartedMain] INFO  o.s.c.s.PostProcessorRegistrationDelegate$BeanPostProcessorChecker - Bean 'org.springframework.transaction.annotation.ProxyTransactionManagementConfiguration' of type [org.springframework.transaction.annotation.ProxyTransactionManagementConfiguration$$EnhancerBySpringCGLIB$$5131fd0b] is not eligible for getting processed by all BeanPostProcessors (for example: not eligible for auto-proxying)
2020-03-04 09:12:50.978 [restartedMain] INFO  o.s.c.s.PostProcessorRegistrationDelegate$BeanPostProcessorChecker - Bean 'org.springframework.cloud.autoconfigure.ConfigurationPropertiesRebinderAutoConfiguration' of type [org.springframework.cloud.autoconfigure.ConfigurationPropertiesRebinderAutoConfiguration$$EnhancerBySpringCGLIB$$6d4c0008] is not eligible for getting processed by all BeanPostProcessors (for example: not eligible for auto-proxying)
2020-03-04 09:12:51.822 [restartedMain] INFO  o.s.boot.web.embedded.tomcat.TomcatWebServer - Tomcat initialized with port(s): 8001 (http)
2020-03-04 09:12:51.889 [restartedMain] INFO  org.apache.coyote.http11.Http11NioProtocol - Initializing ProtocolHandler ["http-nio-8001"]
2020-03-04 09:12:51.922 [restartedMain] INFO  org.apache.catalina.core.StandardService - Starting service [Tomcat]
2020-03-04 09:12:51.923 [restartedMain] INFO  org.apache.catalina.core.StandardEngine - Starting Servlet Engine: Apache Tomcat/8.5.35
2020-03-04 09:12:51.933 [localhost-startStop-1] INFO  org.apache.catalina.core.AprLifecycleListener - The APR based Apache Tomcat Native library which allows optimal performance in production environments was not found on the java.library.path: [/Users/jiaxiangyu/Library/Java/Extensions:/Library/Java/Extensions:/Network/Library/Java/Extensions:/System/Library/Java/Extensions:/usr/lib/java:.]
2020-03-04 09:12:52.618 [localhost-startStop-1] INFO  o.a.c.core.ContainerBase.[Tomcat].[localhost].[/] - Initializing Spring embedded WebApplicationContext
2020-03-04 09:12:52.623 [localhost-startStop-1] INFO  org.springframework.web.context.ContextLoader - Root WebApplicationContext: initialization completed in 3975 ms
2020-03-04 09:12:52.867 [localhost-startStop-1] INFO  o.s.boot.web.servlet.ServletRegistrationBean - Servlet dispatcherServlet mapped to [/]
2020-03-04 09:12:52.877 [localhost-startStop-1] INFO  o.s.boot.web.servlet.FilterRegistrationBean - Mapping filter: 'characterEncodingFilter' to: [/*]
2020-03-04 09:12:52.883 [localhost-startStop-1] INFO  o.s.boot.web.servlet.FilterRegistrationBean - Mapping filter: 'hiddenHttpMethodFilter' to: [/*]
2020-03-04 09:12:52.884 [localhost-startStop-1] INFO  o.s.boot.web.servlet.FilterRegistrationBean - Mapping filter: 'httpPutFormContentFilter' to: [/*]
2020-03-04 09:12:52.884 [localhost-startStop-1] INFO  o.s.boot.web.servlet.FilterRegistrationBean - Mapping filter: 'requestContextFilter' to: [/*]
2020-03-04 09:12:53.150 [restartedMain] INFO  org.springframework.aop.framework.CglibAopProxy - Method [void com.zaxxer.hikari.HikariConfig.seal()] is package-visible across different ClassLoaders and cannot get proxied via CGLIB: Declare this method as public or protected if you need to support invocations through the proxy.
2020-03-04 09:12:53.531 [restartedMain] INFO  com.zaxxer.hikari.HikariDataSource - GuliHikariPool - Starting...
2020-03-04 09:12:54.054 [restartedMain] INFO  com.zaxxer.hikari.HikariDataSource - GuliHikariPool - Start completed.
2020-03-04 09:12:54.891 [restartedMain] INFO  o.s.c.a.AnnotationConfigApplicationContext - Refreshing FeignContext-eduvidservice: startup date [Wed Mar 04 09:12:54 CST 2020]; parent: org.springframework.boot.web.servlet.context.AnnotationConfigServletWebServerApplicationContext@a7cdcba
2020-03-04 09:12:54.952 [restartedMain] INFO  o.s.b.f.a.AutowiredAnnotationBeanPostProcessor - JSR-330 'javax.inject.Inject' annotation found and supported for autowiring
2020-03-04 09:12:56.830 [restartedMain] INFO  o.s.w.s.m.m.a.RequestMappingHandlerMapping - Mapped "{[/eduservice/chapter/getChapterVideoList/{id}],methods=[GET]}" onto public com.online.edu.common.R com.online.edu.eduservice.controller.EduChapterController.getChapterVideoList(java.lang.String)
2020-03-04 09:12:56.834 [restartedMain] INFO  o.s.w.s.m.m.a.RequestMappingHandlerMapping - Mapped "{[/eduservice/chapter/add],methods=[POST]}" onto public com.online.edu.common.R com.online.edu.eduservice.controller.EduChapterController.addChapter(com.online.edu.eduservice.entity.EduChapter)
2020-03-04 09:12:56.835 [restartedMain] INFO  o.s.w.s.m.m.a.RequestMappingHandlerMapping - Mapped "{[/eduservice/chapter/getChapterInfo/{chapterId}],methods=[GET]}" onto public com.online.edu.common.R com.online.edu.eduservice.controller.EduChapterController.getChapterInfo(java.lang.Long)
2020-03-04 09:12:56.836 [restartedMain] INFO  o.s.w.s.m.m.a.RequestMappingHandlerMapping - Mapped "{[/eduservice/chapter/updateChapter],methods=[POST]}" onto public com.online.edu.common.R com.online.edu.eduservice.controller.EduChapterController.updateChapter(com.online.edu.eduservice.entity.EduChapter)
2020-03-04 09:12:56.837 [restartedMain] INFO  o.s.w.s.m.m.a.RequestMappingHandlerMapping - Mapped "{[/eduservice/chapter/{chapterId}],methods=[DELETE]}" onto public com.online.edu.common.R com.online.edu.eduservice.controller.EduChapterController.deleteChapter(java.lang.Long)
2020-03-04 09:12:56.843 [restartedMain] INFO  o.s.w.s.m.m.a.RequestMappingHandlerMapping - Mapped "{[/eduservice/course/getCourseInfo/{id}],methods=[GET]}" onto public com.online.edu.common.R com.online.edu.eduservice.controller.EduCourseController.getCourseInfo(java.lang.Long)
2020-03-04 09:12:56.845 [restartedMain] INFO  o.s.w.s.m.m.a.RequestMappingHandlerMapping - Mapped "{[/eduservice/course/addCourseInfo],methods=[POST]}" onto public com.online.edu.common.R com.online.edu.eduservice.controller.EduCourseController.addCourseInfo(com.online.edu.eduservice.entity.CourseInfoForm)
2020-03-04 09:12:56.846 [restartedMain] INFO  o.s.w.s.m.m.a.RequestMappingHandlerMapping - Mapped "{[/eduservice/course/updateCourseInfo/{id}],methods=[POST]}" onto public com.online.edu.common.R com.online.edu.eduservice.controller.EduCourseController.updateCourseInfo(java.lang.Long,com.online.edu.eduservice.entity.CourseInfoForm)
2020-03-04 09:12:56.847 [restartedMain] INFO  o.s.w.s.m.m.a.RequestMappingHandlerMapping - Mapped "{[/eduservice/course/listCourse/{page}/{limit}],methods=[GET]}" onto public com.online.edu.common.R com.online.edu.eduservice.controller.EduCourseController.listCourse(java.lang.Long,java.lang.Long,com.online.edu.eduservice.entity.CourseQuery)
2020-03-04 09:12:56.848 [restartedMain] INFO  o.s.w.s.m.m.a.RequestMappingHandlerMapping - Mapped "{[/eduservice/course/deleteCourseId/{id}],methods=[DELETE]}" onto public com.online.edu.common.R com.online.edu.eduservice.controller.EduCourseController.deleteCourseId(java.lang.Long)
2020-03-04 09:12:56.849 [restartedMain] INFO  o.s.w.s.m.m.a.RequestMappingHandlerMapping - Mapped "{[/eduservice/course/getAllCourseInfo/{courseId}],methods=[GET]}" onto public com.online.edu.common.R com.online.edu.eduservice.controller.EduCourseController.getAllCourseInfo(java.lang.String)
2020-03-04 09:12:56.850 [restartedMain] INFO  o.s.w.s.m.m.a.RequestMappingHandlerMapping - Mapped "{[/eduservice/course/publicCourse/{courseId}],methods=[POST]}" onto public com.online.edu.common.R com.online.edu.eduservice.controller.EduCourseController.publicCourse(java.lang.Long)
2020-03-04 09:12:56.861 [restartedMain] INFO  o.s.w.s.m.m.a.RequestMappingHandlerMapping - Mapped "{[/eduservice/edu-subject/import],methods=[POST]}" onto public com.online.edu.common.R com.online.edu.eduservice.controller.EduSubjectController.importExcelSubject(org.springframework.web.multipart.MultipartFile)
2020-03-04 09:12:56.863 [restartedMain] INFO  o.s.w.s.m.m.a.RequestMappingHandlerMapping - Mapped "{[/eduservice/edu-subject/list],methods=[GET]}" onto public com.online.edu.common.R com.online.edu.eduservice.controller.EduSubjectController.nestedList()
2020-03-04 09:12:56.864 [restartedMain] INFO  o.s.w.s.m.m.a.RequestMappingHandlerMapping - Mapped "{[/eduservice/edu-subject/{id}],methods=[DELETE]}" onto public com.online.edu.common.R com.online.edu.eduservice.controller.EduSubjectController.deleteSubjectId(java.lang.Long)
2020-03-04 09:12:56.865 [restartedMain] INFO  o.s.w.s.m.m.a.RequestMappingHandlerMapping - Mapped "{[/eduservice/edu-subject/addOneLevel],methods=[POST]}" onto public com.online.edu.common.R com.online.edu.eduservice.controller.EduSubjectController.addOneLevel(com.online.edu.eduservice.entity.EduSubject)
2020-03-04 09:12:56.875 [restartedMain] INFO  o.s.w.s.m.m.a.RequestMappingHandlerMapping - Mapped "{[/eduservice/edu-subject/addTwoLevel],methods=[POST]}" onto public com.online.edu.common.R com.online.edu.eduservice.controller.EduSubjectController.addTwoLevel(com.online.edu.eduservice.entity.EduSubject)
2020-03-04 09:12:56.881 [restartedMain] INFO  o.s.w.s.m.m.a.RequestMappingHandlerMapping - Mapped "{[/eduservice/edu-teacher/info],methods=[GET]}" onto public com.online.edu.common.R com.online.edu.eduservice.controller.EduTeacherController.info()
2020-03-04 09:12:56.882 [restartedMain] INFO  o.s.w.s.m.m.a.RequestMappingHandlerMapping - Mapped "{[/eduservice/edu-teacher/login],methods=[POST]}" onto public com.online.edu.common.R com.online.edu.eduservice.controller.EduTeacherController.login()
2020-03-04 09:12:56.883 [restartedMain] INFO  o.s.w.s.m.m.a.RequestMappingHandlerMapping - Mapped "{[/eduservice/edu-teacher/list],methods=[GET]}" onto public com.online.edu.common.R com.online.edu.eduservice.controller.EduTeacherController.getAllTeacherList()
2020-03-04 09:12:56.899 [restartedMain] INFO  o.s.w.s.m.m.a.RequestMappingHandlerMapping - Mapped "{[/eduservice/edu-teacher/{id}],methods=[DELETE]}" onto public boolean com.online.edu.eduservice.controller.EduTeacherController.deleteTeacher(java.lang.String)
2020-03-04 09:12:56.902 [restartedMain] INFO  o.s.w.s.m.m.a.RequestMappingHandlerMapping - Mapped "{[/eduservice/edu-teacher/pageList/{page}/{limit}],methods=[GET]}" onto public com.online.edu.common.R com.online.edu.eduservice.controller.EduTeacherController.getPageTeacherList(java.lang.Long,java.lang.Long)
2020-03-04 09:12:56.903 [restartedMain] INFO  o.s.w.s.m.m.a.RequestMappingHandlerMapping - Mapped "{[/eduservice/edu-teacher/moreCondtionPageList/{page}/{limit}],methods=[POST]}" onto public com.online.edu.common.R com.online.edu.eduservice.controller.EduTeacherController.getmoreConditionPageList(java.lang.Long,java.lang.Long,com.online.edu.eduservice.entity.QueryTeacher)
2020-03-04 09:12:56.905 [restartedMain] INFO  o.s.w.s.m.m.a.RequestMappingHandlerMapping - Mapped "{[/eduservice/edu-teacher/addTeacher],methods=[POST]}" onto public com.online.edu.common.R com.online.edu.eduservice.controller.EduTeacherController.addTeacher(com.online.edu.eduservice.entity.EduTeacher)
2020-03-04 09:12:56.906 [restartedMain] INFO  o.s.w.s.m.m.a.RequestMappingHandlerMapping - Mapped "{[/eduservice/edu-teacher/getTeacherInfo/{id}],methods=[GET]}" onto public com.online.edu.common.R com.online.edu.eduservice.controller.EduTeacherController.getTeacherInfo(java.lang.String)
2020-03-04 09:12:56.908 [restartedMain] INFO  o.s.w.s.m.m.a.RequestMappingHandlerMapping - Mapped "{[/eduservice/edu-teacher/updateTeacher],methods=[POST]}" onto public com.online.edu.common.R com.online.edu.eduservice.controller.EduTeacherController.updateTeacher(com.online.edu.eduservice.entity.EduTeacher)
2020-03-04 09:12:56.911 [restartedMain] INFO  o.s.w.s.m.m.a.RequestMappingHandlerMapping - Mapped "{[/eduservice/edu-video/addVideo],methods=[POST]}" onto public com.online.edu.common.R com.online.edu.eduservice.controller.EduVideoController.addVideo(com.online.edu.eduservice.entity.EduVideo)
2020-03-04 09:12:56.913 [restartedMain] INFO  o.s.w.s.m.m.a.RequestMappingHandlerMapping - Mapped "{[/eduservice/edu-video/{videoId}],methods=[GET]}" onto public com.online.edu.common.R com.online.edu.eduservice.controller.EduVideoController.getVideoId(java.lang.Long)
2020-03-04 09:12:56.918 [restartedMain] INFO  o.s.w.s.m.m.a.RequestMappingHandlerMapping - Mapped "{[/eduservice/edu-video/updateVideo],methods=[POST]}" onto public com.online.edu.common.R com.online.edu.eduservice.controller.EduVideoController.updateVideo(com.online.edu.eduservice.entity.EduVideo)
2020-03-04 09:12:56.919 [restartedMain] INFO  o.s.w.s.m.m.a.RequestMappingHandlerMapping - Mapped "{[/eduservice/edu-video/deleteVideoId/{videoId}],methods=[DELETE]}" onto public com.online.edu.common.R com.online.edu.eduservice.controller.EduVideoController.deleteVideo(java.lang.Long)
2020-03-04 09:12:56.923 [restartedMain] INFO  o.s.w.s.m.m.a.RequestMappingHandlerMapping - Mapped "{[/eduservice/oss/upload],methods=[POST]}" onto public com.online.edu.common.R com.online.edu.eduservice.controller.FileUploadController.uploadTeacherImg(org.springframework.web.multipart.MultipartFile,java.lang.String) throws java.lang.Exception
2020-03-04 09:12:56.938 [restartedMain] INFO  o.s.w.s.m.m.a.RequestMappingHandlerMapping - Mapped "{[/swagger-resources/configuration/security]}" onto public org.springframework.http.ResponseEntity<springfox.documentation.swagger.web.SecurityConfiguration> springfox.documentation.swagger.web.ApiResourceController.securityConfiguration()
2020-03-04 09:12:56.943 [restartedMain] INFO  o.s.w.s.m.m.a.RequestMappingHandlerMapping - Mapped "{[/swagger-resources/configuration/ui]}" onto public org.springframework.http.ResponseEntity<springfox.documentation.swagger.web.UiConfiguration> springfox.documentation.swagger.web.ApiResourceController.uiConfiguration()
2020-03-04 09:12:56.946 [restartedMain] INFO  o.s.w.s.m.m.a.RequestMappingHandlerMapping - Mapped "{[/swagger-resources]}" onto public org.springframework.http.ResponseEntity<java.util.List<springfox.documentation.swagger.web.SwaggerResource>> springfox.documentation.swagger.web.ApiResourceController.swaggerResources()
2020-03-04 09:12:56.951 [restartedMain] INFO  o.s.w.s.m.m.a.RequestMappingHandlerMapping - Mapped "{[/error]}" onto public org.springframework.http.ResponseEntity<java.util.Map<java.lang.String, java.lang.Object>> org.springframework.boot.autoconfigure.web.servlet.error.BasicErrorController.error(javax.servlet.http.HttpServletRequest)
2020-03-04 09:12:56.953 [restartedMain] INFO  o.s.w.s.m.m.a.RequestMappingHandlerMapping - Mapped "{[/error],produces=[text/html]}" onto public org.springframework.web.servlet.ModelAndView org.springframework.boot.autoconfigure.web.servlet.error.BasicErrorController.errorHtml(javax.servlet.http.HttpServletRequest,javax.servlet.http.HttpServletResponse)
2020-03-04 09:12:57.346 [restartedMain] INFO  s.d.s.w.PropertySourcedRequestMappingHandlerMapping - Mapped URL path [/v2/api-docs] onto method [public org.springframework.http.ResponseEntity<springfox.documentation.spring.web.json.Json> springfox.documentation.swagger2.web.Swagger2Controller.getDocumentation(java.lang.String,javax.servlet.http.HttpServletRequest)]
2020-03-04 09:12:57.428 [restartedMain] INFO  com.netflix.config.sources.URLConfigurationSource - To enable URLs as dynamic configuration sources, define System property archaius.configurationSource.additionalUrls or make config.properties available on classpath.
2020-03-04 09:12:57.441 [restartedMain] INFO  com.netflix.config.sources.URLConfigurationSource - To enable URLs as dynamic configuration sources, define System property archaius.configurationSource.additionalUrls or make config.properties available on classpath.
2020-03-04 09:12:57.653 [restartedMain] INFO  o.s.web.servlet.handler.SimpleUrlHandlerMapping - Mapped URL path [/**/favicon.ico] onto handler of type [class org.springframework.web.servlet.resource.ResourceHttpRequestHandler]
2020-03-04 09:12:58.455 [restartedMain] INFO  o.s.w.s.m.m.a.RequestMappingHandlerAdapter - Looking for @ControllerAdvice: org.springframework.boot.web.servlet.context.AnnotationConfigServletWebServerApplicationContext@a7cdcba: startup date [Wed Mar 04 09:12:48 CST 2020]; parent: org.springframework.context.annotation.AnnotationConfigApplicationContext@67c26acb
2020-03-04 09:12:58.686 [restartedMain] INFO  o.s.web.servlet.handler.SimpleUrlHandlerMapping - Mapped URL path [/webjars/**] onto handler of type [class org.springframework.web.servlet.resource.ResourceHttpRequestHandler]
2020-03-04 09:12:58.686 [restartedMain] INFO  o.s.web.servlet.handler.SimpleUrlHandlerMapping - Mapped URL path [/**] onto handler of type [class org.springframework.web.servlet.resource.ResourceHttpRequestHandler]
2020-03-04 09:12:58.824 [restartedMain] INFO  o.s.w.s.m.m.a.ExceptionHandlerExceptionResolver - Detected @ExceptionHandler methods in globalException
2020-03-04 09:13:00.867 [restartedMain] INFO  o.s.jmx.export.annotation.AnnotationMBeanExporter - Registering beans for JMX exposure on startup
2020-03-04 09:13:00.871 [restartedMain] INFO  o.s.jmx.export.annotation.AnnotationMBeanExporter - Bean with name 'dataSource' has been autodetected for JMX exposure
2020-03-04 09:13:00.884 [restartedMain] INFO  o.s.jmx.export.annotation.AnnotationMBeanExporter - Bean with name 'refreshScope' has been autodetected for JMX exposure
2020-03-04 09:13:00.887 [restartedMain] INFO  o.s.jmx.export.annotation.AnnotationMBeanExporter - Bean with name 'configurationPropertiesRebinder' has been autodetected for JMX exposure
2020-03-04 09:13:00.888 [restartedMain] INFO  o.s.jmx.export.annotation.AnnotationMBeanExporter - Bean with name 'environmentManager' has been autodetected for JMX exposure
2020-03-04 09:13:00.893 [restartedMain] INFO  o.s.jmx.export.annotation.AnnotationMBeanExporter - Located managed bean 'environmentManager': registering with JMX server as MBean [org.springframework.cloud.context.environment:name=environmentManager,type=EnvironmentManager]
2020-03-04 09:13:00.913 [restartedMain] INFO  o.s.jmx.export.annotation.AnnotationMBeanExporter - Located managed bean 'refreshScope': registering with JMX server as MBean [org.springframework.cloud.context.scope.refresh:name=refreshScope,type=RefreshScope]
2020-03-04 09:13:00.936 [restartedMain] INFO  o.s.jmx.export.annotation.AnnotationMBeanExporter - Located managed bean 'configurationPropertiesRebinder': registering with JMX server as MBean [org.springframework.cloud.context.properties:name=configurationPropertiesRebinder,context=a7cdcba,type=ConfigurationPropertiesRebinder]
2020-03-04 09:13:00.945 [restartedMain] INFO  o.s.jmx.export.annotation.AnnotationMBeanExporter - Located MBean 'dataSource': registering with JMX server as MBean [com.zaxxer.hikari:name=dataSource,type=HikariDataSource]
2020-03-04 09:13:00.954 [restartedMain] INFO  o.s.context.support.DefaultLifecycleProcessor - Starting beans in phase 0
2020-03-04 09:13:00.975 [restartedMain] INFO  o.s.cloud.netflix.eureka.InstanceInfoFactory - Setting initial instance status as: STARTING
2020-03-04 09:13:01.022 [restartedMain] INFO  com.netflix.discovery.DiscoveryClient - Initializing Eureka in region us-east-1
2020-03-04 09:13:01.278 [restartedMain] INFO  c.n.discovery.provider.DiscoveryJerseyProvider - Using JSON encoding codec LegacyJacksonJson
2020-03-04 09:13:01.278 [restartedMain] INFO  c.n.discovery.provider.DiscoveryJerseyProvider - Using JSON decoding codec LegacyJacksonJson
2020-03-04 09:13:01.456 [restartedMain] INFO  c.n.discovery.provider.DiscoveryJerseyProvider - Using XML encoding codec XStreamXml
2020-03-04 09:13:01.457 [restartedMain] INFO  c.n.discovery.provider.DiscoveryJerseyProvider - Using XML decoding codec XStreamXml
2020-03-04 09:13:01.783 [restartedMain] INFO  c.n.d.shared.resolver.aws.ConfigClusterResolver - Resolving eureka endpoints via configuration
2020-03-04 09:13:01.837 [restartedMain] INFO  com.netflix.discovery.DiscoveryClient - Disable delta property : false
2020-03-04 09:13:01.838 [restartedMain] INFO  com.netflix.discovery.DiscoveryClient - Single vip registry refresh property : null
2020-03-04 09:13:01.838 [restartedMain] INFO  com.netflix.discovery.DiscoveryClient - Force full registry fetch : false
2020-03-04 09:13:01.839 [restartedMain] INFO  com.netflix.discovery.DiscoveryClient - Application is null : false
2020-03-04 09:13:01.839 [restartedMain] INFO  com.netflix.discovery.DiscoveryClient - Registered Applications size is zero : true
2020-03-04 09:13:01.840 [restartedMain] INFO  com.netflix.discovery.DiscoveryClient - Application version is -1: true
2020-03-04 09:13:01.840 [restartedMain] INFO  com.netflix.discovery.DiscoveryClient - Getting all instance registry info from the eureka server
2020-03-04 09:13:02.128 [restartedMain] INFO  com.netflix.discovery.DiscoveryClient - The response status is 200
2020-03-04 09:13:02.132 [restartedMain] INFO  com.netflix.discovery.DiscoveryClient - Starting heartbeat executor: renew interval is: 30
2020-03-04 09:13:02.148 [restartedMain] INFO  com.netflix.discovery.InstanceInfoReplicator - InstanceInfoReplicator onDemand update allowed rate per min is 4
2020-03-04 09:13:02.169 [restartedMain] INFO  com.netflix.discovery.DiscoveryClient - Discovery Client initialized at timestamp 1583284382166 with initial instances count: 4
2020-03-04 09:13:02.181 [restartedMain] INFO  o.s.c.n.e.serviceregistry.EurekaServiceRegistry - Registering application EDUSERVICE with eureka with status UP
2020-03-04 09:13:02.182 [restartedMain] INFO  com.netflix.discovery.DiscoveryClient - Saw local status change event StatusChangeEvent [timestamp=1583284382182, current=UP, previous=STARTING]
2020-03-04 09:13:02.186 [DiscoveryClient-InstanceInfoReplicator-0] INFO  com.netflix.discovery.DiscoveryClient - DiscoveryClient_EDUSERVICE/192.168.0.206:eduservice:8001: registering service...
2020-03-04 09:13:02.204 [restartedMain] INFO  o.s.context.support.DefaultLifecycleProcessor - Starting beans in phase 2147483647
2020-03-04 09:13:02.204 [restartedMain] INFO  s.d.s.web.plugins.DocumentationPluginsBootstrapper - Context refreshed
2020-03-04 09:13:02.229 [restartedMain] INFO  s.d.s.web.plugins.DocumentationPluginsBootstrapper - Found 1 custom documentation plugin(s)
2020-03-04 09:13:02.258 [DiscoveryClient-InstanceInfoReplicator-0] INFO  com.netflix.discovery.DiscoveryClient - DiscoveryClient_EDUSERVICE/192.168.0.206:eduservice:8001 - registration status: 204
2020-03-04 09:13:02.337 [restartedMain] INFO  s.d.spring.web.scanners.ApiListingReferenceScanner - Scanning for api listing references
2020-03-04 09:13:02.791 [restartedMain] INFO  org.apache.coyote.http11.Http11NioProtocol - Starting ProtocolHandler ["http-nio-8001"]
2020-03-04 09:13:02.837 [restartedMain] INFO  org.apache.tomcat.util.net.NioSelectorPool - Using a shared selector for servlet write/read
2020-03-04 09:13:02.862 [restartedMain] INFO  o.s.boot.web.embedded.tomcat.TomcatWebServer - Tomcat started on port(s): 8001 (http) with context path ''
2020-03-04 09:13:02.865 [restartedMain] INFO  o.s.c.n.e.s.EurekaAutoServiceRegistration - Updating port to 8001
2020-03-04 09:13:02.880 [restartedMain] INFO  com.online.edu.eduservice.EduApplication - Started EduApplication in 18.114 seconds (JVM running for 20.908)
2020-03-04 09:18:01.831 [AsyncResolver-bootstrap-executor-0] INFO  c.n.d.shared.resolver.aws.ConfigClusterResolver - Resolving eureka endpoints via configuration
2020-03-04 09:23:01.870 [AsyncResolver-bootstrap-executor-0] INFO  c.n.d.shared.resolver.aws.ConfigClusterResolver - Resolving eureka endpoints via configuration
2020-03-04 09:28:01.863 [AsyncResolver-bootstrap-executor-0] INFO  c.n.d.shared.resolver.aws.ConfigClusterResolver - Resolving eureka endpoints via configuration
2020-03-04 09:28:09.100 [Thread-47] INFO  o.s.b.w.s.c.AnnotationConfigServletWebServerApplicationContext - Closing org.springframework.boot.web.servlet.context.AnnotationConfigServletWebServerApplicationContext@a7cdcba: startup date [Wed Mar 04 09:12:48 CST 2020]; parent: org.springframework.context.annotation.AnnotationConfigApplicationContext@67c26acb
2020-03-04 09:28:09.106 [Thread-47] INFO  o.s.c.n.e.serviceregistry.EurekaServiceRegistry - Unregistering application EDUSERVICE with eureka with status DOWN
2020-03-04 09:28:09.108 [DiscoveryClient-InstanceInfoReplicator-0] INFO  com.netflix.discovery.DiscoveryClient - DiscoveryClient_EDUSERVICE/192.168.0.206:eduservice:8001: registering service...
2020-03-04 09:28:09.123 [Thread-47] INFO  o.s.context.support.DefaultLifecycleProcessor - Stopping beans in phase 2147483647
2020-03-04 09:28:09.124 [Thread-47] INFO  o.s.context.support.DefaultLifecycleProcessor - Stopping beans in phase 0
2020-03-04 09:28:09.131 [Thread-47] INFO  o.s.jmx.export.annotation.AnnotationMBeanExporter - Unregistering JMX-exposed beans on shutdown
2020-03-04 09:28:09.132 [Thread-47] INFO  o.s.jmx.export.annotation.AnnotationMBeanExporter - Unregistering JMX-exposed beans
2020-03-04 09:28:09.139 [Thread-47] INFO  o.s.c.a.AnnotationConfigApplicationContext - Closing FeignContext-eduvidservice: startup date [Wed Mar 04 09:12:54 CST 2020]; parent: org.springframework.boot.web.servlet.context.AnnotationConfigServletWebServerApplicationContext@a7cdcba
2020-03-04 09:28:09.144 [Thread-47] INFO  com.netflix.discovery.DiscoveryClient - Shutting down DiscoveryClient ...
2020-03-04 09:28:09.152 [Thread-47] INFO  com.zaxxer.hikari.HikariDataSource - GuliHikariPool - Shutdown initiated...
2020-03-04 09:28:09.160 [Thread-47] INFO  com.zaxxer.hikari.HikariDataSource - GuliHikariPool - Shutdown completed.
2020-03-04 09:30:31.830 [restartedMain] INFO  com.online.edu.eduservice.EduApplication - The following profiles are active: dev
2020-03-04 09:30:31.853 [restartedMain] INFO  o.s.b.w.s.c.AnnotationConfigServletWebServerApplicationContext - Refreshing org.springframework.boot.web.servlet.context.AnnotationConfigServletWebServerApplicationContext@3c662ae6: startup date [Wed Mar 04 09:30:31 CST 2020]; parent: org.springframework.context.annotation.AnnotationConfigApplicationContext@5d21f4e5
2020-03-04 09:30:33.325 [restartedMain] INFO  o.s.b.factory.support.DefaultListableBeanFactory - Overriding bean definition for bean 'dataSource' with a different definition: replacing [Root bean: class [null]; scope=refresh; abstract=false; lazyInit=false; autowireMode=3; dependencyCheck=0; autowireCandidate=false; primary=false; factoryBeanName=org.springframework.boot.autoconfigure.jdbc.DataSourceConfiguration$Hikari; factoryMethodName=dataSource; initMethodName=null; destroyMethodName=(inferred); defined in class path resource [org/springframework/boot/autoconfigure/jdbc/DataSourceConfiguration$Hikari.class]] with [Root bean: class [org.springframework.aop.scope.ScopedProxyFactoryBean]; scope=; abstract=false; lazyInit=false; autowireMode=0; dependencyCheck=0; autowireCandidate=true; primary=false; factoryBeanName=null; factoryMethodName=null; initMethodName=null; destroyMethodName=null; defined in BeanDefinition defined in class path resource [org/springframework/boot/autoconfigure/jdbc/DataSourceConfiguration$Hikari.class]]
2020-03-04 09:30:33.481 [restartedMain] INFO  o.springframework.cloud.context.scope.GenericScope - BeanFactory id=a1883f8b-a769-3cdf-8184-b04f5edb0ffa
2020-03-04 09:30:33.502 [restartedMain] INFO  o.s.b.f.a.AutowiredAnnotationBeanPostProcessor - JSR-330 'javax.inject.Inject' annotation found and supported for autowiring
2020-03-04 09:30:33.685 [restartedMain] INFO  o.s.c.s.PostProcessorRegistrationDelegate$BeanPostProcessorChecker - Bean 'org.springframework.transaction.annotation.ProxyTransactionManagementConfiguration' of type [org.springframework.transaction.annotation.ProxyTransactionManagementConfiguration$$EnhancerBySpringCGLIB$$63446b2c] is not eligible for getting processed by all BeanPostProcessors (for example: not eligible for auto-proxying)
2020-03-04 09:30:33.733 [restartedMain] INFO  o.s.c.s.PostProcessorRegistrationDelegate$BeanPostProcessorChecker - Bean 'org.springframework.cloud.autoconfigure.ConfigurationPropertiesRebinderAutoConfiguration' of type [org.springframework.cloud.autoconfigure.ConfigurationPropertiesRebinderAutoConfiguration$$EnhancerBySpringCGLIB$$7f5e6e29] is not eligible for getting processed by all BeanPostProcessors (for example: not eligible for auto-proxying)
2020-03-04 09:30:34.477 [restartedMain] INFO  o.s.boot.web.embedded.tomcat.TomcatWebServer - Tomcat initialized with port(s): 8001 (http)
2020-03-04 09:30:34.500 [restartedMain] INFO  org.apache.coyote.http11.Http11NioProtocol - Initializing ProtocolHandler ["http-nio-8001"]
2020-03-04 09:30:34.524 [restartedMain] INFO  org.apache.catalina.core.StandardService - Starting service [Tomcat]
2020-03-04 09:30:34.525 [restartedMain] INFO  org.apache.catalina.core.StandardEngine - Starting Servlet Engine: Apache Tomcat/8.5.35
2020-03-04 09:30:34.532 [localhost-startStop-1] INFO  org.apache.catalina.core.AprLifecycleListener - The APR based Apache Tomcat Native library which allows optimal performance in production environments was not found on the java.library.path: [/Users/jiaxiangyu/Library/Java/Extensions:/Library/Java/Extensions:/Network/Library/Java/Extensions:/System/Library/Java/Extensions:/usr/lib/java:.]
2020-03-04 09:30:34.652 [localhost-startStop-1] INFO  o.a.c.core.ContainerBase.[Tomcat].[localhost].[/] - Initializing Spring embedded WebApplicationContext
2020-03-04 09:30:34.653 [localhost-startStop-1] INFO  org.springframework.web.context.ContextLoader - Root WebApplicationContext: initialization completed in 2800 ms
2020-03-04 09:30:34.943 [localhost-startStop-1] INFO  o.s.boot.web.servlet.ServletRegistrationBean - Servlet dispatcherServlet mapped to [/]
2020-03-04 09:30:34.948 [localhost-startStop-1] INFO  o.s.boot.web.servlet.FilterRegistrationBean - Mapping filter: 'characterEncodingFilter' to: [/*]
2020-03-04 09:30:34.949 [localhost-startStop-1] INFO  o.s.boot.web.servlet.FilterRegistrationBean - Mapping filter: 'hiddenHttpMethodFilter' to: [/*]
2020-03-04 09:30:34.949 [localhost-startStop-1] INFO  o.s.boot.web.servlet.FilterRegistrationBean - Mapping filter: 'httpPutFormContentFilter' to: [/*]
2020-03-04 09:30:34.949 [localhost-startStop-1] INFO  o.s.boot.web.servlet.FilterRegistrationBean - Mapping filter: 'requestContextFilter' to: [/*]
2020-03-04 09:30:35.093 [restartedMain] INFO  org.springframework.aop.framework.CglibAopProxy - Method [void com.zaxxer.hikari.HikariConfig.seal()] is package-visible across different ClassLoaders and cannot get proxied via CGLIB: Declare this method as public or protected if you need to support invocations through the proxy.
2020-03-04 09:30:35.303 [restartedMain] INFO  com.zaxxer.hikari.HikariDataSource - GuliHikariPool - Starting...
2020-03-04 09:30:35.581 [restartedMain] INFO  com.zaxxer.hikari.HikariDataSource - GuliHikariPool - Start completed.
2020-03-04 09:30:36.090 [restartedMain] INFO  o.s.c.a.AnnotationConfigApplicationContext - Refreshing FeignContext-eduvidservice: startup date [Wed Mar 04 09:30:36 CST 2020]; parent: org.springframework.boot.web.servlet.context.AnnotationConfigServletWebServerApplicationContext@3c662ae6
2020-03-04 09:30:36.135 [restartedMain] INFO  o.s.b.f.a.AutowiredAnnotationBeanPostProcessor - JSR-330 'javax.inject.Inject' annotation found and supported for autowiring
2020-03-04 09:30:37.133 [restartedMain] INFO  o.s.w.s.m.m.a.RequestMappingHandlerMapping - Mapped "{[/eduservice/chapter/add],methods=[POST]}" onto public com.online.edu.common.R com.online.edu.eduservice.controller.EduChapterController.addChapter(com.online.edu.eduservice.entity.EduChapter)
2020-03-04 09:30:37.136 [restartedMain] INFO  o.s.w.s.m.m.a.RequestMappingHandlerMapping - Mapped "{[/eduservice/chapter/getChapterVideoList/{id}],methods=[GET]}" onto public com.online.edu.common.R com.online.edu.eduservice.controller.EduChapterController.getChapterVideoList(java.lang.String)
2020-03-04 09:30:37.137 [restartedMain] INFO  o.s.w.s.m.m.a.RequestMappingHandlerMapping - Mapped "{[/eduservice/chapter/getChapterInfo/{chapterId}],methods=[GET]}" onto public com.online.edu.common.R com.online.edu.eduservice.controller.EduChapterController.getChapterInfo(java.lang.Long)
2020-03-04 09:30:37.137 [restartedMain] INFO  o.s.w.s.m.m.a.RequestMappingHandlerMapping - Mapped "{[/eduservice/chapter/updateChapter],methods=[POST]}" onto public com.online.edu.common.R com.online.edu.eduservice.controller.EduChapterController.updateChapter(com.online.edu.eduservice.entity.EduChapter)
2020-03-04 09:30:37.138 [restartedMain] INFO  o.s.w.s.m.m.a.RequestMappingHandlerMapping - Mapped "{[/eduservice/chapter/{chapterId}],methods=[DELETE]}" onto public com.online.edu.common.R com.online.edu.eduservice.controller.EduChapterController.deleteChapter(java.lang.Long)
2020-03-04 09:30:37.142 [restartedMain] INFO  o.s.w.s.m.m.a.RequestMappingHandlerMapping - Mapped "{[/eduservice/course/getCourseInfo/{id}],methods=[GET]}" onto public com.online.edu.common.R com.online.edu.eduservice.controller.EduCourseController.getCourseInfo(java.lang.Long)
2020-03-04 09:30:37.143 [restartedMain] INFO  o.s.w.s.m.m.a.RequestMappingHandlerMapping - Mapped "{[/eduservice/course/addCourseInfo],methods=[POST]}" onto public com.online.edu.common.R com.online.edu.eduservice.controller.EduCourseController.addCourseInfo(com.online.edu.eduservice.entity.CourseInfoForm)
2020-03-04 09:30:37.144 [restartedMain] INFO  o.s.w.s.m.m.a.RequestMappingHandlerMapping - Mapped "{[/eduservice/course/updateCourseInfo/{id}],methods=[POST]}" onto public com.online.edu.common.R com.online.edu.eduservice.controller.EduCourseController.updateCourseInfo(java.lang.Long,com.online.edu.eduservice.entity.CourseInfoForm)
2020-03-04 09:30:37.145 [restartedMain] INFO  o.s.w.s.m.m.a.RequestMappingHandlerMapping - Mapped "{[/eduservice/course/listCourse/{page}/{limit}],methods=[GET]}" onto public com.online.edu.common.R com.online.edu.eduservice.controller.EduCourseController.listCourse(java.lang.Long,java.lang.Long,com.online.edu.eduservice.entity.CourseQuery)
2020-03-04 09:30:37.146 [restartedMain] INFO  o.s.w.s.m.m.a.RequestMappingHandlerMapping - Mapped "{[/eduservice/course/deleteCourseId/{id}],methods=[DELETE]}" onto public com.online.edu.common.R com.online.edu.eduservice.controller.EduCourseController.deleteCourseId(java.lang.Long)
2020-03-04 09:30:37.147 [restartedMain] INFO  o.s.w.s.m.m.a.RequestMappingHandlerMapping - Mapped "{[/eduservice/course/getAllCourseInfo/{courseId}],methods=[GET]}" onto public com.online.edu.common.R com.online.edu.eduservice.controller.EduCourseController.getAllCourseInfo(java.lang.String)
2020-03-04 09:30:37.148 [restartedMain] INFO  o.s.w.s.m.m.a.RequestMappingHandlerMapping - Mapped "{[/eduservice/course/publicCourse/{courseId}],methods=[POST]}" onto public com.online.edu.common.R com.online.edu.eduservice.controller.EduCourseController.publicCourse(java.lang.Long)
2020-03-04 09:30:37.152 [restartedMain] INFO  o.s.w.s.m.m.a.RequestMappingHandlerMapping - Mapped "{[/eduservice/edu-subject/import],methods=[POST]}" onto public com.online.edu.common.R com.online.edu.eduservice.controller.EduSubjectController.importExcelSubject(org.springframework.web.multipart.MultipartFile)
2020-03-04 09:30:37.153 [restartedMain] INFO  o.s.w.s.m.m.a.RequestMappingHandlerMapping - Mapped "{[/eduservice/edu-subject/list],methods=[GET]}" onto public com.online.edu.common.R com.online.edu.eduservice.controller.EduSubjectController.nestedList()
2020-03-04 09:30:37.154 [restartedMain] INFO  o.s.w.s.m.m.a.RequestMappingHandlerMapping - Mapped "{[/eduservice/edu-subject/{id}],methods=[DELETE]}" onto public com.online.edu.common.R com.online.edu.eduservice.controller.EduSubjectController.deleteSubjectId(java.lang.Long)
2020-03-04 09:30:37.155 [restartedMain] INFO  o.s.w.s.m.m.a.RequestMappingHandlerMapping - Mapped "{[/eduservice/edu-subject/addOneLevel],methods=[POST]}" onto public com.online.edu.common.R com.online.edu.eduservice.controller.EduSubjectController.addOneLevel(com.online.edu.eduservice.entity.EduSubject)
2020-03-04 09:30:37.158 [restartedMain] INFO  o.s.w.s.m.m.a.RequestMappingHandlerMapping - Mapped "{[/eduservice/edu-subject/addTwoLevel],methods=[POST]}" onto public com.online.edu.common.R com.online.edu.eduservice.controller.EduSubjectController.addTwoLevel(com.online.edu.eduservice.entity.EduSubject)
2020-03-04 09:30:37.162 [restartedMain] INFO  o.s.w.s.m.m.a.RequestMappingHandlerMapping - Mapped "{[/eduservice/edu-teacher/info],methods=[GET]}" onto public com.online.edu.common.R com.online.edu.eduservice.controller.EduTeacherController.info()
2020-03-04 09:30:37.163 [restartedMain] INFO  o.s.w.s.m.m.a.RequestMappingHandlerMapping - Mapped "{[/eduservice/edu-teacher/login],methods=[POST]}" onto public com.online.edu.common.R com.online.edu.eduservice.controller.EduTeacherController.login()
2020-03-04 09:30:37.164 [restartedMain] INFO  o.s.w.s.m.m.a.RequestMappingHandlerMapping - Mapped "{[/eduservice/edu-teacher/list],methods=[GET]}" onto public com.online.edu.common.R com.online.edu.eduservice.controller.EduTeacherController.getAllTeacherList()
2020-03-04 09:30:37.166 [restartedMain] INFO  o.s.w.s.m.m.a.RequestMappingHandlerMapping - Mapped "{[/eduservice/edu-teacher/{id}],methods=[DELETE]}" onto public boolean com.online.edu.eduservice.controller.EduTeacherController.deleteTeacher(java.lang.String)
2020-03-04 09:30:37.167 [restartedMain] INFO  o.s.w.s.m.m.a.RequestMappingHandlerMapping - Mapped "{[/eduservice/edu-teacher/pageList/{page}/{limit}],methods=[GET]}" onto public com.online.edu.common.R com.online.edu.eduservice.controller.EduTeacherController.getPageTeacherList(java.lang.Long,java.lang.Long)
2020-03-04 09:30:37.169 [restartedMain] INFO  o.s.w.s.m.m.a.RequestMappingHandlerMapping - Mapped "{[/eduservice/edu-teacher/moreCondtionPageList/{page}/{limit}],methods=[POST]}" onto public com.online.edu.common.R com.online.edu.eduservice.controller.EduTeacherController.getmoreConditionPageList(java.lang.Long,java.lang.Long,com.online.edu.eduservice.entity.QueryTeacher)
2020-03-04 09:30:37.170 [restartedMain] INFO  o.s.w.s.m.m.a.RequestMappingHandlerMapping - Mapped "{[/eduservice/edu-teacher/addTeacher],methods=[POST]}" onto public com.online.edu.common.R com.online.edu.eduservice.controller.EduTeacherController.addTeacher(com.online.edu.eduservice.entity.EduTeacher)
2020-03-04 09:30:37.171 [restartedMain] INFO  o.s.w.s.m.m.a.RequestMappingHandlerMapping - Mapped "{[/eduservice/edu-teacher/getTeacherInfo/{id}],methods=[GET]}" onto public com.online.edu.common.R com.online.edu.eduservice.controller.EduTeacherController.getTeacherInfo(java.lang.String)
2020-03-04 09:30:37.173 [restartedMain] INFO  o.s.w.s.m.m.a.RequestMappingHandlerMapping - Mapped "{[/eduservice/edu-teacher/updateTeacher],methods=[POST]}" onto public com.online.edu.common.R com.online.edu.eduservice.controller.EduTeacherController.updateTeacher(com.online.edu.eduservice.entity.EduTeacher)
2020-03-04 09:30:37.176 [restartedMain] INFO  o.s.w.s.m.m.a.RequestMappingHandlerMapping - Mapped "{[/eduservice/edu-video/{videoId}],methods=[GET]}" onto public com.online.edu.common.R com.online.edu.eduservice.controller.EduVideoController.getVideoId(java.lang.Long)
2020-03-04 09:30:37.177 [restartedMain] INFO  o.s.w.s.m.m.a.RequestMappingHandlerMapping - Mapped "{[/eduservice/edu-video/addVideo],methods=[POST]}" onto public com.online.edu.common.R com.online.edu.eduservice.controller.EduVideoController.addVideo(com.online.edu.eduservice.entity.EduVideo)
2020-03-04 09:30:37.177 [restartedMain] INFO  o.s.w.s.m.m.a.RequestMappingHandlerMapping - Mapped "{[/eduservice/edu-video/updateVideo],methods=[POST]}" onto public com.online.edu.common.R com.online.edu.eduservice.controller.EduVideoController.updateVideo(com.online.edu.eduservice.entity.EduVideo)
2020-03-04 09:30:37.178 [restartedMain] INFO  o.s.w.s.m.m.a.RequestMappingHandlerMapping - Mapped "{[/eduservice/edu-video/deleteVideoId/{videoId}],methods=[DELETE]}" onto public com.online.edu.common.R com.online.edu.eduservice.controller.EduVideoController.deleteVideo(java.lang.Long)
2020-03-04 09:30:37.180 [restartedMain] INFO  o.s.w.s.m.m.a.RequestMappingHandlerMapping - Mapped "{[/eduservice/oss/upload],methods=[POST]}" onto public com.online.edu.common.R com.online.edu.eduservice.controller.FileUploadController.uploadTeacherImg(org.springframework.web.multipart.MultipartFile,java.lang.String) throws java.lang.Exception
2020-03-04 09:30:37.186 [restartedMain] INFO  o.s.w.s.m.m.a.RequestMappingHandlerMapping - Mapped "{[/swagger-resources/configuration/security]}" onto public org.springframework.http.ResponseEntity<springfox.documentation.swagger.web.SecurityConfiguration> springfox.documentation.swagger.web.ApiResourceController.securityConfiguration()
2020-03-04 09:30:37.191 [restartedMain] INFO  o.s.w.s.m.m.a.RequestMappingHandlerMapping - Mapped "{[/swagger-resources/configuration/ui]}" onto public org.springframework.http.ResponseEntity<springfox.documentation.swagger.web.UiConfiguration> springfox.documentation.swagger.web.ApiResourceController.uiConfiguration()
2020-03-04 09:30:37.195 [restartedMain] INFO  o.s.w.s.m.m.a.RequestMappingHandlerMapping - Mapped "{[/swagger-resources]}" onto public org.springframework.http.ResponseEntity<java.util.List<springfox.documentation.swagger.web.SwaggerResource>> springfox.documentation.swagger.web.ApiResourceController.swaggerResources()
2020-03-04 09:30:37.203 [restartedMain] INFO  o.s.w.s.m.m.a.RequestMappingHandlerMapping - Mapped "{[/error]}" onto public org.springframework.http.ResponseEntity<java.util.Map<java.lang.String, java.lang.Object>> org.springframework.boot.autoconfigure.web.servlet.error.BasicErrorController.error(javax.servlet.http.HttpServletRequest)
2020-03-04 09:30:37.207 [restartedMain] INFO  o.s.w.s.m.m.a.RequestMappingHandlerMapping - Mapped "{[/error],produces=[text/html]}" onto public org.springframework.web.servlet.ModelAndView org.springframework.boot.autoconfigure.web.servlet.error.BasicErrorController.errorHtml(javax.servlet.http.HttpServletRequest,javax.servlet.http.HttpServletResponse)
2020-03-04 09:30:37.806 [restartedMain] INFO  s.d.s.w.PropertySourcedRequestMappingHandlerMapping - Mapped URL path [/v2/api-docs] onto method [public org.springframework.http.ResponseEntity<springfox.documentation.spring.web.json.Json> springfox.documentation.swagger2.web.Swagger2Controller.getDocumentation(java.lang.String,javax.servlet.http.HttpServletRequest)]
2020-03-04 09:30:37.866 [restartedMain] INFO  com.netflix.config.sources.URLConfigurationSource - To enable URLs as dynamic configuration sources, define System property archaius.configurationSource.additionalUrls or make config.properties available on classpath.
2020-03-04 09:30:37.887 [restartedMain] INFO  com.netflix.config.sources.URLConfigurationSource - To enable URLs as dynamic configuration sources, define System property archaius.configurationSource.additionalUrls or make config.properties available on classpath.
2020-03-04 09:30:38.358 [restartedMain] INFO  o.s.web.servlet.handler.SimpleUrlHandlerMapping - Mapped URL path [/**/favicon.ico] onto handler of type [class org.springframework.web.servlet.resource.ResourceHttpRequestHandler]
2020-03-04 09:30:38.812 [restartedMain] INFO  o.s.w.s.m.m.a.RequestMappingHandlerAdapter - Looking for @ControllerAdvice: org.springframework.boot.web.servlet.context.AnnotationConfigServletWebServerApplicationContext@3c662ae6: startup date [Wed Mar 04 09:30:31 CST 2020]; parent: org.springframework.context.annotation.AnnotationConfigApplicationContext@5d21f4e5
2020-03-04 09:30:38.945 [restartedMain] INFO  o.s.web.servlet.handler.SimpleUrlHandlerMapping - Mapped URL path [/webjars/**] onto handler of type [class org.springframework.web.servlet.resource.ResourceHttpRequestHandler]
2020-03-04 09:30:38.946 [restartedMain] INFO  o.s.web.servlet.handler.SimpleUrlHandlerMapping - Mapped URL path [/**] onto handler of type [class org.springframework.web.servlet.resource.ResourceHttpRequestHandler]
2020-03-04 09:30:38.985 [restartedMain] INFO  o.s.w.s.m.m.a.ExceptionHandlerExceptionResolver - Detected @ExceptionHandler methods in globalException
2020-03-04 09:30:39.545 [restartedMain] INFO  o.s.b.d.autoconfigure.OptionalLiveReloadServer - LiveReload server is running on port 35729
2020-03-04 09:30:39.989 [restartedMain] INFO  o.s.jmx.export.annotation.AnnotationMBeanExporter - Registering beans for JMX exposure on startup
2020-03-04 09:30:39.992 [restartedMain] INFO  o.s.jmx.export.annotation.AnnotationMBeanExporter - Bean with name 'dataSource' has been autodetected for JMX exposure
2020-03-04 09:30:40.002 [restartedMain] INFO  o.s.jmx.export.annotation.AnnotationMBeanExporter - Bean with name 'refreshScope' has been autodetected for JMX exposure
2020-03-04 09:30:40.004 [restartedMain] INFO  o.s.jmx.export.annotation.AnnotationMBeanExporter - Bean with name 'configurationPropertiesRebinder' has been autodetected for JMX exposure
2020-03-04 09:30:40.005 [restartedMain] INFO  o.s.jmx.export.annotation.AnnotationMBeanExporter - Bean with name 'environmentManager' has been autodetected for JMX exposure
2020-03-04 09:30:40.011 [restartedMain] INFO  o.s.jmx.export.annotation.AnnotationMBeanExporter - Located managed bean 'environmentManager': registering with JMX server as MBean [org.springframework.cloud.context.environment:name=environmentManager,type=EnvironmentManager]
2020-03-04 09:30:40.031 [restartedMain] INFO  o.s.jmx.export.annotation.AnnotationMBeanExporter - Located managed bean 'refreshScope': registering with JMX server as MBean [org.springframework.cloud.context.scope.refresh:name=refreshScope,type=RefreshScope]
2020-03-04 09:30:40.045 [restartedMain] INFO  o.s.jmx.export.annotation.AnnotationMBeanExporter - Located managed bean 'configurationPropertiesRebinder': registering with JMX server as MBean [org.springframework.cloud.context.properties:name=configurationPropertiesRebinder,context=3c662ae6,type=ConfigurationPropertiesRebinder]
2020-03-04 09:30:40.056 [restartedMain] INFO  o.s.jmx.export.annotation.AnnotationMBeanExporter - Located MBean 'dataSource': registering with JMX server as MBean [com.zaxxer.hikari:name=dataSource,type=HikariDataSource]
2020-03-04 09:30:40.067 [restartedMain] INFO  o.s.context.support.DefaultLifecycleProcessor - Starting beans in phase 0
2020-03-04 09:30:40.097 [restartedMain] INFO  o.s.cloud.netflix.eureka.InstanceInfoFactory - Setting initial instance status as: STARTING
2020-03-04 09:30:40.235 [restartedMain] INFO  com.netflix.discovery.DiscoveryClient - Initializing Eureka in region us-east-1
2020-03-04 09:30:40.588 [restartedMain] INFO  c.n.discovery.provider.DiscoveryJerseyProvider - Using JSON encoding codec LegacyJacksonJson
2020-03-04 09:30:40.589 [restartedMain] INFO  c.n.discovery.provider.DiscoveryJerseyProvider - Using JSON decoding codec LegacyJacksonJson
2020-03-04 09:30:40.869 [restartedMain] INFO  c.n.discovery.provider.DiscoveryJerseyProvider - Using XML encoding codec XStreamXml
2020-03-04 09:30:40.871 [restartedMain] INFO  c.n.discovery.provider.DiscoveryJerseyProvider - Using XML decoding codec XStreamXml
2020-03-04 09:30:41.246 [restartedMain] INFO  c.n.d.shared.resolver.aws.ConfigClusterResolver - Resolving eureka endpoints via configuration
2020-03-04 09:30:41.282 [restartedMain] INFO  com.netflix.discovery.DiscoveryClient - Disable delta property : false
2020-03-04 09:30:41.283 [restartedMain] INFO  com.netflix.discovery.DiscoveryClient - Single vip registry refresh property : null
2020-03-04 09:30:41.283 [restartedMain] INFO  com.netflix.discovery.DiscoveryClient - Force full registry fetch : false
2020-03-04 09:30:41.284 [restartedMain] INFO  com.netflix.discovery.DiscoveryClient - Application is null : false
2020-03-04 09:30:41.284 [restartedMain] INFO  com.netflix.discovery.DiscoveryClient - Registered Applications size is zero : true
2020-03-04 09:30:41.285 [restartedMain] INFO  com.netflix.discovery.DiscoveryClient - Application version is -1: true
2020-03-04 09:30:41.285 [restartedMain] INFO  com.netflix.discovery.DiscoveryClient - Getting all instance registry info from the eureka server
2020-03-04 09:30:41.718 [restartedMain] INFO  com.netflix.discovery.DiscoveryClient - The response status is 200
2020-03-04 09:30:41.724 [restartedMain] INFO  com.netflix.discovery.DiscoveryClient - Starting heartbeat executor: renew interval is: 30
2020-03-04 09:30:41.729 [restartedMain] INFO  com.netflix.discovery.InstanceInfoReplicator - InstanceInfoReplicator onDemand update allowed rate per min is 4
2020-03-04 09:30:41.734 [restartedMain] INFO  com.netflix.discovery.DiscoveryClient - Discovery Client initialized at timestamp 1583285441732 with initial instances count: 0
2020-03-04 09:30:41.741 [restartedMain] INFO  o.s.c.n.e.serviceregistry.EurekaServiceRegistry - Registering application EDUSERVICE with eureka with status UP
2020-03-04 09:30:41.742 [restartedMain] INFO  com.netflix.discovery.DiscoveryClient - Saw local status change event StatusChangeEvent [timestamp=1583285441742, current=UP, previous=STARTING]
2020-03-04 09:30:41.744 [DiscoveryClient-InstanceInfoReplicator-0] INFO  com.netflix.discovery.DiscoveryClient - DiscoveryClient_EDUSERVICE/192.168.0.206:eduservice:8001: registering service...
2020-03-04 09:30:41.753 [restartedMain] INFO  o.s.context.support.DefaultLifecycleProcessor - Starting beans in phase 2147483647
2020-03-04 09:30:41.754 [restartedMain] INFO  s.d.s.web.plugins.DocumentationPluginsBootstrapper - Context refreshed
2020-03-04 09:30:41.801 [restartedMain] INFO  s.d.s.web.plugins.DocumentationPluginsBootstrapper - Found 1 custom documentation plugin(s)
2020-03-04 09:30:41.917 [DiscoveryClient-InstanceInfoReplicator-0] INFO  com.netflix.discovery.DiscoveryClient - DiscoveryClient_EDUSERVICE/192.168.0.206:eduservice:8001 - registration status: 204
2020-03-04 09:30:41.939 [restartedMain] INFO  s.d.spring.web.scanners.ApiListingReferenceScanner - Scanning for api listing references
2020-03-04 09:30:42.546 [restartedMain] INFO  org.apache.coyote.http11.Http11NioProtocol - Starting ProtocolHandler ["http-nio-8001"]
2020-03-04 09:30:42.596 [restartedMain] INFO  org.apache.tomcat.util.net.NioSelectorPool - Using a shared selector for servlet write/read
2020-03-04 09:30:42.619 [restartedMain] INFO  o.s.boot.web.embedded.tomcat.TomcatWebServer - Tomcat started on port(s): 8001 (http) with context path ''
2020-03-04 09:30:42.621 [restartedMain] INFO  o.s.c.n.e.s.EurekaAutoServiceRegistration - Updating port to 8001
2020-03-04 09:30:42.627 [restartedMain] INFO  com.online.edu.eduservice.EduApplication - Started EduApplication in 13.01 seconds (JVM running for 14.684)
2020-03-04 09:31:11.719 [DiscoveryClient-CacheRefreshExecutor-0] INFO  com.netflix.discovery.DiscoveryClient - Disable delta property : false
2020-03-04 09:31:11.720 [DiscoveryClient-CacheRefreshExecutor-0] INFO  com.netflix.discovery.DiscoveryClient - Single vip registry refresh property : null
2020-03-04 09:31:11.720 [DiscoveryClient-CacheRefreshExecutor-0] INFO  com.netflix.discovery.DiscoveryClient - Force full registry fetch : false
2020-03-04 09:31:11.721 [DiscoveryClient-CacheRefreshExecutor-0] INFO  com.netflix.discovery.DiscoveryClient - Application is null : false
2020-03-04 09:31:11.721 [DiscoveryClient-CacheRefreshExecutor-0] INFO  com.netflix.discovery.DiscoveryClient - Registered Applications size is zero : true
2020-03-04 09:31:11.721 [DiscoveryClient-CacheRefreshExecutor-0] INFO  com.netflix.discovery.DiscoveryClient - Application version is -1: false
2020-03-04 09:31:11.721 [DiscoveryClient-CacheRefreshExecutor-0] INFO  com.netflix.discovery.DiscoveryClient - Getting all instance registry info from the eureka server
2020-03-04 09:31:11.815 [DiscoveryClient-CacheRefreshExecutor-0] INFO  com.netflix.discovery.DiscoveryClient - The response status is 200
2020-03-04 09:33:29.367 [http-nio-8001-exec-1] INFO  o.a.c.core.ContainerBase.[Tomcat].[localhost].[/] - Initializing Spring FrameworkServlet 'dispatcherServlet'
2020-03-04 09:33:29.370 [http-nio-8001-exec-1] INFO  org.springframework.web.servlet.DispatcherServlet - FrameworkServlet 'dispatcherServlet': initialization started
2020-03-04 09:33:29.434 [http-nio-8001-exec-1] INFO  org.springframework.web.servlet.DispatcherServlet - FrameworkServlet 'dispatcherServlet': initialization completed in 63 ms
2020-03-04 09:35:41.271 [AsyncResolver-bootstrap-executor-0] INFO  c.n.d.shared.resolver.aws.ConfigClusterResolver - Resolving eureka endpoints via configuration
2020-03-04 09:40:41.301 [AsyncResolver-bootstrap-executor-0] INFO  c.n.d.shared.resolver.aws.ConfigClusterResolver - Resolving eureka endpoints via configuration
2020-03-04 09:45:41.298 [AsyncResolver-bootstrap-executor-0] INFO  c.n.d.shared.resolver.aws.ConfigClusterResolver - Resolving eureka endpoints via configuration
2020-03-04 09:50:41.295 [AsyncResolver-bootstrap-executor-0] INFO  c.n.d.shared.resolver.aws.ConfigClusterResolver - Resolving eureka endpoints via configuration
2020-03-04 09:55:41.289 [AsyncResolver-bootstrap-executor-0] INFO  c.n.d.shared.resolver.aws.ConfigClusterResolver - Resolving eureka endpoints via configuration
2020-03-04 10:00:41.349 [AsyncResolver-bootstrap-executor-0] INFO  c.n.d.shared.resolver.aws.ConfigClusterResolver - Resolving eureka endpoints via configuration
2020-03-04 10:05:41.342 [AsyncResolver-bootstrap-executor-0] INFO  c.n.d.shared.resolver.aws.ConfigClusterResolver - Resolving eureka endpoints via configuration
2020-03-04 10:10:41.333 [AsyncResolver-bootstrap-executor-0] INFO  c.n.d.shared.resolver.aws.ConfigClusterResolver - Resolving eureka endpoints via configuration
2020-03-04 10:15:41.328 [AsyncResolver-bootstrap-executor-0] INFO  c.n.d.shared.resolver.aws.ConfigClusterResolver - Resolving eureka endpoints via configuration
2020-03-04 10:20:41.371 [AsyncResolver-bootstrap-executor-0] INFO  c.n.d.shared.resolver.aws.ConfigClusterResolver - Resolving eureka endpoints via configuration
2020-03-04 10:25:41.364 [AsyncResolver-bootstrap-executor-0] INFO  c.n.d.shared.resolver.aws.ConfigClusterResolver - Resolving eureka endpoints via configuration
2020-03-04 10:27:58.803 [Thread-38] INFO  o.s.b.w.s.c.AnnotationConfigServletWebServerApplicationContext - Closing org.springframework.boot.web.servlet.context.AnnotationConfigServletWebServerApplicationContext@3c662ae6: startup date [Wed Mar 04 09:30:31 CST 2020]; parent: org.springframework.context.annotation.AnnotationConfigApplicationContext@5d21f4e5
2020-03-04 10:27:58.813 [Thread-38] INFO  o.s.c.n.e.serviceregistry.EurekaServiceRegistry - Unregistering application EDUSERVICE with eureka with status DOWN
2020-03-04 10:27:58.818 [DiscoveryClient-InstanceInfoReplicator-0] INFO  com.netflix.discovery.DiscoveryClient - DiscoveryClient_EDUSERVICE/192.168.0.206:eduservice:8001: registering service...
2020-03-04 10:27:58.849 [Thread-38] INFO  o.s.context.support.DefaultLifecycleProcessor - Stopping beans in phase 2147483647
2020-03-04 10:27:58.852 [Thread-38] INFO  o.s.context.support.DefaultLifecycleProcessor - Stopping beans in phase 0
2020-03-04 10:27:58.861 [Thread-38] INFO  o.s.jmx.export.annotation.AnnotationMBeanExporter - Unregistering JMX-exposed beans on shutdown
2020-03-04 10:27:58.863 [Thread-38] INFO  o.s.jmx.export.annotation.AnnotationMBeanExporter - Unregistering JMX-exposed beans
2020-03-04 10:27:58.871 [Thread-38] INFO  o.s.c.a.AnnotationConfigApplicationContext - Closing FeignContext-eduvidservice: startup date [Wed Mar 04 09:30:36 CST 2020]; parent: org.springframework.boot.web.servlet.context.AnnotationConfigServletWebServerApplicationContext@3c662ae6
2020-03-04 10:27:58.877 [Thread-38] INFO  com.netflix.discovery.DiscoveryClient - Shutting down DiscoveryClient ...
2020-03-04 10:27:58.886 [Thread-38] INFO  com.zaxxer.hikari.HikariDataSource - GuliHikariPool - Shutdown initiated...
2020-03-04 10:27:58.894 [Thread-38] INFO  com.zaxxer.hikari.HikariDataSource - GuliHikariPool - Shutdown completed.
