2020-02-18 09:08:38.962 [Thread-27] INFO  o.s.b.w.s.c.AnnotationConfigServletWebServerApplicationContext - Closing org.springframework.boot.web.servlet.context.AnnotationConfigServletWebServerApplicationContext@4ef3c9ab: startup date [Mon Feb 17 20:47:38 CST 2020]; root of context hierarchy
2020-02-18 09:08:39.079 [Thread-27] INFO  o.s.context.support.DefaultLifecycleProcessor - Stopping beans in phase 2147483647
2020-02-18 09:08:39.169 [Thread-27] INFO  o.s.jmx.export.annotation.AnnotationMBeanExporter - Unregistering JMX-exposed beans on shutdown
2020-02-18 09:08:39.172 [Thread-27] INFO  o.s.jmx.export.annotation.AnnotationMBeanExporter - Unregistering JMX-exposed beans
2020-02-18 09:08:39.207 [Thread-27] INFO  com.zaxxer.hikari.HikariDataSource - GuliHikariPool - Shutdown initiated...
2020-02-18 09:08:39.235 [Thread-27] INFO  com.zaxxer.hikari.HikariDataSource - GuliHikariPool - Shutdown completed.
2020-02-18 09:26:59.340 [restartedMain] INFO  com.online.edu.eduservice.EduApplication - Starting EduApplication on CN0214005103M.local with PID 15793 (/Users/jiaxiangyu/Downloads/xueyuan_edu/xueyuan_eduservice/target/classes started by jiaxiangyu in /Users/jiaxiangyu/Downloads/xueyuan_edu)
2020-02-18 09:26:59.344 [restartedMain] INFO  com.online.edu.eduservice.EduApplication - The following profiles are active: dev
2020-02-18 09:26:59.509 [restartedMain] INFO  o.s.b.w.s.c.AnnotationConfigServletWebServerApplicationContext - Refreshing org.springframework.boot.web.servlet.context.AnnotationConfigServletWebServerApplicationContext@15ffabb4: startup date [Tue Feb 18 09:26:59 CST 2020]; root of context hierarchy
2020-02-18 09:27:02.706 [restartedMain] INFO  o.s.c.s.PostProcessorRegistrationDelegate$BeanPostProcessorChecker - Bean 'org.springframework.transaction.annotation.ProxyTransactionManagementConfiguration' of type [org.springframework.transaction.annotation.ProxyTransactionManagementConfiguration$$EnhancerBySpringCGLIB$$904a788e] is not eligible for getting processed by all BeanPostProcessors (for example: not eligible for auto-proxying)
2020-02-18 09:27:03.706 [restartedMain] INFO  o.s.boot.web.embedded.tomcat.TomcatWebServer - Tomcat initialized with port(s): 8001 (http)
2020-02-18 09:27:03.747 [restartedMain] INFO  org.apache.coyote.http11.Http11NioProtocol - Initializing ProtocolHandler ["http-nio-8001"]
2020-02-18 09:27:03.842 [restartedMain] INFO  org.apache.catalina.core.StandardService - Starting service [Tomcat]
2020-02-18 09:27:03.843 [restartedMain] INFO  org.apache.catalina.core.StandardEngine - Starting Servlet Engine: Apache Tomcat/8.5.35
2020-02-18 09:27:03.855 [localhost-startStop-1] INFO  org.apache.catalina.core.AprLifecycleListener - The APR based Apache Tomcat Native library which allows optimal performance in production environments was not found on the java.library.path: [/Users/jiaxiangyu/Library/Java/Extensions:/Library/Java/Extensions:/Network/Library/Java/Extensions:/System/Library/Java/Extensions:/usr/lib/java:.]
2020-02-18 09:27:04.068 [localhost-startStop-1] INFO  o.a.c.core.ContainerBase.[Tomcat].[localhost].[/] - Initializing Spring embedded WebApplicationContext
2020-02-18 09:27:04.068 [localhost-startStop-1] INFO  org.springframework.web.context.ContextLoader - Root WebApplicationContext: initialization completed in 4560 ms
2020-02-18 09:27:04.186 [localhost-startStop-1] INFO  o.s.boot.web.servlet.ServletRegistrationBean - Servlet dispatcherServlet mapped to [/]
2020-02-18 09:27:04.195 [localhost-startStop-1] INFO  o.s.boot.web.servlet.FilterRegistrationBean - Mapping filter: 'characterEncodingFilter' to: [/*]
2020-02-18 09:27:04.200 [localhost-startStop-1] INFO  o.s.boot.web.servlet.FilterRegistrationBean - Mapping filter: 'hiddenHttpMethodFilter' to: [/*]
2020-02-18 09:27:04.201 [localhost-startStop-1] INFO  o.s.boot.web.servlet.FilterRegistrationBean - Mapping filter: 'httpPutFormContentFilter' to: [/*]
2020-02-18 09:27:04.202 [localhost-startStop-1] INFO  o.s.boot.web.servlet.FilterRegistrationBean - Mapping filter: 'requestContextFilter' to: [/*]
2020-02-18 09:27:04.554 [restartedMain] INFO  com.zaxxer.hikari.HikariDataSource - GuliHikariPool - Starting...
2020-02-18 09:27:04.969 [restartedMain] INFO  com.zaxxer.hikari.HikariDataSource - GuliHikariPool - Start completed.
2020-02-18 09:27:05.903 [restartedMain] INFO  o.s.w.s.m.m.a.RequestMappingHandlerMapping - Mapped "{[/eduservice/chapter/getChapterVideoList/{id}],methods=[GET]}" onto public com.online.edu.common.R com.online.edu.eduservice.controller.EduChapterController.getChapterVideoList(java.lang.String)
2020-02-18 09:27:05.906 [restartedMain] INFO  o.s.w.s.m.m.a.RequestMappingHandlerMapping - Mapped "{[/eduservice/chapter/add],methods=[POST]}" onto public com.online.edu.common.R com.online.edu.eduservice.controller.EduChapterController.addChapter(com.online.edu.eduservice.entity.EduChapter)
2020-02-18 09:27:05.908 [restartedMain] INFO  o.s.w.s.m.m.a.RequestMappingHandlerMapping - Mapped "{[/eduservice/chapter/getChapterInfo/{chapterId],methods=[GET]}" onto public com.online.edu.common.R com.online.edu.eduservice.controller.EduChapterController.getChapterInfo(java.lang.Long)
2020-02-18 09:27:05.909 [restartedMain] INFO  o.s.w.s.m.m.a.RequestMappingHandlerMapping - Mapped "{[/eduservice/chapter/updateChapter],methods=[POST]}" onto public com.online.edu.common.R com.online.edu.eduservice.controller.EduChapterController.updateChapter(com.online.edu.eduservice.entity.EduChapter)
2020-02-18 09:27:05.910 [restartedMain] INFO  o.s.w.s.m.m.a.RequestMappingHandlerMapping - Mapped "{[/eduservice/chapter/{chapterId}],methods=[DELETE]}" onto public com.online.edu.common.R com.online.edu.eduservice.controller.EduChapterController.deleteChapter(java.lang.Long)
2020-02-18 09:27:05.915 [restartedMain] INFO  o.s.w.s.m.m.a.RequestMappingHandlerMapping - Mapped "{[/eduservice/course/getCourseInfo/{id}],methods=[GET]}" onto public com.online.edu.common.R com.online.edu.eduservice.controller.EduCourseController.getCourseInfo(java.lang.Long)
2020-02-18 09:27:05.916 [restartedMain] INFO  o.s.w.s.m.m.a.RequestMappingHandlerMapping - Mapped "{[/eduservice/course/addCourseInfo],methods=[POST]}" onto public com.online.edu.common.R com.online.edu.eduservice.controller.EduCourseController.addCourseInfo(com.online.edu.eduservice.entity.CourseInfoForm)
2020-02-18 09:27:05.917 [restartedMain] INFO  o.s.w.s.m.m.a.RequestMappingHandlerMapping - Mapped "{[/eduservice/course/updateCourseInfo/{id}],methods=[POST]}" onto public com.online.edu.common.R com.online.edu.eduservice.controller.EduCourseController.updateCourseInfo(java.lang.Long,com.online.edu.eduservice.entity.CourseInfoForm)
2020-02-18 09:27:05.918 [restartedMain] INFO  o.s.w.s.m.m.a.RequestMappingHandlerMapping - Mapped "{[/eduservice/course/listCourse/{page}/{limit}],methods=[GET]}" onto public com.online.edu.common.R com.online.edu.eduservice.controller.EduCourseController.listCourse(java.lang.Long,java.lang.Long,com.online.edu.eduservice.entity.CourseQuery)
2020-02-18 09:27:05.919 [restartedMain] INFO  o.s.w.s.m.m.a.RequestMappingHandlerMapping - Mapped "{[/eduservice/course/deleteCourseId/{id}],methods=[DELETE]}" onto public com.online.edu.common.R com.online.edu.eduservice.controller.EduCourseController.deleteCourseId(java.lang.Long)
2020-02-18 09:27:05.923 [restartedMain] INFO  o.s.w.s.m.m.a.RequestMappingHandlerMapping - Mapped "{[/eduservice/edu-subject/import],methods=[POST]}" onto public com.online.edu.common.R com.online.edu.eduservice.controller.EduSubjectController.importExcelSubject(org.springframework.web.multipart.MultipartFile)
2020-02-18 09:27:05.924 [restartedMain] INFO  o.s.w.s.m.m.a.RequestMappingHandlerMapping - Mapped "{[/eduservice/edu-subject/list],methods=[GET]}" onto public com.online.edu.common.R com.online.edu.eduservice.controller.EduSubjectController.nestedList()
2020-02-18 09:27:05.925 [restartedMain] INFO  o.s.w.s.m.m.a.RequestMappingHandlerMapping - Mapped "{[/eduservice/edu-subject/{id}],methods=[DELETE]}" onto public com.online.edu.common.R com.online.edu.eduservice.controller.EduSubjectController.deleteSubjectId(java.lang.Long)
2020-02-18 09:27:05.926 [restartedMain] INFO  o.s.w.s.m.m.a.RequestMappingHandlerMapping - Mapped "{[/eduservice/edu-subject/addOneLevel],methods=[POST]}" onto public com.online.edu.common.R com.online.edu.eduservice.controller.EduSubjectController.addOneLevel(com.online.edu.eduservice.entity.EduSubject)
2020-02-18 09:27:05.927 [restartedMain] INFO  o.s.w.s.m.m.a.RequestMappingHandlerMapping - Mapped "{[/eduservice/edu-subject/addTwoLevel],methods=[POST]}" onto public com.online.edu.common.R com.online.edu.eduservice.controller.EduSubjectController.addTwoLevel(com.online.edu.eduservice.entity.EduSubject)
2020-02-18 09:27:05.934 [restartedMain] INFO  o.s.w.s.m.m.a.RequestMappingHandlerMapping - Mapped "{[/eduservice/edu-teacher/info],methods=[GET]}" onto public com.online.edu.common.R com.online.edu.eduservice.controller.EduTeacherController.info()
2020-02-18 09:27:05.936 [restartedMain] INFO  o.s.w.s.m.m.a.RequestMappingHandlerMapping - Mapped "{[/eduservice/edu-teacher/list],methods=[GET]}" onto public com.online.edu.common.R com.online.edu.eduservice.controller.EduTeacherController.getAllTeacherList()
2020-02-18 09:27:05.937 [restartedMain] INFO  o.s.w.s.m.m.a.RequestMappingHandlerMapping - Mapped "{[/eduservice/edu-teacher/login],methods=[POST]}" onto public com.online.edu.common.R com.online.edu.eduservice.controller.EduTeacherController.login()
2020-02-18 09:27:05.938 [restartedMain] INFO  o.s.w.s.m.m.a.RequestMappingHandlerMapping - Mapped "{[/eduservice/edu-teacher/{id}],methods=[DELETE]}" onto public boolean com.online.edu.eduservice.controller.EduTeacherController.deleteTeacher(java.lang.String)
2020-02-18 09:27:05.939 [restartedMain] INFO  o.s.w.s.m.m.a.RequestMappingHandlerMapping - Mapped "{[/eduservice/edu-teacher/pageList/{page}/{limit}],methods=[GET]}" onto public com.online.edu.common.R com.online.edu.eduservice.controller.EduTeacherController.getPageTeacherList(java.lang.Long,java.lang.Long)
2020-02-18 09:27:05.940 [restartedMain] INFO  o.s.w.s.m.m.a.RequestMappingHandlerMapping - Mapped "{[/eduservice/edu-teacher/moreCondtionPageList/{page}/{limit}],methods=[POST]}" onto public com.online.edu.common.R com.online.edu.eduservice.controller.EduTeacherController.getmoreConditionPageList(java.lang.Long,java.lang.Long,com.online.edu.eduservice.entity.QueryTeacher)
2020-02-18 09:27:05.940 [restartedMain] INFO  o.s.w.s.m.m.a.RequestMappingHandlerMapping - Mapped "{[/eduservice/edu-teacher/addTeacher],methods=[POST]}" onto public com.online.edu.common.R com.online.edu.eduservice.controller.EduTeacherController.addTeacher(com.online.edu.eduservice.entity.EduTeacher)
2020-02-18 09:27:05.941 [restartedMain] INFO  o.s.w.s.m.m.a.RequestMappingHandlerMapping - Mapped "{[/eduservice/edu-teacher/getTeacherInfo/{id}],methods=[GET]}" onto public com.online.edu.common.R com.online.edu.eduservice.controller.EduTeacherController.getTeacherInfo(java.lang.String)
2020-02-18 09:27:05.942 [restartedMain] INFO  o.s.w.s.m.m.a.RequestMappingHandlerMapping - Mapped "{[/eduservice/edu-teacher/updateTeacher],methods=[POST]}" onto public com.online.edu.common.R com.online.edu.eduservice.controller.EduTeacherController.updateTeacher(com.online.edu.eduservice.entity.EduTeacher)
2020-02-18 09:27:05.943 [restartedMain] INFO  o.s.w.s.m.m.a.RequestMappingHandlerMapping - Mapped "{[/eduservice/oss/upload],methods=[POST]}" onto public com.online.edu.common.R com.online.edu.eduservice.controller.FileUploadController.uploadTeacherImg(org.springframework.web.multipart.MultipartFile,java.lang.String) throws java.lang.Exception
2020-02-18 09:27:05.950 [restartedMain] INFO  o.s.w.s.m.m.a.RequestMappingHandlerMapping - Mapped "{[/swagger-resources/configuration/ui]}" onto public org.springframework.http.ResponseEntity<springfox.documentation.swagger.web.UiConfiguration> springfox.documentation.swagger.web.ApiResourceController.uiConfiguration()
2020-02-18 09:27:05.951 [restartedMain] INFO  o.s.w.s.m.m.a.RequestMappingHandlerMapping - Mapped "{[/swagger-resources/configuration/security]}" onto public org.springframework.http.ResponseEntity<springfox.documentation.swagger.web.SecurityConfiguration> springfox.documentation.swagger.web.ApiResourceController.securityConfiguration()
2020-02-18 09:27:05.953 [restartedMain] INFO  o.s.w.s.m.m.a.RequestMappingHandlerMapping - Mapped "{[/swagger-resources]}" onto public org.springframework.http.ResponseEntity<java.util.List<springfox.documentation.swagger.web.SwaggerResource>> springfox.documentation.swagger.web.ApiResourceController.swaggerResources()
2020-02-18 09:27:05.959 [restartedMain] INFO  o.s.w.s.m.m.a.RequestMappingHandlerMapping - Mapped "{[/error]}" onto public org.springframework.http.ResponseEntity<java.util.Map<java.lang.String, java.lang.Object>> org.springframework.boot.autoconfigure.web.servlet.error.BasicErrorController.error(javax.servlet.http.HttpServletRequest)
2020-02-18 09:27:05.960 [restartedMain] INFO  o.s.w.s.m.m.a.RequestMappingHandlerMapping - Mapped "{[/error],produces=[text/html]}" onto public org.springframework.web.servlet.ModelAndView org.springframework.boot.autoconfigure.web.servlet.error.BasicErrorController.errorHtml(javax.servlet.http.HttpServletRequest,javax.servlet.http.HttpServletResponse)
2020-02-18 09:27:06.151 [restartedMain] INFO  s.d.s.w.PropertySourcedRequestMappingHandlerMapping - Mapped URL path [/v2/api-docs] onto method [public org.springframework.http.ResponseEntity<springfox.documentation.spring.web.json.Json> springfox.documentation.swagger2.web.Swagger2Controller.getDocumentation(java.lang.String,javax.servlet.http.HttpServletRequest)]
2020-02-18 09:27:06.222 [restartedMain] INFO  o.s.web.servlet.handler.SimpleUrlHandlerMapping - Mapped URL path [/**/favicon.ico] onto handler of type [class org.springframework.web.servlet.resource.ResourceHttpRequestHandler]
2020-02-18 09:27:06.390 [restartedMain] INFO  o.s.w.s.m.m.a.RequestMappingHandlerAdapter - Looking for @ControllerAdvice: org.springframework.boot.web.servlet.context.AnnotationConfigServletWebServerApplicationContext@15ffabb4: startup date [Tue Feb 18 09:26:59 CST 2020]; root of context hierarchy
2020-02-18 09:27:06.448 [restartedMain] INFO  o.s.web.servlet.handler.SimpleUrlHandlerMapping - Mapped URL path [/webjars/**] onto handler of type [class org.springframework.web.servlet.resource.ResourceHttpRequestHandler]
2020-02-18 09:27:06.449 [restartedMain] INFO  o.s.web.servlet.handler.SimpleUrlHandlerMapping - Mapped URL path [/**] onto handler of type [class org.springframework.web.servlet.resource.ResourceHttpRequestHandler]
2020-02-18 09:27:06.466 [restartedMain] INFO  o.s.w.s.m.m.a.ExceptionHandlerExceptionResolver - Detected @ExceptionHandler methods in globalException
2020-02-18 09:27:06.736 [restartedMain] INFO  o.s.jmx.export.annotation.AnnotationMBeanExporter - Registering beans for JMX exposure on startup
2020-02-18 09:27:06.738 [restartedMain] INFO  o.s.jmx.export.annotation.AnnotationMBeanExporter - Bean with name 'dataSource' has been autodetected for JMX exposure
2020-02-18 09:27:06.745 [restartedMain] INFO  o.s.jmx.export.annotation.AnnotationMBeanExporter - Located MBean 'dataSource': registering with JMX server as MBean [com.zaxxer.hikari:name=dataSource,type=HikariDataSource]
2020-02-18 09:27:06.750 [restartedMain] INFO  o.s.context.support.DefaultLifecycleProcessor - Starting beans in phase 2147483647
2020-02-18 09:27:06.750 [restartedMain] INFO  s.d.s.web.plugins.DocumentationPluginsBootstrapper - Context refreshed
2020-02-18 09:27:06.767 [restartedMain] INFO  s.d.s.web.plugins.DocumentationPluginsBootstrapper - Found 1 custom documentation plugin(s)
2020-02-18 09:27:06.803 [restartedMain] INFO  s.d.spring.web.scanners.ApiListingReferenceScanner - Scanning for api listing references
2020-02-18 09:27:07.151 [restartedMain] INFO  org.apache.coyote.http11.Http11NioProtocol - Starting ProtocolHandler ["http-nio-8001"]
2020-02-18 09:27:07.184 [restartedMain] INFO  org.apache.tomcat.util.net.NioSelectorPool - Using a shared selector for servlet write/read
2020-02-18 09:27:07.199 [restartedMain] INFO  o.s.boot.web.embedded.tomcat.TomcatWebServer - Tomcat started on port(s): 8001 (http) with context path ''
2020-02-18 09:27:07.206 [restartedMain] INFO  com.online.edu.eduservice.EduApplication - Started EduApplication in 8.751 seconds (JVM running for 10.88)
2020-02-18 09:27:07.899 [http-nio-8001-exec-1] INFO  o.a.c.core.ContainerBase.[Tomcat].[localhost].[/] - Initializing Spring FrameworkServlet 'dispatcherServlet'
2020-02-18 09:27:07.899 [http-nio-8001-exec-1] INFO  org.springframework.web.servlet.DispatcherServlet - FrameworkServlet 'dispatcherServlet': initialization started
2020-02-18 09:27:08.034 [http-nio-8001-exec-1] INFO  org.springframework.web.servlet.DispatcherServlet - FrameworkServlet 'dispatcherServlet': initialization completed in 134 ms
2020-02-18 10:28:22.170 [Thread-25] INFO  o.s.b.w.s.c.AnnotationConfigServletWebServerApplicationContext - Closing org.springframework.boot.web.servlet.context.AnnotationConfigServletWebServerApplicationContext@15ffabb4: startup date [Tue Feb 18 09:26:59 CST 2020]; root of context hierarchy
2020-02-18 10:28:22.195 [Thread-25] INFO  o.s.context.support.DefaultLifecycleProcessor - Stopping beans in phase 2147483647
2020-02-18 10:28:22.205 [Thread-25] INFO  o.s.jmx.export.annotation.AnnotationMBeanExporter - Unregistering JMX-exposed beans on shutdown
2020-02-18 10:28:22.207 [Thread-25] INFO  o.s.jmx.export.annotation.AnnotationMBeanExporter - Unregistering JMX-exposed beans
2020-02-18 10:28:22.211 [Thread-25] INFO  com.zaxxer.hikari.HikariDataSource - GuliHikariPool - Shutdown initiated...
2020-02-18 10:28:22.217 [Thread-25] INFO  com.zaxxer.hikari.HikariDataSource - GuliHikariPool - Shutdown completed.
2020-02-18 10:37:39.483 [restartedMain] INFO  com.online.edu.eduservice.EduApplication - Starting EduApplication on CN0214005103M.local with PID 17670 (/Users/jiaxiangyu/Downloads/xueyuan_edu/xueyuan_eduservice/target/classes started by jiaxiangyu in /Users/jiaxiangyu/Downloads/xueyuan_edu)
2020-02-18 10:37:39.486 [restartedMain] INFO  com.online.edu.eduservice.EduApplication - The following profiles are active: dev
2020-02-18 10:37:39.629 [restartedMain] INFO  o.s.b.w.s.c.AnnotationConfigServletWebServerApplicationContext - Refreshing org.springframework.boot.web.servlet.context.AnnotationConfigServletWebServerApplicationContext@8d67b1: startup date [Tue Feb 18 10:37:39 CST 2020]; root of context hierarchy
2020-02-18 10:37:42.450 [restartedMain] INFO  o.s.c.s.PostProcessorRegistrationDelegate$BeanPostProcessorChecker - Bean 'org.springframework.transaction.annotation.ProxyTransactionManagementConfiguration' of type [org.springframework.transaction.annotation.ProxyTransactionManagementConfiguration$$EnhancerBySpringCGLIB$$ebeeffdc] is not eligible for getting processed by all BeanPostProcessors (for example: not eligible for auto-proxying)
2020-02-18 10:37:43.158 [restartedMain] INFO  o.s.boot.web.embedded.tomcat.TomcatWebServer - Tomcat initialized with port(s): 8001 (http)
2020-02-18 10:37:43.183 [restartedMain] INFO  org.apache.coyote.http11.Http11NioProtocol - Initializing ProtocolHandler ["http-nio-8001"]
2020-02-18 10:37:43.206 [restartedMain] INFO  org.apache.catalina.core.StandardService - Starting service [Tomcat]
2020-02-18 10:37:43.206 [restartedMain] INFO  org.apache.catalina.core.StandardEngine - Starting Servlet Engine: Apache Tomcat/8.5.35
2020-02-18 10:37:43.233 [localhost-startStop-1] INFO  org.apache.catalina.core.AprLifecycleListener - The APR based Apache Tomcat Native library which allows optimal performance in production environments was not found on the java.library.path: [/Users/jiaxiangyu/Library/Java/Extensions:/Library/Java/Extensions:/Network/Library/Java/Extensions:/System/Library/Java/Extensions:/usr/lib/java:.]
2020-02-18 10:37:43.348 [localhost-startStop-1] INFO  o.a.c.core.ContainerBase.[Tomcat].[localhost].[/] - Initializing Spring embedded WebApplicationContext
2020-02-18 10:37:43.349 [localhost-startStop-1] INFO  org.springframework.web.context.ContextLoader - Root WebApplicationContext: initialization completed in 3720 ms
2020-02-18 10:37:43.470 [localhost-startStop-1] INFO  o.s.boot.web.servlet.ServletRegistrationBean - Servlet dispatcherServlet mapped to [/]
2020-02-18 10:37:43.478 [localhost-startStop-1] INFO  o.s.boot.web.servlet.FilterRegistrationBean - Mapping filter: 'characterEncodingFilter' to: [/*]
2020-02-18 10:37:43.479 [localhost-startStop-1] INFO  o.s.boot.web.servlet.FilterRegistrationBean - Mapping filter: 'hiddenHttpMethodFilter' to: [/*]
2020-02-18 10:37:43.480 [localhost-startStop-1] INFO  o.s.boot.web.servlet.FilterRegistrationBean - Mapping filter: 'httpPutFormContentFilter' to: [/*]
2020-02-18 10:37:43.480 [localhost-startStop-1] INFO  o.s.boot.web.servlet.FilterRegistrationBean - Mapping filter: 'requestContextFilter' to: [/*]
2020-02-18 10:37:43.781 [restartedMain] INFO  com.zaxxer.hikari.HikariDataSource - GuliHikariPool - Starting...
2020-02-18 10:37:44.208 [restartedMain] INFO  com.zaxxer.hikari.HikariDataSource - GuliHikariPool - Start completed.
2020-02-18 10:37:45.042 [restartedMain] INFO  o.s.w.s.m.m.a.RequestMappingHandlerMapping - Mapped "{[/eduservice/chapter/getChapterVideoList/{id}],methods=[GET]}" onto public com.online.edu.common.R com.online.edu.eduservice.controller.EduChapterController.getChapterVideoList(java.lang.String)
2020-02-18 10:37:45.045 [restartedMain] INFO  o.s.w.s.m.m.a.RequestMappingHandlerMapping - Mapped "{[/eduservice/chapter/add],methods=[POST]}" onto public com.online.edu.common.R com.online.edu.eduservice.controller.EduChapterController.addChapter(com.online.edu.eduservice.entity.EduChapter)
2020-02-18 10:37:45.046 [restartedMain] INFO  o.s.w.s.m.m.a.RequestMappingHandlerMapping - Mapped "{[/eduservice/chapter/getChapterInfo/{chapterId],methods=[GET]}" onto public com.online.edu.common.R com.online.edu.eduservice.controller.EduChapterController.getChapterInfo(java.lang.Long)
2020-02-18 10:37:45.047 [restartedMain] INFO  o.s.w.s.m.m.a.RequestMappingHandlerMapping - Mapped "{[/eduservice/chapter/updateChapter],methods=[POST]}" onto public com.online.edu.common.R com.online.edu.eduservice.controller.EduChapterController.updateChapter(com.online.edu.eduservice.entity.EduChapter)
2020-02-18 10:37:45.048 [restartedMain] INFO  o.s.w.s.m.m.a.RequestMappingHandlerMapping - Mapped "{[/eduservice/chapter/{chapterId}],methods=[DELETE]}" onto public com.online.edu.common.R com.online.edu.eduservice.controller.EduChapterController.deleteChapter(java.lang.Long)
2020-02-18 10:37:45.051 [restartedMain] INFO  o.s.w.s.m.m.a.RequestMappingHandlerMapping - Mapped "{[/eduservice/course/getCourseInfo/{id}],methods=[GET]}" onto public com.online.edu.common.R com.online.edu.eduservice.controller.EduCourseController.getCourseInfo(java.lang.Long)
2020-02-18 10:37:45.052 [restartedMain] INFO  o.s.w.s.m.m.a.RequestMappingHandlerMapping - Mapped "{[/eduservice/course/addCourseInfo],methods=[POST]}" onto public com.online.edu.common.R com.online.edu.eduservice.controller.EduCourseController.addCourseInfo(com.online.edu.eduservice.entity.CourseInfoForm)
2020-02-18 10:37:45.053 [restartedMain] INFO  o.s.w.s.m.m.a.RequestMappingHandlerMapping - Mapped "{[/eduservice/course/updateCourseInfo/{id}],methods=[POST]}" onto public com.online.edu.common.R com.online.edu.eduservice.controller.EduCourseController.updateCourseInfo(java.lang.Long,com.online.edu.eduservice.entity.CourseInfoForm)
2020-02-18 10:37:45.054 [restartedMain] INFO  o.s.w.s.m.m.a.RequestMappingHandlerMapping - Mapped "{[/eduservice/course/listCourse/{page}/{limit}],methods=[GET]}" onto public com.online.edu.common.R com.online.edu.eduservice.controller.EduCourseController.listCourse(java.lang.Long,java.lang.Long,com.online.edu.eduservice.entity.CourseQuery)
2020-02-18 10:37:45.055 [restartedMain] INFO  o.s.w.s.m.m.a.RequestMappingHandlerMapping - Mapped "{[/eduservice/course/deleteCourseId/{id}],methods=[DELETE]}" onto public com.online.edu.common.R com.online.edu.eduservice.controller.EduCourseController.deleteCourseId(java.lang.Long)
2020-02-18 10:37:45.057 [restartedMain] INFO  o.s.w.s.m.m.a.RequestMappingHandlerMapping - Mapped "{[/eduservice/edu-subject/import],methods=[POST]}" onto public com.online.edu.common.R com.online.edu.eduservice.controller.EduSubjectController.importExcelSubject(org.springframework.web.multipart.MultipartFile)
2020-02-18 10:37:45.058 [restartedMain] INFO  o.s.w.s.m.m.a.RequestMappingHandlerMapping - Mapped "{[/eduservice/edu-subject/list],methods=[GET]}" onto public com.online.edu.common.R com.online.edu.eduservice.controller.EduSubjectController.nestedList()
2020-02-18 10:37:45.058 [restartedMain] INFO  o.s.w.s.m.m.a.RequestMappingHandlerMapping - Mapped "{[/eduservice/edu-subject/{id}],methods=[DELETE]}" onto public com.online.edu.common.R com.online.edu.eduservice.controller.EduSubjectController.deleteSubjectId(java.lang.Long)
2020-02-18 10:37:45.059 [restartedMain] INFO  o.s.w.s.m.m.a.RequestMappingHandlerMapping - Mapped "{[/eduservice/edu-subject/addOneLevel],methods=[POST]}" onto public com.online.edu.common.R com.online.edu.eduservice.controller.EduSubjectController.addOneLevel(com.online.edu.eduservice.entity.EduSubject)
2020-02-18 10:37:45.060 [restartedMain] INFO  o.s.w.s.m.m.a.RequestMappingHandlerMapping - Mapped "{[/eduservice/edu-subject/addTwoLevel],methods=[POST]}" onto public com.online.edu.common.R com.online.edu.eduservice.controller.EduSubjectController.addTwoLevel(com.online.edu.eduservice.entity.EduSubject)
2020-02-18 10:37:45.064 [restartedMain] INFO  o.s.w.s.m.m.a.RequestMappingHandlerMapping - Mapped "{[/eduservice/edu-teacher/info],methods=[GET]}" onto public com.online.edu.common.R com.online.edu.eduservice.controller.EduTeacherController.info()
2020-02-18 10:37:45.066 [restartedMain] INFO  o.s.w.s.m.m.a.RequestMappingHandlerMapping - Mapped "{[/eduservice/edu-teacher/list],methods=[GET]}" onto public com.online.edu.common.R com.online.edu.eduservice.controller.EduTeacherController.getAllTeacherList()
2020-02-18 10:37:45.067 [restartedMain] INFO  o.s.w.s.m.m.a.RequestMappingHandlerMapping - Mapped "{[/eduservice/edu-teacher/login],methods=[POST]}" onto public com.online.edu.common.R com.online.edu.eduservice.controller.EduTeacherController.login()
2020-02-18 10:37:45.068 [restartedMain] INFO  o.s.w.s.m.m.a.RequestMappingHandlerMapping - Mapped "{[/eduservice/edu-teacher/{id}],methods=[DELETE]}" onto public boolean com.online.edu.eduservice.controller.EduTeacherController.deleteTeacher(java.lang.String)
2020-02-18 10:37:45.069 [restartedMain] INFO  o.s.w.s.m.m.a.RequestMappingHandlerMapping - Mapped "{[/eduservice/edu-teacher/pageList/{page}/{limit}],methods=[GET]}" onto public com.online.edu.common.R com.online.edu.eduservice.controller.EduTeacherController.getPageTeacherList(java.lang.Long,java.lang.Long)
2020-02-18 10:37:45.069 [restartedMain] INFO  o.s.w.s.m.m.a.RequestMappingHandlerMapping - Mapped "{[/eduservice/edu-teacher/moreCondtionPageList/{page}/{limit}],methods=[POST]}" onto public com.online.edu.common.R com.online.edu.eduservice.controller.EduTeacherController.getmoreConditionPageList(java.lang.Long,java.lang.Long,com.online.edu.eduservice.entity.QueryTeacher)
2020-02-18 10:37:45.070 [restartedMain] INFO  o.s.w.s.m.m.a.RequestMappingHandlerMapping - Mapped "{[/eduservice/edu-teacher/addTeacher],methods=[POST]}" onto public com.online.edu.common.R com.online.edu.eduservice.controller.EduTeacherController.addTeacher(com.online.edu.eduservice.entity.EduTeacher)
2020-02-18 10:37:45.071 [restartedMain] INFO  o.s.w.s.m.m.a.RequestMappingHandlerMapping - Mapped "{[/eduservice/edu-teacher/getTeacherInfo/{id}],methods=[GET]}" onto public com.online.edu.common.R com.online.edu.eduservice.controller.EduTeacherController.getTeacherInfo(java.lang.String)
2020-02-18 10:37:45.072 [restartedMain] INFO  o.s.w.s.m.m.a.RequestMappingHandlerMapping - Mapped "{[/eduservice/edu-teacher/updateTeacher],methods=[POST]}" onto public com.online.edu.common.R com.online.edu.eduservice.controller.EduTeacherController.updateTeacher(com.online.edu.eduservice.entity.EduTeacher)
2020-02-18 10:37:45.074 [restartedMain] INFO  o.s.w.s.m.m.a.RequestMappingHandlerMapping - Mapped "{[/eduservice/oss/upload],methods=[POST]}" onto public com.online.edu.common.R com.online.edu.eduservice.controller.FileUploadController.uploadTeacherImg(org.springframework.web.multipart.MultipartFile,java.lang.String) throws java.lang.Exception
2020-02-18 10:37:45.082 [restartedMain] INFO  o.s.w.s.m.m.a.RequestMappingHandlerMapping - Mapped "{[/swagger-resources/configuration/security]}" onto public org.springframework.http.ResponseEntity<springfox.documentation.swagger.web.SecurityConfiguration> springfox.documentation.swagger.web.ApiResourceController.securityConfiguration()
2020-02-18 10:37:45.083 [restartedMain] INFO  o.s.w.s.m.m.a.RequestMappingHandlerMapping - Mapped "{[/swagger-resources/configuration/ui]}" onto public org.springframework.http.ResponseEntity<springfox.documentation.swagger.web.UiConfiguration> springfox.documentation.swagger.web.ApiResourceController.uiConfiguration()
2020-02-18 10:37:45.084 [restartedMain] INFO  o.s.w.s.m.m.a.RequestMappingHandlerMapping - Mapped "{[/swagger-resources]}" onto public org.springframework.http.ResponseEntity<java.util.List<springfox.documentation.swagger.web.SwaggerResource>> springfox.documentation.swagger.web.ApiResourceController.swaggerResources()
2020-02-18 10:37:45.091 [restartedMain] INFO  o.s.w.s.m.m.a.RequestMappingHandlerMapping - Mapped "{[/error]}" onto public org.springframework.http.ResponseEntity<java.util.Map<java.lang.String, java.lang.Object>> org.springframework.boot.autoconfigure.web.servlet.error.BasicErrorController.error(javax.servlet.http.HttpServletRequest)
2020-02-18 10:37:45.093 [restartedMain] INFO  o.s.w.s.m.m.a.RequestMappingHandlerMapping - Mapped "{[/error],produces=[text/html]}" onto public org.springframework.web.servlet.ModelAndView org.springframework.boot.autoconfigure.web.servlet.error.BasicErrorController.errorHtml(javax.servlet.http.HttpServletRequest,javax.servlet.http.HttpServletResponse)
2020-02-18 10:37:45.366 [restartedMain] INFO  s.d.s.w.PropertySourcedRequestMappingHandlerMapping - Mapped URL path [/v2/api-docs] onto method [public org.springframework.http.ResponseEntity<springfox.documentation.spring.web.json.Json> springfox.documentation.swagger2.web.Swagger2Controller.getDocumentation(java.lang.String,javax.servlet.http.HttpServletRequest)]
2020-02-18 10:37:45.462 [restartedMain] INFO  o.s.web.servlet.handler.SimpleUrlHandlerMapping - Mapped URL path [/**/favicon.ico] onto handler of type [class org.springframework.web.servlet.resource.ResourceHttpRequestHandler]
2020-02-18 10:37:45.675 [restartedMain] INFO  o.s.w.s.m.m.a.RequestMappingHandlerAdapter - Looking for @ControllerAdvice: org.springframework.boot.web.servlet.context.AnnotationConfigServletWebServerApplicationContext@8d67b1: startup date [Tue Feb 18 10:37:39 CST 2020]; root of context hierarchy
2020-02-18 10:37:45.746 [restartedMain] INFO  o.s.web.servlet.handler.SimpleUrlHandlerMapping - Mapped URL path [/webjars/**] onto handler of type [class org.springframework.web.servlet.resource.ResourceHttpRequestHandler]
2020-02-18 10:37:45.746 [restartedMain] INFO  o.s.web.servlet.handler.SimpleUrlHandlerMapping - Mapped URL path [/**] onto handler of type [class org.springframework.web.servlet.resource.ResourceHttpRequestHandler]
2020-02-18 10:37:45.768 [restartedMain] INFO  o.s.w.s.m.m.a.ExceptionHandlerExceptionResolver - Detected @ExceptionHandler methods in globalException
2020-02-18 10:37:46.100 [restartedMain] INFO  o.s.jmx.export.annotation.AnnotationMBeanExporter - Registering beans for JMX exposure on startup
2020-02-18 10:37:46.104 [restartedMain] INFO  o.s.jmx.export.annotation.AnnotationMBeanExporter - Bean with name 'dataSource' has been autodetected for JMX exposure
2020-02-18 10:37:46.112 [restartedMain] INFO  o.s.jmx.export.annotation.AnnotationMBeanExporter - Located MBean 'dataSource': registering with JMX server as MBean [com.zaxxer.hikari:name=dataSource,type=HikariDataSource]
2020-02-18 10:37:46.119 [restartedMain] INFO  o.s.context.support.DefaultLifecycleProcessor - Starting beans in phase 2147483647
2020-02-18 10:37:46.119 [restartedMain] INFO  s.d.s.web.plugins.DocumentationPluginsBootstrapper - Context refreshed
2020-02-18 10:37:46.136 [restartedMain] INFO  s.d.s.web.plugins.DocumentationPluginsBootstrapper - Found 1 custom documentation plugin(s)
2020-02-18 10:37:46.175 [restartedMain] INFO  s.d.spring.web.scanners.ApiListingReferenceScanner - Scanning for api listing references
2020-02-18 10:37:46.538 [restartedMain] INFO  org.apache.coyote.http11.Http11NioProtocol - Starting ProtocolHandler ["http-nio-8001"]
2020-02-18 10:37:46.566 [restartedMain] INFO  org.apache.tomcat.util.net.NioSelectorPool - Using a shared selector for servlet write/read
2020-02-18 10:37:46.585 [restartedMain] INFO  o.s.boot.web.embedded.tomcat.TomcatWebServer - Tomcat started on port(s): 8001 (http) with context path ''
2020-02-18 10:37:46.590 [restartedMain] INFO  com.online.edu.eduservice.EduApplication - Started EduApplication in 8.101 seconds (JVM running for 9.832)
2020-02-18 10:37:49.049 [http-nio-8001-exec-1] INFO  o.a.c.core.ContainerBase.[Tomcat].[localhost].[/] - Initializing Spring FrameworkServlet 'dispatcherServlet'
2020-02-18 10:37:49.050 [http-nio-8001-exec-1] INFO  org.springframework.web.servlet.DispatcherServlet - FrameworkServlet 'dispatcherServlet': initialization started
2020-02-18 10:37:49.105 [http-nio-8001-exec-1] INFO  org.springframework.web.servlet.DispatcherServlet - FrameworkServlet 'dispatcherServlet': initialization completed in 53 ms
2020-02-18 11:28:26.219 [Thread-23] INFO  o.s.b.w.s.c.AnnotationConfigServletWebServerApplicationContext - Closing org.springframework.boot.web.servlet.context.AnnotationConfigServletWebServerApplicationContext@8d67b1: startup date [Tue Feb 18 10:37:39 CST 2020]; root of context hierarchy
2020-02-18 11:28:26.246 [Thread-23] INFO  o.s.context.support.DefaultLifecycleProcessor - Stopping beans in phase 2147483647
2020-02-18 11:28:26.255 [Thread-23] INFO  o.s.jmx.export.annotation.AnnotationMBeanExporter - Unregistering JMX-exposed beans on shutdown
2020-02-18 11:28:26.257 [Thread-23] INFO  o.s.jmx.export.annotation.AnnotationMBeanExporter - Unregistering JMX-exposed beans
2020-02-18 11:28:26.263 [Thread-23] INFO  com.zaxxer.hikari.HikariDataSource - GuliHikariPool - Shutdown initiated...
2020-02-18 11:28:26.274 [Thread-23] INFO  com.zaxxer.hikari.HikariDataSource - GuliHikariPool - Shutdown completed.
2020-02-18 11:28:35.169 [restartedMain] INFO  com.online.edu.eduservice.EduApplication - Starting EduApplication on CN0214005103M.local with PID 19178 (/Users/jiaxiangyu/Downloads/xueyuan_edu/xueyuan_eduservice/target/classes started by jiaxiangyu in /Users/jiaxiangyu/Downloads/xueyuan_edu)
2020-02-18 11:28:35.172 [restartedMain] INFO  com.online.edu.eduservice.EduApplication - The following profiles are active: dev
2020-02-18 11:28:35.524 [restartedMain] INFO  o.s.b.w.s.c.AnnotationConfigServletWebServerApplicationContext - Refreshing org.springframework.boot.web.servlet.context.AnnotationConfigServletWebServerApplicationContext@2ab1c4d8: startup date [Tue Feb 18 11:28:35 CST 2020]; root of context hierarchy
2020-02-18 11:28:37.779 [restartedMain] INFO  o.s.c.s.PostProcessorRegistrationDelegate$BeanPostProcessorChecker - Bean 'org.springframework.transaction.annotation.ProxyTransactionManagementConfiguration' of type [org.springframework.transaction.annotation.ProxyTransactionManagementConfiguration$$EnhancerBySpringCGLIB$$c07a0cc] is not eligible for getting processed by all BeanPostProcessors (for example: not eligible for auto-proxying)
2020-02-18 11:28:38.452 [restartedMain] INFO  o.s.boot.web.embedded.tomcat.TomcatWebServer - Tomcat initialized with port(s): 8001 (http)
2020-02-18 11:28:38.481 [restartedMain] INFO  org.apache.coyote.http11.Http11NioProtocol - Initializing ProtocolHandler ["http-nio-8001"]
2020-02-18 11:28:38.502 [restartedMain] INFO  org.apache.catalina.core.StandardService - Starting service [Tomcat]
2020-02-18 11:28:38.503 [restartedMain] INFO  org.apache.catalina.core.StandardEngine - Starting Servlet Engine: Apache Tomcat/8.5.35
2020-02-18 11:28:38.512 [localhost-startStop-1] INFO  org.apache.catalina.core.AprLifecycleListener - The APR based Apache Tomcat Native library which allows optimal performance in production environments was not found on the java.library.path: [/Users/jiaxiangyu/Library/Java/Extensions:/Library/Java/Extensions:/Network/Library/Java/Extensions:/System/Library/Java/Extensions:/usr/lib/java:.]
2020-02-18 11:28:38.617 [localhost-startStop-1] INFO  o.a.c.core.ContainerBase.[Tomcat].[localhost].[/] - Initializing Spring embedded WebApplicationContext
2020-02-18 11:28:38.617 [localhost-startStop-1] INFO  org.springframework.web.context.ContextLoader - Root WebApplicationContext: initialization completed in 3093 ms
2020-02-18 11:28:38.719 [localhost-startStop-1] INFO  o.s.boot.web.servlet.ServletRegistrationBean - Servlet dispatcherServlet mapped to [/]
2020-02-18 11:28:38.727 [localhost-startStop-1] INFO  o.s.boot.web.servlet.FilterRegistrationBean - Mapping filter: 'characterEncodingFilter' to: [/*]
2020-02-18 11:28:38.728 [localhost-startStop-1] INFO  o.s.boot.web.servlet.FilterRegistrationBean - Mapping filter: 'hiddenHttpMethodFilter' to: [/*]
2020-02-18 11:28:38.728 [localhost-startStop-1] INFO  o.s.boot.web.servlet.FilterRegistrationBean - Mapping filter: 'httpPutFormContentFilter' to: [/*]
2020-02-18 11:28:38.729 [localhost-startStop-1] INFO  o.s.boot.web.servlet.FilterRegistrationBean - Mapping filter: 'requestContextFilter' to: [/*]
2020-02-18 11:28:39.064 [restartedMain] INFO  com.zaxxer.hikari.HikariDataSource - GuliHikariPool - Starting...
2020-02-18 11:28:39.531 [restartedMain] INFO  com.zaxxer.hikari.HikariDataSource - GuliHikariPool - Start completed.
2020-02-18 11:28:40.464 [restartedMain] INFO  o.s.w.s.m.m.a.RequestMappingHandlerMapping - Mapped "{[/eduservice/chapter/getChapterVideoList/{id}],methods=[GET]}" onto public com.online.edu.common.R com.online.edu.eduservice.controller.EduChapterController.getChapterVideoList(java.lang.String)
2020-02-18 11:28:40.469 [restartedMain] INFO  o.s.w.s.m.m.a.RequestMappingHandlerMapping - Mapped "{[/eduservice/chapter/add],methods=[POST]}" onto public com.online.edu.common.R com.online.edu.eduservice.controller.EduChapterController.addChapter(com.online.edu.eduservice.entity.EduChapter)
2020-02-18 11:28:40.470 [restartedMain] INFO  o.s.w.s.m.m.a.RequestMappingHandlerMapping - Mapped "{[/eduservice/chapter/getChapterInfo/{chapterId}],methods=[GET]}" onto public com.online.edu.common.R com.online.edu.eduservice.controller.EduChapterController.getChapterInfo(java.lang.Long)
2020-02-18 11:28:40.470 [restartedMain] INFO  o.s.w.s.m.m.a.RequestMappingHandlerMapping - Mapped "{[/eduservice/chapter/updateChapter],methods=[POST]}" onto public com.online.edu.common.R com.online.edu.eduservice.controller.EduChapterController.updateChapter(com.online.edu.eduservice.entity.EduChapter)
2020-02-18 11:28:40.471 [restartedMain] INFO  o.s.w.s.m.m.a.RequestMappingHandlerMapping - Mapped "{[/eduservice/chapter/{chapterId}],methods=[DELETE]}" onto public com.online.edu.common.R com.online.edu.eduservice.controller.EduChapterController.deleteChapter(java.lang.Long)
2020-02-18 11:28:40.475 [restartedMain] INFO  o.s.w.s.m.m.a.RequestMappingHandlerMapping - Mapped "{[/eduservice/course/getCourseInfo/{id}],methods=[GET]}" onto public com.online.edu.common.R com.online.edu.eduservice.controller.EduCourseController.getCourseInfo(java.lang.Long)
2020-02-18 11:28:40.477 [restartedMain] INFO  o.s.w.s.m.m.a.RequestMappingHandlerMapping - Mapped "{[/eduservice/course/addCourseInfo],methods=[POST]}" onto public com.online.edu.common.R com.online.edu.eduservice.controller.EduCourseController.addCourseInfo(com.online.edu.eduservice.entity.CourseInfoForm)
2020-02-18 11:28:40.477 [restartedMain] INFO  o.s.w.s.m.m.a.RequestMappingHandlerMapping - Mapped "{[/eduservice/course/updateCourseInfo/{id}],methods=[POST]}" onto public com.online.edu.common.R com.online.edu.eduservice.controller.EduCourseController.updateCourseInfo(java.lang.Long,com.online.edu.eduservice.entity.CourseInfoForm)
2020-02-18 11:28:40.478 [restartedMain] INFO  o.s.w.s.m.m.a.RequestMappingHandlerMapping - Mapped "{[/eduservice/course/listCourse/{page}/{limit}],methods=[GET]}" onto public com.online.edu.common.R com.online.edu.eduservice.controller.EduCourseController.listCourse(java.lang.Long,java.lang.Long,com.online.edu.eduservice.entity.CourseQuery)
2020-02-18 11:28:40.479 [restartedMain] INFO  o.s.w.s.m.m.a.RequestMappingHandlerMapping - Mapped "{[/eduservice/course/deleteCourseId/{id}],methods=[DELETE]}" onto public com.online.edu.common.R com.online.edu.eduservice.controller.EduCourseController.deleteCourseId(java.lang.Long)
2020-02-18 11:28:40.481 [restartedMain] INFO  o.s.w.s.m.m.a.RequestMappingHandlerMapping - Mapped "{[/eduservice/edu-subject/import],methods=[POST]}" onto public com.online.edu.common.R com.online.edu.eduservice.controller.EduSubjectController.importExcelSubject(org.springframework.web.multipart.MultipartFile)
2020-02-18 11:28:40.482 [restartedMain] INFO  o.s.w.s.m.m.a.RequestMappingHandlerMapping - Mapped "{[/eduservice/edu-subject/list],methods=[GET]}" onto public com.online.edu.common.R com.online.edu.eduservice.controller.EduSubjectController.nestedList()
2020-02-18 11:28:40.483 [restartedMain] INFO  o.s.w.s.m.m.a.RequestMappingHandlerMapping - Mapped "{[/eduservice/edu-subject/{id}],methods=[DELETE]}" onto public com.online.edu.common.R com.online.edu.eduservice.controller.EduSubjectController.deleteSubjectId(java.lang.Long)
2020-02-18 11:28:40.484 [restartedMain] INFO  o.s.w.s.m.m.a.RequestMappingHandlerMapping - Mapped "{[/eduservice/edu-subject/addOneLevel],methods=[POST]}" onto public com.online.edu.common.R com.online.edu.eduservice.controller.EduSubjectController.addOneLevel(com.online.edu.eduservice.entity.EduSubject)
2020-02-18 11:28:40.485 [restartedMain] INFO  o.s.w.s.m.m.a.RequestMappingHandlerMapping - Mapped "{[/eduservice/edu-subject/addTwoLevel],methods=[POST]}" onto public com.online.edu.common.R com.online.edu.eduservice.controller.EduSubjectController.addTwoLevel(com.online.edu.eduservice.entity.EduSubject)
2020-02-18 11:28:40.499 [restartedMain] INFO  o.s.w.s.m.m.a.RequestMappingHandlerMapping - Mapped "{[/eduservice/edu-teacher/info],methods=[GET]}" onto public com.online.edu.common.R com.online.edu.eduservice.controller.EduTeacherController.info()
2020-02-18 11:28:40.502 [restartedMain] INFO  o.s.w.s.m.m.a.RequestMappingHandlerMapping - Mapped "{[/eduservice/edu-teacher/{id}],methods=[DELETE]}" onto public boolean com.online.edu.eduservice.controller.EduTeacherController.deleteTeacher(java.lang.String)
2020-02-18 11:28:40.504 [restartedMain] INFO  o.s.w.s.m.m.a.RequestMappingHandlerMapping - Mapped "{[/eduservice/edu-teacher/login],methods=[POST]}" onto public com.online.edu.common.R com.online.edu.eduservice.controller.EduTeacherController.login()
2020-02-18 11:28:40.505 [restartedMain] INFO  o.s.w.s.m.m.a.RequestMappingHandlerMapping - Mapped "{[/eduservice/edu-teacher/list],methods=[GET]}" onto public com.online.edu.common.R com.online.edu.eduservice.controller.EduTeacherController.getAllTeacherList()
2020-02-18 11:28:40.506 [restartedMain] INFO  o.s.w.s.m.m.a.RequestMappingHandlerMapping - Mapped "{[/eduservice/edu-teacher/pageList/{page}/{limit}],methods=[GET]}" onto public com.online.edu.common.R com.online.edu.eduservice.controller.EduTeacherController.getPageTeacherList(java.lang.Long,java.lang.Long)
2020-02-18 11:28:40.507 [restartedMain] INFO  o.s.w.s.m.m.a.RequestMappingHandlerMapping - Mapped "{[/eduservice/edu-teacher/moreCondtionPageList/{page}/{limit}],methods=[POST]}" onto public com.online.edu.common.R com.online.edu.eduservice.controller.EduTeacherController.getmoreConditionPageList(java.lang.Long,java.lang.Long,com.online.edu.eduservice.entity.QueryTeacher)
2020-02-18 11:28:40.510 [restartedMain] INFO  o.s.w.s.m.m.a.RequestMappingHandlerMapping - Mapped "{[/eduservice/edu-teacher/addTeacher],methods=[POST]}" onto public com.online.edu.common.R com.online.edu.eduservice.controller.EduTeacherController.addTeacher(com.online.edu.eduservice.entity.EduTeacher)
2020-02-18 11:28:40.511 [restartedMain] INFO  o.s.w.s.m.m.a.RequestMappingHandlerMapping - Mapped "{[/eduservice/edu-teacher/getTeacherInfo/{id}],methods=[GET]}" onto public com.online.edu.common.R com.online.edu.eduservice.controller.EduTeacherController.getTeacherInfo(java.lang.String)
2020-02-18 11:28:40.512 [restartedMain] INFO  o.s.w.s.m.m.a.RequestMappingHandlerMapping - Mapped "{[/eduservice/edu-teacher/updateTeacher],methods=[POST]}" onto public com.online.edu.common.R com.online.edu.eduservice.controller.EduTeacherController.updateTeacher(com.online.edu.eduservice.entity.EduTeacher)
2020-02-18 11:28:40.514 [restartedMain] INFO  o.s.w.s.m.m.a.RequestMappingHandlerMapping - Mapped "{[/eduservice/oss/upload],methods=[POST]}" onto public com.online.edu.common.R com.online.edu.eduservice.controller.FileUploadController.uploadTeacherImg(org.springframework.web.multipart.MultipartFile,java.lang.String) throws java.lang.Exception
2020-02-18 11:28:40.521 [restartedMain] INFO  o.s.w.s.m.m.a.RequestMappingHandlerMapping - Mapped "{[/swagger-resources/configuration/ui]}" onto public org.springframework.http.ResponseEntity<springfox.documentation.swagger.web.UiConfiguration> springfox.documentation.swagger.web.ApiResourceController.uiConfiguration()
2020-02-18 11:28:40.522 [restartedMain] INFO  o.s.w.s.m.m.a.RequestMappingHandlerMapping - Mapped "{[/swagger-resources/configuration/security]}" onto public org.springframework.http.ResponseEntity<springfox.documentation.swagger.web.SecurityConfiguration> springfox.documentation.swagger.web.ApiResourceController.securityConfiguration()
2020-02-18 11:28:40.523 [restartedMain] INFO  o.s.w.s.m.m.a.RequestMappingHandlerMapping - Mapped "{[/swagger-resources]}" onto public org.springframework.http.ResponseEntity<java.util.List<springfox.documentation.swagger.web.SwaggerResource>> springfox.documentation.swagger.web.ApiResourceController.swaggerResources()
2020-02-18 11:28:40.529 [restartedMain] INFO  o.s.w.s.m.m.a.RequestMappingHandlerMapping - Mapped "{[/error]}" onto public org.springframework.http.ResponseEntity<java.util.Map<java.lang.String, java.lang.Object>> org.springframework.boot.autoconfigure.web.servlet.error.BasicErrorController.error(javax.servlet.http.HttpServletRequest)
2020-02-18 11:28:40.530 [restartedMain] INFO  o.s.w.s.m.m.a.RequestMappingHandlerMapping - Mapped "{[/error],produces=[text/html]}" onto public org.springframework.web.servlet.ModelAndView org.springframework.boot.autoconfigure.web.servlet.error.BasicErrorController.errorHtml(javax.servlet.http.HttpServletRequest,javax.servlet.http.HttpServletResponse)
2020-02-18 11:28:40.787 [restartedMain] INFO  s.d.s.w.PropertySourcedRequestMappingHandlerMapping - Mapped URL path [/v2/api-docs] onto method [public org.springframework.http.ResponseEntity<springfox.documentation.spring.web.json.Json> springfox.documentation.swagger2.web.Swagger2Controller.getDocumentation(java.lang.String,javax.servlet.http.HttpServletRequest)]
2020-02-18 11:28:40.897 [restartedMain] INFO  o.s.web.servlet.handler.SimpleUrlHandlerMapping - Mapped URL path [/**/favicon.ico] onto handler of type [class org.springframework.web.servlet.resource.ResourceHttpRequestHandler]
2020-02-18 11:28:41.122 [restartedMain] INFO  o.s.w.s.m.m.a.RequestMappingHandlerAdapter - Looking for @ControllerAdvice: org.springframework.boot.web.servlet.context.AnnotationConfigServletWebServerApplicationContext@2ab1c4d8: startup date [Tue Feb 18 11:28:35 CST 2020]; root of context hierarchy
2020-02-18 11:28:41.188 [restartedMain] INFO  o.s.web.servlet.handler.SimpleUrlHandlerMapping - Mapped URL path [/webjars/**] onto handler of type [class org.springframework.web.servlet.resource.ResourceHttpRequestHandler]
2020-02-18 11:28:41.189 [restartedMain] INFO  o.s.web.servlet.handler.SimpleUrlHandlerMapping - Mapped URL path [/**] onto handler of type [class org.springframework.web.servlet.resource.ResourceHttpRequestHandler]
2020-02-18 11:28:41.219 [restartedMain] INFO  o.s.w.s.m.m.a.ExceptionHandlerExceptionResolver - Detected @ExceptionHandler methods in globalException
2020-02-18 11:28:41.618 [restartedMain] INFO  o.s.jmx.export.annotation.AnnotationMBeanExporter - Registering beans for JMX exposure on startup
2020-02-18 11:28:41.621 [restartedMain] INFO  o.s.jmx.export.annotation.AnnotationMBeanExporter - Bean with name 'dataSource' has been autodetected for JMX exposure
2020-02-18 11:28:41.630 [restartedMain] INFO  o.s.jmx.export.annotation.AnnotationMBeanExporter - Located MBean 'dataSource': registering with JMX server as MBean [com.zaxxer.hikari:name=dataSource,type=HikariDataSource]
2020-02-18 11:28:41.635 [restartedMain] INFO  o.s.context.support.DefaultLifecycleProcessor - Starting beans in phase 2147483647
2020-02-18 11:28:41.635 [restartedMain] INFO  s.d.s.web.plugins.DocumentationPluginsBootstrapper - Context refreshed
2020-02-18 11:28:41.653 [restartedMain] INFO  s.d.s.web.plugins.DocumentationPluginsBootstrapper - Found 1 custom documentation plugin(s)
2020-02-18 11:28:41.709 [restartedMain] INFO  s.d.spring.web.scanners.ApiListingReferenceScanner - Scanning for api listing references
2020-02-18 11:28:42.186 [restartedMain] INFO  org.apache.coyote.http11.Http11NioProtocol - Starting ProtocolHandler ["http-nio-8001"]
2020-02-18 11:28:42.228 [restartedMain] INFO  org.apache.tomcat.util.net.NioSelectorPool - Using a shared selector for servlet write/read
2020-02-18 11:28:42.245 [restartedMain] INFO  o.s.boot.web.embedded.tomcat.TomcatWebServer - Tomcat started on port(s): 8001 (http) with context path ''
2020-02-18 11:28:42.252 [restartedMain] INFO  com.online.edu.eduservice.EduApplication - Started EduApplication in 8.065 seconds (JVM running for 9.809)
2020-02-18 11:29:22.559 [http-nio-8001-exec-1] INFO  o.a.c.core.ContainerBase.[Tomcat].[localhost].[/] - Initializing Spring FrameworkServlet 'dispatcherServlet'
2020-02-18 11:29:22.560 [http-nio-8001-exec-1] INFO  org.springframework.web.servlet.DispatcherServlet - FrameworkServlet 'dispatcherServlet': initialization started
2020-02-18 11:29:22.589 [http-nio-8001-exec-1] INFO  org.springframework.web.servlet.DispatcherServlet - FrameworkServlet 'dispatcherServlet': initialization completed in 28 ms
2020-02-18 11:30:43.181 [Thread-24] INFO  o.s.b.w.s.c.AnnotationConfigServletWebServerApplicationContext - Closing org.springframework.boot.web.servlet.context.AnnotationConfigServletWebServerApplicationContext@2ab1c4d8: startup date [Tue Feb 18 11:28:35 CST 2020]; root of context hierarchy
2020-02-18 11:30:43.190 [Thread-24] INFO  o.s.context.support.DefaultLifecycleProcessor - Stopping beans in phase 2147483647
2020-02-18 11:30:43.197 [Thread-24] INFO  o.s.jmx.export.annotation.AnnotationMBeanExporter - Unregistering JMX-exposed beans on shutdown
2020-02-18 11:30:43.198 [Thread-24] INFO  o.s.jmx.export.annotation.AnnotationMBeanExporter - Unregistering JMX-exposed beans
2020-02-18 11:30:43.202 [Thread-24] INFO  com.zaxxer.hikari.HikariDataSource - GuliHikariPool - Shutdown initiated...
2020-02-18 11:30:43.219 [Thread-24] INFO  com.zaxxer.hikari.HikariDataSource - GuliHikariPool - Shutdown completed.
2020-02-18 11:30:54.070 [restartedMain] INFO  com.online.edu.eduservice.EduApplication - Starting EduApplication on CN0214005103M.local with PID 19275 (/Users/jiaxiangyu/Downloads/xueyuan_edu/xueyuan_eduservice/target/classes started by jiaxiangyu in /Users/jiaxiangyu/Downloads/xueyuan_edu)
2020-02-18 11:30:54.073 [restartedMain] INFO  com.online.edu.eduservice.EduApplication - The following profiles are active: dev
2020-02-18 11:30:54.360 [restartedMain] INFO  o.s.b.w.s.c.AnnotationConfigServletWebServerApplicationContext - Refreshing org.springframework.boot.web.servlet.context.AnnotationConfigServletWebServerApplicationContext@61c5963a: startup date [Tue Feb 18 11:30:54 CST 2020]; root of context hierarchy
2020-02-18 11:30:57.107 [restartedMain] INFO  o.s.c.s.PostProcessorRegistrationDelegate$BeanPostProcessorChecker - Bean 'org.springframework.transaction.annotation.ProxyTransactionManagementConfiguration' of type [org.springframework.transaction.annotation.ProxyTransactionManagementConfiguration$$EnhancerBySpringCGLIB$$c55b5c1d] is not eligible for getting processed by all BeanPostProcessors (for example: not eligible for auto-proxying)
2020-02-18 11:30:57.946 [restartedMain] INFO  o.s.boot.web.embedded.tomcat.TomcatWebServer - Tomcat initialized with port(s): 8001 (http)
2020-02-18 11:30:58.003 [restartedMain] INFO  org.apache.coyote.http11.Http11NioProtocol - Initializing ProtocolHandler ["http-nio-8001"]
2020-02-18 11:30:58.033 [restartedMain] INFO  org.apache.catalina.core.StandardService - Starting service [Tomcat]
2020-02-18 11:30:58.034 [restartedMain] INFO  org.apache.catalina.core.StandardEngine - Starting Servlet Engine: Apache Tomcat/8.5.35
2020-02-18 11:30:58.041 [localhost-startStop-1] INFO  org.apache.catalina.core.AprLifecycleListener - The APR based Apache Tomcat Native library which allows optimal performance in production environments was not found on the java.library.path: [/Users/jiaxiangyu/Library/Java/Extensions:/Library/Java/Extensions:/Network/Library/Java/Extensions:/System/Library/Java/Extensions:/usr/lib/java:.]
2020-02-18 11:30:58.188 [localhost-startStop-1] INFO  o.a.c.core.ContainerBase.[Tomcat].[localhost].[/] - Initializing Spring embedded WebApplicationContext
2020-02-18 11:30:58.189 [localhost-startStop-1] INFO  org.springframework.web.context.ContextLoader - Root WebApplicationContext: initialization completed in 3829 ms
2020-02-18 11:30:58.325 [localhost-startStop-1] INFO  o.s.boot.web.servlet.ServletRegistrationBean - Servlet dispatcherServlet mapped to [/]
2020-02-18 11:30:58.338 [localhost-startStop-1] INFO  o.s.boot.web.servlet.FilterRegistrationBean - Mapping filter: 'characterEncodingFilter' to: [/*]
2020-02-18 11:30:58.339 [localhost-startStop-1] INFO  o.s.boot.web.servlet.FilterRegistrationBean - Mapping filter: 'hiddenHttpMethodFilter' to: [/*]
2020-02-18 11:30:58.340 [localhost-startStop-1] INFO  o.s.boot.web.servlet.FilterRegistrationBean - Mapping filter: 'httpPutFormContentFilter' to: [/*]
2020-02-18 11:30:58.340 [localhost-startStop-1] INFO  o.s.boot.web.servlet.FilterRegistrationBean - Mapping filter: 'requestContextFilter' to: [/*]
2020-02-18 11:30:58.718 [restartedMain] INFO  com.zaxxer.hikari.HikariDataSource - GuliHikariPool - Starting...
2020-02-18 11:30:59.274 [restartedMain] INFO  com.zaxxer.hikari.HikariDataSource - GuliHikariPool - Start completed.
2020-02-18 11:31:00.452 [restartedMain] INFO  o.s.w.s.m.m.a.RequestMappingHandlerMapping - Mapped "{[/eduservice/chapter/getChapterVideoList/{id}],methods=[GET]}" onto public com.online.edu.common.R com.online.edu.eduservice.controller.EduChapterController.getChapterVideoList(java.lang.String)
2020-02-18 11:31:00.456 [restartedMain] INFO  o.s.w.s.m.m.a.RequestMappingHandlerMapping - Mapped "{[/eduservice/chapter/add],methods=[POST]}" onto public com.online.edu.common.R com.online.edu.eduservice.controller.EduChapterController.addChapter(com.online.edu.eduservice.entity.EduChapter)
2020-02-18 11:31:00.458 [restartedMain] INFO  o.s.w.s.m.m.a.RequestMappingHandlerMapping - Mapped "{[/eduservice/chapter/getChapterInfo/{chapterId}],methods=[GET]}" onto public com.online.edu.common.R com.online.edu.eduservice.controller.EduChapterController.getChapterInfo(java.lang.Long)
2020-02-18 11:31:00.458 [restartedMain] INFO  o.s.w.s.m.m.a.RequestMappingHandlerMapping - Mapped "{[/eduservice/chapter/updateChapter],methods=[POST]}" onto public com.online.edu.common.R com.online.edu.eduservice.controller.EduChapterController.updateChapter(com.online.edu.eduservice.entity.EduChapter)
2020-02-18 11:31:00.459 [restartedMain] INFO  o.s.w.s.m.m.a.RequestMappingHandlerMapping - Mapped "{[/eduservice/chapter/{chapterId}],methods=[DELETE]}" onto public com.online.edu.common.R com.online.edu.eduservice.controller.EduChapterController.deleteChapter(java.lang.Long)
2020-02-18 11:31:00.463 [restartedMain] INFO  o.s.w.s.m.m.a.RequestMappingHandlerMapping - Mapped "{[/eduservice/course/getCourseInfo/{id}],methods=[GET]}" onto public com.online.edu.common.R com.online.edu.eduservice.controller.EduCourseController.getCourseInfo(java.lang.Long)
2020-02-18 11:31:00.464 [restartedMain] INFO  o.s.w.s.m.m.a.RequestMappingHandlerMapping - Mapped "{[/eduservice/course/addCourseInfo],methods=[POST]}" onto public com.online.edu.common.R com.online.edu.eduservice.controller.EduCourseController.addCourseInfo(com.online.edu.eduservice.entity.CourseInfoForm)
2020-02-18 11:31:00.466 [restartedMain] INFO  o.s.w.s.m.m.a.RequestMappingHandlerMapping - Mapped "{[/eduservice/course/updateCourseInfo/{id}],methods=[POST]}" onto public com.online.edu.common.R com.online.edu.eduservice.controller.EduCourseController.updateCourseInfo(java.lang.Long,com.online.edu.eduservice.entity.CourseInfoForm)
2020-02-18 11:31:00.467 [restartedMain] INFO  o.s.w.s.m.m.a.RequestMappingHandlerMapping - Mapped "{[/eduservice/course/listCourse/{page}/{limit}],methods=[GET]}" onto public com.online.edu.common.R com.online.edu.eduservice.controller.EduCourseController.listCourse(java.lang.Long,java.lang.Long,com.online.edu.eduservice.entity.CourseQuery)
2020-02-18 11:31:00.468 [restartedMain] INFO  o.s.w.s.m.m.a.RequestMappingHandlerMapping - Mapped "{[/eduservice/course/deleteCourseId/{id}],methods=[DELETE]}" onto public com.online.edu.common.R com.online.edu.eduservice.controller.EduCourseController.deleteCourseId(java.lang.Long)
2020-02-18 11:31:00.473 [restartedMain] INFO  o.s.w.s.m.m.a.RequestMappingHandlerMapping - Mapped "{[/eduservice/edu-subject/import],methods=[POST]}" onto public com.online.edu.common.R com.online.edu.eduservice.controller.EduSubjectController.importExcelSubject(org.springframework.web.multipart.MultipartFile)
2020-02-18 11:31:00.474 [restartedMain] INFO  o.s.w.s.m.m.a.RequestMappingHandlerMapping - Mapped "{[/eduservice/edu-subject/list],methods=[GET]}" onto public com.online.edu.common.R com.online.edu.eduservice.controller.EduSubjectController.nestedList()
2020-02-18 11:31:00.475 [restartedMain] INFO  o.s.w.s.m.m.a.RequestMappingHandlerMapping - Mapped "{[/eduservice/edu-subject/{id}],methods=[DELETE]}" onto public com.online.edu.common.R com.online.edu.eduservice.controller.EduSubjectController.deleteSubjectId(java.lang.Long)
2020-02-18 11:31:00.477 [restartedMain] INFO  o.s.w.s.m.m.a.RequestMappingHandlerMapping - Mapped "{[/eduservice/edu-subject/addOneLevel],methods=[POST]}" onto public com.online.edu.common.R com.online.edu.eduservice.controller.EduSubjectController.addOneLevel(com.online.edu.eduservice.entity.EduSubject)
2020-02-18 11:31:00.478 [restartedMain] INFO  o.s.w.s.m.m.a.RequestMappingHandlerMapping - Mapped "{[/eduservice/edu-subject/addTwoLevel],methods=[POST]}" onto public com.online.edu.common.R com.online.edu.eduservice.controller.EduSubjectController.addTwoLevel(com.online.edu.eduservice.entity.EduSubject)
2020-02-18 11:31:00.495 [restartedMain] INFO  o.s.w.s.m.m.a.RequestMappingHandlerMapping - Mapped "{[/eduservice/edu-teacher/info],methods=[GET]}" onto public com.online.edu.common.R com.online.edu.eduservice.controller.EduTeacherController.info()
2020-02-18 11:31:00.501 [restartedMain] INFO  o.s.w.s.m.m.a.RequestMappingHandlerMapping - Mapped "{[/eduservice/edu-teacher/list],methods=[GET]}" onto public com.online.edu.common.R com.online.edu.eduservice.controller.EduTeacherController.getAllTeacherList()
2020-02-18 11:31:00.502 [restartedMain] INFO  o.s.w.s.m.m.a.RequestMappingHandlerMapping - Mapped "{[/eduservice/edu-teacher/login],methods=[POST]}" onto public com.online.edu.common.R com.online.edu.eduservice.controller.EduTeacherController.login()
2020-02-18 11:31:00.504 [restartedMain] INFO  o.s.w.s.m.m.a.RequestMappingHandlerMapping - Mapped "{[/eduservice/edu-teacher/{id}],methods=[DELETE]}" onto public boolean com.online.edu.eduservice.controller.EduTeacherController.deleteTeacher(java.lang.String)
2020-02-18 11:31:00.505 [restartedMain] INFO  o.s.w.s.m.m.a.RequestMappingHandlerMapping - Mapped "{[/eduservice/edu-teacher/pageList/{page}/{limit}],methods=[GET]}" onto public com.online.edu.common.R com.online.edu.eduservice.controller.EduTeacherController.getPageTeacherList(java.lang.Long,java.lang.Long)
2020-02-18 11:31:00.506 [restartedMain] INFO  o.s.w.s.m.m.a.RequestMappingHandlerMapping - Mapped "{[/eduservice/edu-teacher/moreCondtionPageList/{page}/{limit}],methods=[POST]}" onto public com.online.edu.common.R com.online.edu.eduservice.controller.EduTeacherController.getmoreConditionPageList(java.lang.Long,java.lang.Long,com.online.edu.eduservice.entity.QueryTeacher)
2020-02-18 11:31:00.507 [restartedMain] INFO  o.s.w.s.m.m.a.RequestMappingHandlerMapping - Mapped "{[/eduservice/edu-teacher/addTeacher],methods=[POST]}" onto public com.online.edu.common.R com.online.edu.eduservice.controller.EduTeacherController.addTeacher(com.online.edu.eduservice.entity.EduTeacher)
2020-02-18 11:31:00.509 [restartedMain] INFO  o.s.w.s.m.m.a.RequestMappingHandlerMapping - Mapped "{[/eduservice/edu-teacher/getTeacherInfo/{id}],methods=[GET]}" onto public com.online.edu.common.R com.online.edu.eduservice.controller.EduTeacherController.getTeacherInfo(java.lang.String)
2020-02-18 11:31:00.510 [restartedMain] INFO  o.s.w.s.m.m.a.RequestMappingHandlerMapping - Mapped "{[/eduservice/edu-teacher/updateTeacher],methods=[POST]}" onto public com.online.edu.common.R com.online.edu.eduservice.controller.EduTeacherController.updateTeacher(com.online.edu.eduservice.entity.EduTeacher)
2020-02-18 11:31:00.521 [restartedMain] INFO  o.s.w.s.m.m.a.RequestMappingHandlerMapping - Mapped "{[/eduservice/oss/upload],methods=[POST]}" onto public com.online.edu.common.R com.online.edu.eduservice.controller.FileUploadController.uploadTeacherImg(org.springframework.web.multipart.MultipartFile,java.lang.String) throws java.lang.Exception
2020-02-18 11:31:00.542 [restartedMain] INFO  o.s.w.s.m.m.a.RequestMappingHandlerMapping - Mapped "{[/swagger-resources/configuration/ui]}" onto public org.springframework.http.ResponseEntity<springfox.documentation.swagger.web.UiConfiguration> springfox.documentation.swagger.web.ApiResourceController.uiConfiguration()
2020-02-18 11:31:00.544 [restartedMain] INFO  o.s.w.s.m.m.a.RequestMappingHandlerMapping - Mapped "{[/swagger-resources/configuration/security]}" onto public org.springframework.http.ResponseEntity<springfox.documentation.swagger.web.SecurityConfiguration> springfox.documentation.swagger.web.ApiResourceController.securityConfiguration()
2020-02-18 11:31:00.549 [restartedMain] INFO  o.s.w.s.m.m.a.RequestMappingHandlerMapping - Mapped "{[/swagger-resources]}" onto public org.springframework.http.ResponseEntity<java.util.List<springfox.documentation.swagger.web.SwaggerResource>> springfox.documentation.swagger.web.ApiResourceController.swaggerResources()
2020-02-18 11:31:00.561 [restartedMain] INFO  o.s.w.s.m.m.a.RequestMappingHandlerMapping - Mapped "{[/error]}" onto public org.springframework.http.ResponseEntity<java.util.Map<java.lang.String, java.lang.Object>> org.springframework.boot.autoconfigure.web.servlet.error.BasicErrorController.error(javax.servlet.http.HttpServletRequest)
2020-02-18 11:31:00.564 [restartedMain] INFO  o.s.w.s.m.m.a.RequestMappingHandlerMapping - Mapped "{[/error],produces=[text/html]}" onto public org.springframework.web.servlet.ModelAndView org.springframework.boot.autoconfigure.web.servlet.error.BasicErrorController.errorHtml(javax.servlet.http.HttpServletRequest,javax.servlet.http.HttpServletResponse)
2020-02-18 11:31:01.141 [restartedMain] INFO  s.d.s.w.PropertySourcedRequestMappingHandlerMapping - Mapped URL path [/v2/api-docs] onto method [public org.springframework.http.ResponseEntity<springfox.documentation.spring.web.json.Json> springfox.documentation.swagger2.web.Swagger2Controller.getDocumentation(java.lang.String,javax.servlet.http.HttpServletRequest)]
2020-02-18 11:31:01.329 [restartedMain] INFO  o.s.web.servlet.handler.SimpleUrlHandlerMapping - Mapped URL path [/**/favicon.ico] onto handler of type [class org.springframework.web.servlet.resource.ResourceHttpRequestHandler]
2020-02-18 11:31:01.779 [restartedMain] INFO  o.s.w.s.m.m.a.RequestMappingHandlerAdapter - Looking for @ControllerAdvice: org.springframework.boot.web.servlet.context.AnnotationConfigServletWebServerApplicationContext@61c5963a: startup date [Tue Feb 18 11:30:54 CST 2020]; root of context hierarchy
2020-02-18 11:31:01.867 [restartedMain] INFO  o.s.web.servlet.handler.SimpleUrlHandlerMapping - Mapped URL path [/webjars/**] onto handler of type [class org.springframework.web.servlet.resource.ResourceHttpRequestHandler]
2020-02-18 11:31:01.868 [restartedMain] INFO  o.s.web.servlet.handler.SimpleUrlHandlerMapping - Mapped URL path [/**] onto handler of type [class org.springframework.web.servlet.resource.ResourceHttpRequestHandler]
2020-02-18 11:31:01.899 [restartedMain] INFO  o.s.w.s.m.m.a.ExceptionHandlerExceptionResolver - Detected @ExceptionHandler methods in globalException
2020-02-18 11:31:02.408 [restartedMain] INFO  o.s.jmx.export.annotation.AnnotationMBeanExporter - Registering beans for JMX exposure on startup
2020-02-18 11:31:02.411 [restartedMain] INFO  o.s.jmx.export.annotation.AnnotationMBeanExporter - Bean with name 'dataSource' has been autodetected for JMX exposure
2020-02-18 11:31:02.424 [restartedMain] INFO  o.s.jmx.export.annotation.AnnotationMBeanExporter - Located MBean 'dataSource': registering with JMX server as MBean [com.zaxxer.hikari:name=dataSource,type=HikariDataSource]
2020-02-18 11:31:02.434 [restartedMain] INFO  o.s.context.support.DefaultLifecycleProcessor - Starting beans in phase 2147483647
2020-02-18 11:31:02.435 [restartedMain] INFO  s.d.s.web.plugins.DocumentationPluginsBootstrapper - Context refreshed
2020-02-18 11:31:02.453 [restartedMain] INFO  s.d.s.web.plugins.DocumentationPluginsBootstrapper - Found 1 custom documentation plugin(s)
2020-02-18 11:31:02.524 [restartedMain] INFO  s.d.spring.web.scanners.ApiListingReferenceScanner - Scanning for api listing references
2020-02-18 11:31:03.062 [restartedMain] INFO  org.apache.coyote.http11.Http11NioProtocol - Starting ProtocolHandler ["http-nio-8001"]
2020-02-18 11:31:03.108 [restartedMain] INFO  org.apache.tomcat.util.net.NioSelectorPool - Using a shared selector for servlet write/read
2020-02-18 11:31:03.139 [restartedMain] INFO  o.s.boot.web.embedded.tomcat.TomcatWebServer - Tomcat started on port(s): 8001 (http) with context path ''
2020-02-18 11:31:03.151 [restartedMain] INFO  com.online.edu.eduservice.EduApplication - Started EduApplication in 10.555 seconds (JVM running for 13.185)
2020-02-18 11:31:37.664 [http-nio-8001-exec-1] INFO  o.a.c.core.ContainerBase.[Tomcat].[localhost].[/] - Initializing Spring FrameworkServlet 'dispatcherServlet'
2020-02-18 11:31:37.665 [http-nio-8001-exec-1] INFO  org.springframework.web.servlet.DispatcherServlet - FrameworkServlet 'dispatcherServlet': initialization started
2020-02-18 11:31:37.700 [http-nio-8001-exec-1] INFO  org.springframework.web.servlet.DispatcherServlet - FrameworkServlet 'dispatcherServlet': initialization completed in 34 ms
2020-02-18 17:36:23.038 [Thread-30] INFO  o.s.b.w.s.c.AnnotationConfigServletWebServerApplicationContext - Closing org.springframework.boot.web.servlet.context.AnnotationConfigServletWebServerApplicationContext@61c5963a: startup date [Tue Feb 18 11:30:54 CST 2020]; root of context hierarchy
2020-02-18 17:36:23.114 [Thread-30] INFO  o.s.context.support.DefaultLifecycleProcessor - Stopping beans in phase 2147483647
2020-02-18 17:36:23.138 [Thread-30] INFO  o.s.jmx.export.annotation.AnnotationMBeanExporter - Unregistering JMX-exposed beans on shutdown
2020-02-18 17:36:23.141 [Thread-30] INFO  o.s.jmx.export.annotation.AnnotationMBeanExporter - Unregistering JMX-exposed beans
2020-02-18 17:36:23.150 [Thread-30] INFO  com.zaxxer.hikari.HikariDataSource - GuliHikariPool - Shutdown initiated...
2020-02-18 17:36:23.155 [Thread-30] INFO  com.zaxxer.hikari.HikariDataSource - GuliHikariPool - Shutdown completed.
2020-02-18 21:47:10.534 [restartedMain] INFO  com.online.edu.eduservice.EduApplication - Starting EduApplication on CN0214005103M.local with PID 8644 (/Users/jiaxiangyu/Downloads/xueyuan_edu/xueyuan_eduservice/target/classes started by jiaxiangyu in /Users/jiaxiangyu/Downloads/xueyuan_edu)
2020-02-18 21:47:10.538 [restartedMain] INFO  com.online.edu.eduservice.EduApplication - The following profiles are active: dev
2020-02-18 21:47:10.687 [restartedMain] INFO  o.s.b.w.s.c.AnnotationConfigServletWebServerApplicationContext - Refreshing org.springframework.boot.web.servlet.context.AnnotationConfigServletWebServerApplicationContext@396e6755: startup date [Tue Feb 18 21:47:10 CST 2020]; root of context hierarchy
2020-02-18 21:47:12.674 [restartedMain] INFO  o.s.c.s.PostProcessorRegistrationDelegate$BeanPostProcessorChecker - Bean 'org.springframework.transaction.annotation.ProxyTransactionManagementConfiguration' of type [org.springframework.transaction.annotation.ProxyTransactionManagementConfiguration$$EnhancerBySpringCGLIB$$245db0f] is not eligible for getting processed by all BeanPostProcessors (for example: not eligible for auto-proxying)
2020-02-18 21:47:13.354 [restartedMain] INFO  o.s.boot.web.embedded.tomcat.TomcatWebServer - Tomcat initialized with port(s): 8001 (http)
2020-02-18 21:47:13.372 [restartedMain] INFO  org.apache.coyote.http11.Http11NioProtocol - Initializing ProtocolHandler ["http-nio-8001"]
2020-02-18 21:47:13.395 [restartedMain] INFO  org.apache.catalina.core.StandardService - Starting service [Tomcat]
2020-02-18 21:47:13.396 [restartedMain] INFO  org.apache.catalina.core.StandardEngine - Starting Servlet Engine: Apache Tomcat/8.5.35
2020-02-18 21:47:13.429 [localhost-startStop-1] INFO  org.apache.catalina.core.AprLifecycleListener - The APR based Apache Tomcat Native library which allows optimal performance in production environments was not found on the java.library.path: [/Users/jiaxiangyu/Library/Java/Extensions:/Library/Java/Extensions:/Network/Library/Java/Extensions:/System/Library/Java/Extensions:/usr/lib/java:.]
2020-02-18 21:47:13.527 [localhost-startStop-1] INFO  o.a.c.core.ContainerBase.[Tomcat].[localhost].[/] - Initializing Spring embedded WebApplicationContext
2020-02-18 21:47:13.527 [localhost-startStop-1] INFO  org.springframework.web.context.ContextLoader - Root WebApplicationContext: initialization completed in 2841 ms
2020-02-18 21:47:13.601 [localhost-startStop-1] INFO  o.s.boot.web.servlet.ServletRegistrationBean - Servlet dispatcherServlet mapped to [/]
2020-02-18 21:47:13.607 [localhost-startStop-1] INFO  o.s.boot.web.servlet.FilterRegistrationBean - Mapping filter: 'characterEncodingFilter' to: [/*]
2020-02-18 21:47:13.608 [localhost-startStop-1] INFO  o.s.boot.web.servlet.FilterRegistrationBean - Mapping filter: 'hiddenHttpMethodFilter' to: [/*]
2020-02-18 21:47:13.608 [localhost-startStop-1] INFO  o.s.boot.web.servlet.FilterRegistrationBean - Mapping filter: 'httpPutFormContentFilter' to: [/*]
2020-02-18 21:47:13.608 [localhost-startStop-1] INFO  o.s.boot.web.servlet.FilterRegistrationBean - Mapping filter: 'requestContextFilter' to: [/*]
2020-02-18 21:47:13.929 [restartedMain] INFO  com.zaxxer.hikari.HikariDataSource - GuliHikariPool - Starting...
2020-02-18 21:47:14.463 [restartedMain] INFO  com.zaxxer.hikari.HikariDataSource - GuliHikariPool - Start completed.
2020-02-18 21:47:15.380 [restartedMain] INFO  o.s.w.s.m.m.a.RequestMappingHandlerMapping - Mapped "{[/eduservice/chapter/getChapterVideoList/{id}],methods=[GET]}" onto public com.online.edu.common.R com.online.edu.eduservice.controller.EduChapterController.getChapterVideoList(java.lang.String)
2020-02-18 21:47:15.383 [restartedMain] INFO  o.s.w.s.m.m.a.RequestMappingHandlerMapping - Mapped "{[/eduservice/chapter/add],methods=[POST]}" onto public com.online.edu.common.R com.online.edu.eduservice.controller.EduChapterController.addChapter(com.online.edu.eduservice.entity.EduChapter)
2020-02-18 21:47:15.384 [restartedMain] INFO  o.s.w.s.m.m.a.RequestMappingHandlerMapping - Mapped "{[/eduservice/chapter/getChapterInfo/{chapterId}],methods=[GET]}" onto public com.online.edu.common.R com.online.edu.eduservice.controller.EduChapterController.getChapterInfo(java.lang.Long)
2020-02-18 21:47:15.385 [restartedMain] INFO  o.s.w.s.m.m.a.RequestMappingHandlerMapping - Mapped "{[/eduservice/chapter/updateChapter],methods=[POST]}" onto public com.online.edu.common.R com.online.edu.eduservice.controller.EduChapterController.updateChapter(com.online.edu.eduservice.entity.EduChapter)
2020-02-18 21:47:15.386 [restartedMain] INFO  o.s.w.s.m.m.a.RequestMappingHandlerMapping - Mapped "{[/eduservice/chapter/{chapterId}],methods=[DELETE]}" onto public com.online.edu.common.R com.online.edu.eduservice.controller.EduChapterController.deleteChapter(java.lang.Long)
2020-02-18 21:47:15.390 [restartedMain] INFO  o.s.w.s.m.m.a.RequestMappingHandlerMapping - Mapped "{[/eduservice/course/getCourseInfo/{id}],methods=[GET]}" onto public com.online.edu.common.R com.online.edu.eduservice.controller.EduCourseController.getCourseInfo(java.lang.Long)
2020-02-18 21:47:15.391 [restartedMain] INFO  o.s.w.s.m.m.a.RequestMappingHandlerMapping - Mapped "{[/eduservice/course/addCourseInfo],methods=[POST]}" onto public com.online.edu.common.R com.online.edu.eduservice.controller.EduCourseController.addCourseInfo(com.online.edu.eduservice.entity.CourseInfoForm)
2020-02-18 21:47:15.391 [restartedMain] INFO  o.s.w.s.m.m.a.RequestMappingHandlerMapping - Mapped "{[/eduservice/course/updateCourseInfo/{id}],methods=[POST]}" onto public com.online.edu.common.R com.online.edu.eduservice.controller.EduCourseController.updateCourseInfo(java.lang.Long,com.online.edu.eduservice.entity.CourseInfoForm)
2020-02-18 21:47:15.392 [restartedMain] INFO  o.s.w.s.m.m.a.RequestMappingHandlerMapping - Mapped "{[/eduservice/course/listCourse/{page}/{limit}],methods=[GET]}" onto public com.online.edu.common.R com.online.edu.eduservice.controller.EduCourseController.listCourse(java.lang.Long,java.lang.Long,com.online.edu.eduservice.entity.CourseQuery)
2020-02-18 21:47:15.393 [restartedMain] INFO  o.s.w.s.m.m.a.RequestMappingHandlerMapping - Mapped "{[/eduservice/course/deleteCourseId/{id}],methods=[DELETE]}" onto public com.online.edu.common.R com.online.edu.eduservice.controller.EduCourseController.deleteCourseId(java.lang.Long)
2020-02-18 21:47:15.395 [restartedMain] INFO  o.s.w.s.m.m.a.RequestMappingHandlerMapping - Mapped "{[/eduservice/edu-subject/import],methods=[POST]}" onto public com.online.edu.common.R com.online.edu.eduservice.controller.EduSubjectController.importExcelSubject(org.springframework.web.multipart.MultipartFile)
2020-02-18 21:47:15.396 [restartedMain] INFO  o.s.w.s.m.m.a.RequestMappingHandlerMapping - Mapped "{[/eduservice/edu-subject/list],methods=[GET]}" onto public com.online.edu.common.R com.online.edu.eduservice.controller.EduSubjectController.nestedList()
2020-02-18 21:47:15.397 [restartedMain] INFO  o.s.w.s.m.m.a.RequestMappingHandlerMapping - Mapped "{[/eduservice/edu-subject/{id}],methods=[DELETE]}" onto public com.online.edu.common.R com.online.edu.eduservice.controller.EduSubjectController.deleteSubjectId(java.lang.Long)
2020-02-18 21:47:15.398 [restartedMain] INFO  o.s.w.s.m.m.a.RequestMappingHandlerMapping - Mapped "{[/eduservice/edu-subject/addOneLevel],methods=[POST]}" onto public com.online.edu.common.R com.online.edu.eduservice.controller.EduSubjectController.addOneLevel(com.online.edu.eduservice.entity.EduSubject)
2020-02-18 21:47:15.398 [restartedMain] INFO  o.s.w.s.m.m.a.RequestMappingHandlerMapping - Mapped "{[/eduservice/edu-subject/addTwoLevel],methods=[POST]}" onto public com.online.edu.common.R com.online.edu.eduservice.controller.EduSubjectController.addTwoLevel(com.online.edu.eduservice.entity.EduSubject)
2020-02-18 21:47:15.407 [restartedMain] INFO  o.s.w.s.m.m.a.RequestMappingHandlerMapping - Mapped "{[/eduservice/edu-teacher/info],methods=[GET]}" onto public com.online.edu.common.R com.online.edu.eduservice.controller.EduTeacherController.info()
2020-02-18 21:47:15.411 [restartedMain] INFO  o.s.w.s.m.m.a.RequestMappingHandlerMapping - Mapped "{[/eduservice/edu-teacher/login],methods=[POST]}" onto public com.online.edu.common.R com.online.edu.eduservice.controller.EduTeacherController.login()
2020-02-18 21:47:15.412 [restartedMain] INFO  o.s.w.s.m.m.a.RequestMappingHandlerMapping - Mapped "{[/eduservice/edu-teacher/list],methods=[GET]}" onto public com.online.edu.common.R com.online.edu.eduservice.controller.EduTeacherController.getAllTeacherList()
2020-02-18 21:47:15.414 [restartedMain] INFO  o.s.w.s.m.m.a.RequestMappingHandlerMapping - Mapped "{[/eduservice/edu-teacher/{id}],methods=[DELETE]}" onto public boolean com.online.edu.eduservice.controller.EduTeacherController.deleteTeacher(java.lang.String)
2020-02-18 21:47:15.414 [restartedMain] INFO  o.s.w.s.m.m.a.RequestMappingHandlerMapping - Mapped "{[/eduservice/edu-teacher/pageList/{page}/{limit}],methods=[GET]}" onto public com.online.edu.common.R com.online.edu.eduservice.controller.EduTeacherController.getPageTeacherList(java.lang.Long,java.lang.Long)
2020-02-18 21:47:15.415 [restartedMain] INFO  o.s.w.s.m.m.a.RequestMappingHandlerMapping - Mapped "{[/eduservice/edu-teacher/moreCondtionPageList/{page}/{limit}],methods=[POST]}" onto public com.online.edu.common.R com.online.edu.eduservice.controller.EduTeacherController.getmoreConditionPageList(java.lang.Long,java.lang.Long,com.online.edu.eduservice.entity.QueryTeacher)
2020-02-18 21:47:15.416 [restartedMain] INFO  o.s.w.s.m.m.a.RequestMappingHandlerMapping - Mapped "{[/eduservice/edu-teacher/addTeacher],methods=[POST]}" onto public com.online.edu.common.R com.online.edu.eduservice.controller.EduTeacherController.addTeacher(com.online.edu.eduservice.entity.EduTeacher)
2020-02-18 21:47:15.416 [restartedMain] INFO  o.s.w.s.m.m.a.RequestMappingHandlerMapping - Mapped "{[/eduservice/edu-teacher/getTeacherInfo/{id}],methods=[GET]}" onto public com.online.edu.common.R com.online.edu.eduservice.controller.EduTeacherController.getTeacherInfo(java.lang.String)
2020-02-18 21:47:15.417 [restartedMain] INFO  o.s.w.s.m.m.a.RequestMappingHandlerMapping - Mapped "{[/eduservice/edu-teacher/updateTeacher],methods=[POST]}" onto public com.online.edu.common.R com.online.edu.eduservice.controller.EduTeacherController.updateTeacher(com.online.edu.eduservice.entity.EduTeacher)
2020-02-18 21:47:15.419 [restartedMain] INFO  o.s.w.s.m.m.a.RequestMappingHandlerMapping - Mapped "{[/eduservice/edu-video/addVideo],methods=[POST]}" onto public com.online.edu.common.R com.online.edu.eduservice.controller.EduVideoController.addVideo(com.online.edu.eduservice.entity.EduVideo)
2020-02-18 21:47:15.420 [restartedMain] INFO  o.s.w.s.m.m.a.RequestMappingHandlerMapping - Mapped "{[/eduservice/edu-video/{videoId}],methods=[GET]}" onto public com.online.edu.common.R com.online.edu.eduservice.controller.EduVideoController.getVideoId(java.lang.Long)
2020-02-18 21:47:15.421 [restartedMain] INFO  o.s.w.s.m.m.a.RequestMappingHandlerMapping - Mapped "{[/eduservice/edu-video/updateVideo],methods=[POST]}" onto public com.online.edu.common.R com.online.edu.eduservice.controller.EduVideoController.updateVideo(com.online.edu.eduservice.entity.EduVideo)
2020-02-18 21:47:15.421 [restartedMain] INFO  o.s.w.s.m.m.a.RequestMappingHandlerMapping - Mapped "{[/eduservice/edu-video/{videoId}],methods=[DELETE]}" onto public com.online.edu.common.R com.online.edu.eduservice.controller.EduVideoController.deleteVideoId(java.lang.Long)
2020-02-18 21:47:15.422 [restartedMain] INFO  o.s.w.s.m.m.a.RequestMappingHandlerMapping - Mapped "{[/eduservice/oss/upload],methods=[POST]}" onto public com.online.edu.common.R com.online.edu.eduservice.controller.FileUploadController.uploadTeacherImg(org.springframework.web.multipart.MultipartFile,java.lang.String) throws java.lang.Exception
2020-02-18 21:47:15.429 [restartedMain] INFO  o.s.w.s.m.m.a.RequestMappingHandlerMapping - Mapped "{[/swagger-resources/configuration/ui]}" onto public org.springframework.http.ResponseEntity<springfox.documentation.swagger.web.UiConfiguration> springfox.documentation.swagger.web.ApiResourceController.uiConfiguration()
2020-02-18 21:47:15.430 [restartedMain] INFO  o.s.w.s.m.m.a.RequestMappingHandlerMapping - Mapped "{[/swagger-resources/configuration/security]}" onto public org.springframework.http.ResponseEntity<springfox.documentation.swagger.web.SecurityConfiguration> springfox.documentation.swagger.web.ApiResourceController.securityConfiguration()
2020-02-18 21:47:15.432 [restartedMain] INFO  o.s.w.s.m.m.a.RequestMappingHandlerMapping - Mapped "{[/swagger-resources]}" onto public org.springframework.http.ResponseEntity<java.util.List<springfox.documentation.swagger.web.SwaggerResource>> springfox.documentation.swagger.web.ApiResourceController.swaggerResources()
2020-02-18 21:47:15.437 [restartedMain] INFO  o.s.w.s.m.m.a.RequestMappingHandlerMapping - Mapped "{[/error]}" onto public org.springframework.http.ResponseEntity<java.util.Map<java.lang.String, java.lang.Object>> org.springframework.boot.autoconfigure.web.servlet.error.BasicErrorController.error(javax.servlet.http.HttpServletRequest)
2020-02-18 21:47:15.438 [restartedMain] INFO  o.s.w.s.m.m.a.RequestMappingHandlerMapping - Mapped "{[/error],produces=[text/html]}" onto public org.springframework.web.servlet.ModelAndView org.springframework.boot.autoconfigure.web.servlet.error.BasicErrorController.errorHtml(javax.servlet.http.HttpServletRequest,javax.servlet.http.HttpServletResponse)
2020-02-18 21:47:15.669 [restartedMain] INFO  s.d.s.w.PropertySourcedRequestMappingHandlerMapping - Mapped URL path [/v2/api-docs] onto method [public org.springframework.http.ResponseEntity<springfox.documentation.spring.web.json.Json> springfox.documentation.swagger2.web.Swagger2Controller.getDocumentation(java.lang.String,javax.servlet.http.HttpServletRequest)]
2020-02-18 21:47:15.772 [restartedMain] INFO  o.s.web.servlet.handler.SimpleUrlHandlerMapping - Mapped URL path [/**/favicon.ico] onto handler of type [class org.springframework.web.servlet.resource.ResourceHttpRequestHandler]
2020-02-18 21:47:15.970 [restartedMain] INFO  o.s.w.s.m.m.a.RequestMappingHandlerAdapter - Looking for @ControllerAdvice: org.springframework.boot.web.servlet.context.AnnotationConfigServletWebServerApplicationContext@396e6755: startup date [Tue Feb 18 21:47:10 CST 2020]; root of context hierarchy
2020-02-18 21:47:16.028 [restartedMain] INFO  o.s.web.servlet.handler.SimpleUrlHandlerMapping - Mapped URL path [/webjars/**] onto handler of type [class org.springframework.web.servlet.resource.ResourceHttpRequestHandler]
2020-02-18 21:47:16.028 [restartedMain] INFO  o.s.web.servlet.handler.SimpleUrlHandlerMapping - Mapped URL path [/**] onto handler of type [class org.springframework.web.servlet.resource.ResourceHttpRequestHandler]
2020-02-18 21:47:16.047 [restartedMain] INFO  o.s.w.s.m.m.a.ExceptionHandlerExceptionResolver - Detected @ExceptionHandler methods in globalException
2020-02-18 21:47:16.464 [restartedMain] INFO  o.s.b.d.autoconfigure.OptionalLiveReloadServer - LiveReload server is running on port 35729
2020-02-18 21:47:16.514 [restartedMain] INFO  o.s.jmx.export.annotation.AnnotationMBeanExporter - Registering beans for JMX exposure on startup
2020-02-18 21:47:16.517 [restartedMain] INFO  o.s.jmx.export.annotation.AnnotationMBeanExporter - Bean with name 'dataSource' has been autodetected for JMX exposure
2020-02-18 21:47:16.525 [restartedMain] INFO  o.s.jmx.export.annotation.AnnotationMBeanExporter - Located MBean 'dataSource': registering with JMX server as MBean [com.zaxxer.hikari:name=dataSource,type=HikariDataSource]
2020-02-18 21:47:16.532 [restartedMain] INFO  o.s.context.support.DefaultLifecycleProcessor - Starting beans in phase 2147483647
2020-02-18 21:47:16.532 [restartedMain] INFO  s.d.s.web.plugins.DocumentationPluginsBootstrapper - Context refreshed
2020-02-18 21:47:16.551 [restartedMain] INFO  s.d.s.web.plugins.DocumentationPluginsBootstrapper - Found 1 custom documentation plugin(s)
2020-02-18 21:47:16.608 [restartedMain] INFO  s.d.spring.web.scanners.ApiListingReferenceScanner - Scanning for api listing references
2020-02-18 21:47:16.984 [restartedMain] INFO  org.apache.coyote.http11.Http11NioProtocol - Starting ProtocolHandler ["http-nio-8001"]
2020-02-18 21:47:17.022 [restartedMain] INFO  org.apache.tomcat.util.net.NioSelectorPool - Using a shared selector for servlet write/read
2020-02-18 21:47:17.039 [restartedMain] INFO  o.s.boot.web.embedded.tomcat.TomcatWebServer - Tomcat started on port(s): 8001 (http) with context path ''
2020-02-18 21:47:17.048 [restartedMain] INFO  com.online.edu.eduservice.EduApplication - Started EduApplication in 7.716 seconds (JVM running for 9.421)
2020-02-18 21:47:22.224 [http-nio-8001-exec-1] INFO  o.a.c.core.ContainerBase.[Tomcat].[localhost].[/] - Initializing Spring FrameworkServlet 'dispatcherServlet'
2020-02-18 21:47:22.225 [http-nio-8001-exec-1] INFO  org.springframework.web.servlet.DispatcherServlet - FrameworkServlet 'dispatcherServlet': initialization started
2020-02-18 21:47:22.255 [http-nio-8001-exec-1] INFO  org.springframework.web.servlet.DispatcherServlet - FrameworkServlet 'dispatcherServlet': initialization completed in 30 ms
