2020-02-24 16:02:04.539 [restartedMain] INFO  com.online.edu.eduservice.EduApplication - Starting EduApplication on CN0214005103M.local with PID 31012 (/Users/jiaxiangyu/Downloads/xueyuan_edu/xueyuan_eduservice/target/classes started by jiaxiangyu in /Users/jiaxiangyu/Downloads/xueyuan_edu)
2020-02-24 16:02:04.544 [restartedMain] INFO  com.online.edu.eduservice.EduApplication - The following profiles are active: dev
2020-02-24 16:02:04.809 [restartedMain] INFO  o.s.b.w.s.c.AnnotationConfigServletWebServerApplicationContext - Refreshing org.springframework.boot.web.servlet.context.AnnotationConfigServletWebServerApplicationContext@2d2562aa: startup date [Mon Feb 24 16:02:04 CST 2020]; root of context hierarchy
2020-02-24 16:02:09.646 [restartedMain] INFO  o.s.c.s.PostProcessorRegistrationDelegate$BeanPostProcessorChecker - Bean 'org.springframework.transaction.annotation.ProxyTransactionManagementConfiguration' of type [org.springframework.transaction.annotation.ProxyTransactionManagementConfiguration$$EnhancerBySpringCGLIB$$51961464] is not eligible for getting processed by all BeanPostProcessors (for example: not eligible for auto-proxying)
2020-02-24 16:02:11.261 [restartedMain] INFO  o.s.boot.web.embedded.tomcat.TomcatWebServer - Tomcat initialized with port(s): 8001 (http)
2020-02-24 16:02:11.329 [restartedMain] INFO  org.apache.coyote.http11.Http11NioProtocol - Initializing ProtocolHandler ["http-nio-8001"]
2020-02-24 16:02:11.398 [restartedMain] INFO  org.apache.catalina.core.StandardService - Starting service [Tomcat]
2020-02-24 16:02:11.402 [restartedMain] INFO  org.apache.catalina.core.StandardEngine - Starting Servlet Engine: Apache Tomcat/8.5.35
2020-02-24 16:02:11.454 [localhost-startStop-1] INFO  org.apache.catalina.core.AprLifecycleListener - The APR based Apache Tomcat Native library which allows optimal performance in production environments was not found on the java.library.path: [/Users/jiaxiangyu/Library/Java/Extensions:/Library/Java/Extensions:/Network/Library/Java/Extensions:/System/Library/Java/Extensions:/usr/lib/java:.]
2020-02-24 16:02:12.155 [localhost-startStop-1] INFO  o.a.c.core.ContainerBase.[Tomcat].[localhost].[/] - Initializing Spring embedded WebApplicationContext
2020-02-24 16:02:12.158 [localhost-startStop-1] INFO  org.springframework.web.context.ContextLoader - Root WebApplicationContext: initialization completed in 7348 ms
2020-02-24 16:02:13.357 [localhost-startStop-1] INFO  o.s.boot.web.servlet.ServletRegistrationBean - Servlet dispatcherServlet mapped to [/]
2020-02-24 16:02:13.366 [localhost-startStop-1] INFO  o.s.boot.web.servlet.FilterRegistrationBean - Mapping filter: 'characterEncodingFilter' to: [/*]
2020-02-24 16:02:13.412 [localhost-startStop-1] INFO  o.s.boot.web.servlet.FilterRegistrationBean - Mapping filter: 'hiddenHttpMethodFilter' to: [/*]
2020-02-24 16:02:13.413 [localhost-startStop-1] INFO  o.s.boot.web.servlet.FilterRegistrationBean - Mapping filter: 'httpPutFormContentFilter' to: [/*]
2020-02-24 16:02:13.413 [localhost-startStop-1] INFO  o.s.boot.web.servlet.FilterRegistrationBean - Mapping filter: 'requestContextFilter' to: [/*]
2020-02-24 16:02:15.205 [restartedMain] INFO  com.zaxxer.hikari.HikariDataSource - GuliHikariPool - Starting...
2020-02-24 16:02:17.749 [restartedMain] INFO  com.zaxxer.hikari.HikariDataSource - GuliHikariPool - Start completed.
2020-02-24 16:02:21.806 [restartedMain] INFO  o.s.w.s.m.m.a.RequestMappingHandlerMapping - Mapped "{[/eduservice/chapter/getChapterVideoList/{id}],methods=[GET]}" onto public com.online.edu.common.R com.online.edu.eduservice.controller.EduChapterController.getChapterVideoList(java.lang.String)
2020-02-24 16:02:21.810 [restartedMain] INFO  o.s.w.s.m.m.a.RequestMappingHandlerMapping - Mapped "{[/eduservice/chapter/add],methods=[POST]}" onto public com.online.edu.common.R com.online.edu.eduservice.controller.EduChapterController.addChapter(com.online.edu.eduservice.entity.EduChapter)
2020-02-24 16:02:21.811 [restartedMain] INFO  o.s.w.s.m.m.a.RequestMappingHandlerMapping - Mapped "{[/eduservice/chapter/getChapterInfo/{chapterId}],methods=[GET]}" onto public com.online.edu.common.R com.online.edu.eduservice.controller.EduChapterController.getChapterInfo(java.lang.Long)
2020-02-24 16:02:21.813 [restartedMain] INFO  o.s.w.s.m.m.a.RequestMappingHandlerMapping - Mapped "{[/eduservice/chapter/updateChapter],methods=[POST]}" onto public com.online.edu.common.R com.online.edu.eduservice.controller.EduChapterController.updateChapter(com.online.edu.eduservice.entity.EduChapter)
2020-02-24 16:02:21.817 [restartedMain] INFO  o.s.w.s.m.m.a.RequestMappingHandlerMapping - Mapped "{[/eduservice/chapter/{chapterId}],methods=[DELETE]}" onto public com.online.edu.common.R com.online.edu.eduservice.controller.EduChapterController.deleteChapter(java.lang.Long)
2020-02-24 16:02:21.830 [restartedMain] INFO  o.s.w.s.m.m.a.RequestMappingHandlerMapping - Mapped "{[/eduservice/course/publicCourse/{courseId}],methods=[POST]}" onto public com.online.edu.common.R com.online.edu.eduservice.controller.EduCourseController.publicCourse(java.lang.Long)
2020-02-24 16:02:21.832 [restartedMain] INFO  o.s.w.s.m.m.a.RequestMappingHandlerMapping - Mapped "{[/eduservice/course/getCourseInfo/{id}],methods=[GET]}" onto public com.online.edu.common.R com.online.edu.eduservice.controller.EduCourseController.getCourseInfo(java.lang.Long)
2020-02-24 16:02:21.833 [restartedMain] INFO  o.s.w.s.m.m.a.RequestMappingHandlerMapping - Mapped "{[/eduservice/course/addCourseInfo],methods=[POST]}" onto public com.online.edu.common.R com.online.edu.eduservice.controller.EduCourseController.addCourseInfo(com.online.edu.eduservice.entity.CourseInfoForm)
2020-02-24 16:02:21.836 [restartedMain] INFO  o.s.w.s.m.m.a.RequestMappingHandlerMapping - Mapped "{[/eduservice/course/updateCourseInfo/{id}],methods=[POST]}" onto public com.online.edu.common.R com.online.edu.eduservice.controller.EduCourseController.updateCourseInfo(java.lang.Long,com.online.edu.eduservice.entity.CourseInfoForm)
2020-02-24 16:02:21.840 [restartedMain] INFO  o.s.w.s.m.m.a.RequestMappingHandlerMapping - Mapped "{[/eduservice/course/listCourse/{page}/{limit}],methods=[GET]}" onto public com.online.edu.common.R com.online.edu.eduservice.controller.EduCourseController.listCourse(java.lang.Long,java.lang.Long,com.online.edu.eduservice.entity.CourseQuery)
2020-02-24 16:02:21.841 [restartedMain] INFO  o.s.w.s.m.m.a.RequestMappingHandlerMapping - Mapped "{[/eduservice/course/deleteCourseId/{id}],methods=[DELETE]}" onto public com.online.edu.common.R com.online.edu.eduservice.controller.EduCourseController.deleteCourseId(java.lang.Long)
2020-02-24 16:02:21.843 [restartedMain] INFO  o.s.w.s.m.m.a.RequestMappingHandlerMapping - Mapped "{[/eduservice/course/getAllCourseInfo/{courseId}],methods=[GET]}" onto public com.online.edu.common.R com.online.edu.eduservice.controller.EduCourseController.getAllCourseInfo(java.lang.String)
2020-02-24 16:02:21.854 [restartedMain] INFO  o.s.w.s.m.m.a.RequestMappingHandlerMapping - Mapped "{[/eduservice/edu-subject/import],methods=[POST]}" onto public com.online.edu.common.R com.online.edu.eduservice.controller.EduSubjectController.importExcelSubject(org.springframework.web.multipart.MultipartFile)
2020-02-24 16:02:21.856 [restartedMain] INFO  o.s.w.s.m.m.a.RequestMappingHandlerMapping - Mapped "{[/eduservice/edu-subject/list],methods=[GET]}" onto public com.online.edu.common.R com.online.edu.eduservice.controller.EduSubjectController.nestedList()
2020-02-24 16:02:21.857 [restartedMain] INFO  o.s.w.s.m.m.a.RequestMappingHandlerMapping - Mapped "{[/eduservice/edu-subject/{id}],methods=[DELETE]}" onto public com.online.edu.common.R com.online.edu.eduservice.controller.EduSubjectController.deleteSubjectId(java.lang.Long)
2020-02-24 16:02:21.860 [restartedMain] INFO  o.s.w.s.m.m.a.RequestMappingHandlerMapping - Mapped "{[/eduservice/edu-subject/addOneLevel],methods=[POST]}" onto public com.online.edu.common.R com.online.edu.eduservice.controller.EduSubjectController.addOneLevel(com.online.edu.eduservice.entity.EduSubject)
2020-02-24 16:02:21.875 [restartedMain] INFO  o.s.w.s.m.m.a.RequestMappingHandlerMapping - Mapped "{[/eduservice/edu-subject/addTwoLevel],methods=[POST]}" onto public com.online.edu.common.R com.online.edu.eduservice.controller.EduSubjectController.addTwoLevel(com.online.edu.eduservice.entity.EduSubject)
2020-02-24 16:02:21.880 [restartedMain] INFO  o.s.w.s.m.m.a.RequestMappingHandlerMapping - Mapped "{[/eduservice/edu-teacher/info],methods=[GET]}" onto public com.online.edu.common.R com.online.edu.eduservice.controller.EduTeacherController.info()
2020-02-24 16:02:21.882 [restartedMain] INFO  o.s.w.s.m.m.a.RequestMappingHandlerMapping - Mapped "{[/eduservice/edu-teacher/login],methods=[POST]}" onto public com.online.edu.common.R com.online.edu.eduservice.controller.EduTeacherController.login()
2020-02-24 16:02:21.883 [restartedMain] INFO  o.s.w.s.m.m.a.RequestMappingHandlerMapping - Mapped "{[/eduservice/edu-teacher/list],methods=[GET]}" onto public com.online.edu.common.R com.online.edu.eduservice.controller.EduTeacherController.getAllTeacherList()
2020-02-24 16:02:21.884 [restartedMain] INFO  o.s.w.s.m.m.a.RequestMappingHandlerMapping - Mapped "{[/eduservice/edu-teacher/{id}],methods=[DELETE]}" onto public boolean com.online.edu.eduservice.controller.EduTeacherController.deleteTeacher(java.lang.String)
2020-02-24 16:02:21.886 [restartedMain] INFO  o.s.w.s.m.m.a.RequestMappingHandlerMapping - Mapped "{[/eduservice/edu-teacher/pageList/{page}/{limit}],methods=[GET]}" onto public com.online.edu.common.R com.online.edu.eduservice.controller.EduTeacherController.getPageTeacherList(java.lang.Long,java.lang.Long)
2020-02-24 16:02:21.887 [restartedMain] INFO  o.s.w.s.m.m.a.RequestMappingHandlerMapping - Mapped "{[/eduservice/edu-teacher/moreCondtionPageList/{page}/{limit}],methods=[POST]}" onto public com.online.edu.common.R com.online.edu.eduservice.controller.EduTeacherController.getmoreConditionPageList(java.lang.Long,java.lang.Long,com.online.edu.eduservice.entity.QueryTeacher)
2020-02-24 16:02:21.888 [restartedMain] INFO  o.s.w.s.m.m.a.RequestMappingHandlerMapping - Mapped "{[/eduservice/edu-teacher/addTeacher],methods=[POST]}" onto public com.online.edu.common.R com.online.edu.eduservice.controller.EduTeacherController.addTeacher(com.online.edu.eduservice.entity.EduTeacher)
2020-02-24 16:02:21.890 [restartedMain] INFO  o.s.w.s.m.m.a.RequestMappingHandlerMapping - Mapped "{[/eduservice/edu-teacher/getTeacherInfo/{id}],methods=[GET]}" onto public com.online.edu.common.R com.online.edu.eduservice.controller.EduTeacherController.getTeacherInfo(java.lang.String)
2020-02-24 16:02:21.891 [restartedMain] INFO  o.s.w.s.m.m.a.RequestMappingHandlerMapping - Mapped "{[/eduservice/edu-teacher/updateTeacher],methods=[POST]}" onto public com.online.edu.common.R com.online.edu.eduservice.controller.EduTeacherController.updateTeacher(com.online.edu.eduservice.entity.EduTeacher)
2020-02-24 16:02:21.894 [restartedMain] INFO  o.s.w.s.m.m.a.RequestMappingHandlerMapping - Mapped "{[/eduservice/edu-video/addVideo],methods=[POST]}" onto public com.online.edu.common.R com.online.edu.eduservice.controller.EduVideoController.addVideo(com.online.edu.eduservice.entity.EduVideo)
2020-02-24 16:02:21.896 [restartedMain] INFO  o.s.w.s.m.m.a.RequestMappingHandlerMapping - Mapped "{[/eduservice/edu-video/{videoId}],methods=[GET]}" onto public com.online.edu.common.R com.online.edu.eduservice.controller.EduVideoController.getVideoId(java.lang.Long)
2020-02-24 16:02:21.898 [restartedMain] INFO  o.s.w.s.m.m.a.RequestMappingHandlerMapping - Mapped "{[/eduservice/edu-video/updateVideo],methods=[POST]}" onto public com.online.edu.common.R com.online.edu.eduservice.controller.EduVideoController.updateVideo(com.online.edu.eduservice.entity.EduVideo)
2020-02-24 16:02:21.906 [restartedMain] INFO  o.s.w.s.m.m.a.RequestMappingHandlerMapping - Mapped "{[/eduservice/edu-video/deleteVideoId/{videoId}],methods=[DELETE]}" onto public com.online.edu.common.R com.online.edu.eduservice.controller.EduVideoController.deleteVideo(java.lang.Long)
2020-02-24 16:02:21.909 [restartedMain] INFO  o.s.w.s.m.m.a.RequestMappingHandlerMapping - Mapped "{[/eduservice/oss/upload],methods=[POST]}" onto public com.online.edu.common.R com.online.edu.eduservice.controller.FileUploadController.uploadTeacherImg(org.springframework.web.multipart.MultipartFile,java.lang.String) throws java.lang.Exception
2020-02-24 16:02:21.925 [restartedMain] INFO  o.s.w.s.m.m.a.RequestMappingHandlerMapping - Mapped "{[/swagger-resources/configuration/security]}" onto public org.springframework.http.ResponseEntity<springfox.documentation.swagger.web.SecurityConfiguration> springfox.documentation.swagger.web.ApiResourceController.securityConfiguration()
2020-02-24 16:02:21.938 [restartedMain] INFO  o.s.w.s.m.m.a.RequestMappingHandlerMapping - Mapped "{[/swagger-resources/configuration/ui]}" onto public org.springframework.http.ResponseEntity<springfox.documentation.swagger.web.UiConfiguration> springfox.documentation.swagger.web.ApiResourceController.uiConfiguration()
2020-02-24 16:02:21.965 [restartedMain] INFO  o.s.w.s.m.m.a.RequestMappingHandlerMapping - Mapped "{[/swagger-resources]}" onto public org.springframework.http.ResponseEntity<java.util.List<springfox.documentation.swagger.web.SwaggerResource>> springfox.documentation.swagger.web.ApiResourceController.swaggerResources()
2020-02-24 16:02:22.028 [restartedMain] INFO  o.s.w.s.m.m.a.RequestMappingHandlerMapping - Mapped "{[/error]}" onto public org.springframework.http.ResponseEntity<java.util.Map<java.lang.String, java.lang.Object>> org.springframework.boot.autoconfigure.web.servlet.error.BasicErrorController.error(javax.servlet.http.HttpServletRequest)
2020-02-24 16:02:22.034 [restartedMain] INFO  o.s.w.s.m.m.a.RequestMappingHandlerMapping - Mapped "{[/error],produces=[text/html]}" onto public org.springframework.web.servlet.ModelAndView org.springframework.boot.autoconfigure.web.servlet.error.BasicErrorController.errorHtml(javax.servlet.http.HttpServletRequest,javax.servlet.http.HttpServletResponse)
2020-02-24 16:02:22.618 [restartedMain] INFO  s.d.s.w.PropertySourcedRequestMappingHandlerMapping - Mapped URL path [/v2/api-docs] onto method [public org.springframework.http.ResponseEntity<springfox.documentation.spring.web.json.Json> springfox.documentation.swagger2.web.Swagger2Controller.getDocumentation(java.lang.String,javax.servlet.http.HttpServletRequest)]
2020-02-24 16:02:22.895 [restartedMain] INFO  o.s.web.servlet.handler.SimpleUrlHandlerMapping - Mapped URL path [/**/favicon.ico] onto handler of type [class org.springframework.web.servlet.resource.ResourceHttpRequestHandler]
2020-02-24 16:02:23.534 [restartedMain] INFO  o.s.w.s.m.m.a.RequestMappingHandlerAdapter - Looking for @ControllerAdvice: org.springframework.boot.web.servlet.context.AnnotationConfigServletWebServerApplicationContext@2d2562aa: startup date [Mon Feb 24 16:02:04 CST 2020]; root of context hierarchy
2020-02-24 16:02:23.768 [restartedMain] INFO  o.s.web.servlet.handler.SimpleUrlHandlerMapping - Mapped URL path [/webjars/**] onto handler of type [class org.springframework.web.servlet.resource.ResourceHttpRequestHandler]
2020-02-24 16:02:23.774 [restartedMain] INFO  o.s.web.servlet.handler.SimpleUrlHandlerMapping - Mapped URL path [/**] onto handler of type [class org.springframework.web.servlet.resource.ResourceHttpRequestHandler]
2020-02-24 16:02:23.828 [restartedMain] INFO  o.s.w.s.m.m.a.ExceptionHandlerExceptionResolver - Detected @ExceptionHandler methods in globalException
2020-02-24 16:02:24.641 [restartedMain] INFO  o.s.b.d.autoconfigure.OptionalLiveReloadServer - LiveReload server is running on port 35729
2020-02-24 16:02:24.906 [restartedMain] INFO  o.s.jmx.export.annotation.AnnotationMBeanExporter - Registering beans for JMX exposure on startup
2020-02-24 16:02:24.913 [restartedMain] INFO  o.s.jmx.export.annotation.AnnotationMBeanExporter - Bean with name 'dataSource' has been autodetected for JMX exposure
2020-02-24 16:02:24.935 [restartedMain] INFO  o.s.jmx.export.annotation.AnnotationMBeanExporter - Located MBean 'dataSource': registering with JMX server as MBean [com.zaxxer.hikari:name=dataSource,type=HikariDataSource]
2020-02-24 16:02:24.954 [restartedMain] INFO  o.s.context.support.DefaultLifecycleProcessor - Starting beans in phase 2147483647
2020-02-24 16:02:24.955 [restartedMain] INFO  s.d.s.web.plugins.DocumentationPluginsBootstrapper - Context refreshed
2020-02-24 16:02:25.010 [restartedMain] INFO  s.d.s.web.plugins.DocumentationPluginsBootstrapper - Found 1 custom documentation plugin(s)
2020-02-24 16:02:25.263 [restartedMain] INFO  s.d.spring.web.scanners.ApiListingReferenceScanner - Scanning for api listing references
2020-02-24 16:02:26.729 [restartedMain] INFO  org.apache.coyote.http11.Http11NioProtocol - Starting ProtocolHandler ["http-nio-8001"]
2020-02-24 16:02:26.834 [restartedMain] INFO  org.apache.tomcat.util.net.NioSelectorPool - Using a shared selector for servlet write/read
2020-02-24 16:02:26.877 [restartedMain] INFO  o.s.boot.web.embedded.tomcat.TomcatWebServer - Tomcat started on port(s): 8001 (http) with context path ''
2020-02-24 16:02:26.926 [restartedMain] INFO  com.online.edu.eduservice.EduApplication - Started EduApplication in 23.722 seconds (JVM running for 25.821)
2020-02-24 16:02:39.596 [http-nio-8001-exec-1] INFO  o.a.c.core.ContainerBase.[Tomcat].[localhost].[/] - Initializing Spring FrameworkServlet 'dispatcherServlet'
2020-02-24 16:02:39.597 [http-nio-8001-exec-1] INFO  org.springframework.web.servlet.DispatcherServlet - FrameworkServlet 'dispatcherServlet': initialization started
2020-02-24 16:02:39.634 [http-nio-8001-exec-1] INFO  org.springframework.web.servlet.DispatcherServlet - FrameworkServlet 'dispatcherServlet': initialization completed in 36 ms
2020-02-24 17:51:01.696 [Thread-56] INFO  o.s.b.w.s.c.AnnotationConfigServletWebServerApplicationContext - Closing org.springframework.boot.web.servlet.context.AnnotationConfigServletWebServerApplicationContext@2d2562aa: startup date [Mon Feb 24 16:02:04 CST 2020]; root of context hierarchy
2020-02-24 17:51:01.747 [Thread-56] INFO  o.s.context.support.DefaultLifecycleProcessor - Stopping beans in phase 2147483647
2020-02-24 17:51:01.767 [Thread-56] INFO  o.s.jmx.export.annotation.AnnotationMBeanExporter - Unregistering JMX-exposed beans on shutdown
2020-02-24 17:51:01.769 [Thread-56] INFO  o.s.jmx.export.annotation.AnnotationMBeanExporter - Unregistering JMX-exposed beans
2020-02-24 17:51:01.776 [Thread-56] INFO  com.zaxxer.hikari.HikariDataSource - GuliHikariPool - Shutdown initiated...
2020-02-24 17:51:01.782 [Thread-56] INFO  com.zaxxer.hikari.HikariDataSource - GuliHikariPool - Shutdown completed.
