2020-02-21 10:18:57.592 [Thread-22] INFO  o.s.b.w.s.c.AnnotationConfigServletWebServerApplicationContext - Closing org.springframework.boot.web.servlet.context.AnnotationConfigServletWebServerApplicationContext@34688322: startup date [Thu Feb 20 19:19:54 CST 2020]; root of context hierarchy
2020-02-21 10:18:57.695 [Thread-22] INFO  o.s.context.support.DefaultLifecycleProcessor - Stopping beans in phase 2147483647
2020-02-21 10:18:57.715 [Thread-22] INFO  o.s.jmx.export.annotation.AnnotationMBeanExporter - Unregistering JMX-exposed beans on shutdown
2020-02-21 10:18:57.716 [Thread-22] INFO  o.s.jmx.export.annotation.AnnotationMBeanExporter - Unregistering JMX-exposed beans
2020-02-21 10:18:57.720 [Thread-22] INFO  com.zaxxer.hikari.HikariDataSource - GuliHikariPool - Shutdown initiated...
2020-02-21 10:18:57.727 [Thread-22] INFO  com.zaxxer.hikari.HikariDataSource - GuliHikariPool - Shutdown completed.
2020-02-21 11:52:26.035 [restartedMain] INFO  com.online.edu.eduservice.EduApplication - Starting EduApplication on CN0214005103M.local with PID 24267 (/Users/jiaxiangyu/Downloads/xueyuan_edu/xueyuan_eduservice/target/classes started by jiaxiangyu in /Users/jiaxiangyu/Downloads/xueyuan_edu)
2020-02-21 11:52:26.068 [restartedMain] INFO  com.online.edu.eduservice.EduApplication - The following profiles are active: dev
2020-02-21 11:52:26.309 [restartedMain] INFO  o.s.b.w.s.c.AnnotationConfigServletWebServerApplicationContext - Refreshing org.springframework.boot.web.servlet.context.AnnotationConfigServletWebServerApplicationContext@4b796f34: startup date [Fri Feb 21 11:52:26 CST 2020]; root of context hierarchy
2020-02-21 11:52:32.101 [restartedMain] INFO  o.s.c.s.PostProcessorRegistrationDelegate$BeanPostProcessorChecker - Bean 'org.springframework.transaction.annotation.ProxyTransactionManagementConfiguration' of type [org.springframework.transaction.annotation.ProxyTransactionManagementConfiguration$$EnhancerBySpringCGLIB$$93db0590] is not eligible for getting processed by all BeanPostProcessors (for example: not eligible for auto-proxying)
2020-02-21 11:52:33.537 [restartedMain] INFO  o.s.boot.web.embedded.tomcat.TomcatWebServer - Tomcat initialized with port(s): 8001 (http)
2020-02-21 11:52:33.571 [restartedMain] INFO  org.apache.coyote.http11.Http11NioProtocol - Initializing ProtocolHandler ["http-nio-8001"]
2020-02-21 11:52:33.608 [restartedMain] INFO  org.apache.catalina.core.StandardService - Starting service [Tomcat]
2020-02-21 11:52:33.609 [restartedMain] INFO  org.apache.catalina.core.StandardEngine - Starting Servlet Engine: Apache Tomcat/8.5.35
2020-02-21 11:52:33.615 [localhost-startStop-1] INFO  org.apache.catalina.core.AprLifecycleListener - The APR based Apache Tomcat Native library which allows optimal performance in production environments was not found on the java.library.path: [/Users/jiaxiangyu/Library/Java/Extensions:/Library/Java/Extensions:/Network/Library/Java/Extensions:/System/Library/Java/Extensions:/usr/lib/java:.]
2020-02-21 11:52:33.786 [localhost-startStop-1] INFO  o.a.c.core.ContainerBase.[Tomcat].[localhost].[/] - Initializing Spring embedded WebApplicationContext
2020-02-21 11:52:33.787 [localhost-startStop-1] INFO  org.springframework.web.context.ContextLoader - Root WebApplicationContext: initialization completed in 7478 ms
2020-02-21 11:52:33.919 [localhost-startStop-1] INFO  o.s.boot.web.servlet.ServletRegistrationBean - Servlet dispatcherServlet mapped to [/]
2020-02-21 11:52:33.931 [localhost-startStop-1] INFO  o.s.boot.web.servlet.FilterRegistrationBean - Mapping filter: 'characterEncodingFilter' to: [/*]
2020-02-21 11:52:33.932 [localhost-startStop-1] INFO  o.s.boot.web.servlet.FilterRegistrationBean - Mapping filter: 'hiddenHttpMethodFilter' to: [/*]
2020-02-21 11:52:33.932 [localhost-startStop-1] INFO  o.s.boot.web.servlet.FilterRegistrationBean - Mapping filter: 'httpPutFormContentFilter' to: [/*]
2020-02-21 11:52:33.934 [localhost-startStop-1] INFO  o.s.boot.web.servlet.FilterRegistrationBean - Mapping filter: 'requestContextFilter' to: [/*]
2020-02-21 11:52:34.419 [restartedMain] INFO  com.zaxxer.hikari.HikariDataSource - GuliHikariPool - Starting...
2020-02-21 11:52:35.131 [restartedMain] INFO  com.zaxxer.hikari.HikariDataSource - GuliHikariPool - Start completed.
2020-02-21 11:52:36.773 [restartedMain] INFO  o.s.w.s.m.m.a.RequestMappingHandlerMapping - Mapped "{[/eduservice/chapter/getChapterVideoList/{id}],methods=[GET]}" onto public com.online.edu.common.R com.online.edu.eduservice.controller.EduChapterController.getChapterVideoList(java.lang.String)
2020-02-21 11:52:36.782 [restartedMain] INFO  o.s.w.s.m.m.a.RequestMappingHandlerMapping - Mapped "{[/eduservice/chapter/add],methods=[POST]}" onto public com.online.edu.common.R com.online.edu.eduservice.controller.EduChapterController.addChapter(com.online.edu.eduservice.entity.EduChapter)
2020-02-21 11:52:36.783 [restartedMain] INFO  o.s.w.s.m.m.a.RequestMappingHandlerMapping - Mapped "{[/eduservice/chapter/getChapterInfo/{chapterId}],methods=[GET]}" onto public com.online.edu.common.R com.online.edu.eduservice.controller.EduChapterController.getChapterInfo(java.lang.Long)
2020-02-21 11:52:36.785 [restartedMain] INFO  o.s.w.s.m.m.a.RequestMappingHandlerMapping - Mapped "{[/eduservice/chapter/updateChapter],methods=[POST]}" onto public com.online.edu.common.R com.online.edu.eduservice.controller.EduChapterController.updateChapter(com.online.edu.eduservice.entity.EduChapter)
2020-02-21 11:52:36.786 [restartedMain] INFO  o.s.w.s.m.m.a.RequestMappingHandlerMapping - Mapped "{[/eduservice/chapter/{chapterId}],methods=[DELETE]}" onto public com.online.edu.common.R com.online.edu.eduservice.controller.EduChapterController.deleteChapter(java.lang.Long)
2020-02-21 11:52:36.804 [restartedMain] INFO  o.s.w.s.m.m.a.RequestMappingHandlerMapping - Mapped "{[/eduservice/course/getCourseInfo/{id}],methods=[GET]}" onto public com.online.edu.common.R com.online.edu.eduservice.controller.EduCourseController.getCourseInfo(java.lang.Long)
2020-02-21 11:52:36.805 [restartedMain] INFO  o.s.w.s.m.m.a.RequestMappingHandlerMapping - Mapped "{[/eduservice/course/addCourseInfo],methods=[POST]}" onto public com.online.edu.common.R com.online.edu.eduservice.controller.EduCourseController.addCourseInfo(com.online.edu.eduservice.entity.CourseInfoForm)
2020-02-21 11:52:36.806 [restartedMain] INFO  o.s.w.s.m.m.a.RequestMappingHandlerMapping - Mapped "{[/eduservice/course/updateCourseInfo/{id}],methods=[POST]}" onto public com.online.edu.common.R com.online.edu.eduservice.controller.EduCourseController.updateCourseInfo(java.lang.Long,com.online.edu.eduservice.entity.CourseInfoForm)
2020-02-21 11:52:36.807 [restartedMain] INFO  o.s.w.s.m.m.a.RequestMappingHandlerMapping - Mapped "{[/eduservice/course/listCourse/{page}/{limit}],methods=[GET]}" onto public com.online.edu.common.R com.online.edu.eduservice.controller.EduCourseController.listCourse(java.lang.Long,java.lang.Long,com.online.edu.eduservice.entity.CourseQuery)
2020-02-21 11:52:36.808 [restartedMain] INFO  o.s.w.s.m.m.a.RequestMappingHandlerMapping - Mapped "{[/eduservice/course/deleteCourseId/{id}],methods=[DELETE]}" onto public com.online.edu.common.R com.online.edu.eduservice.controller.EduCourseController.deleteCourseId(java.lang.Long)
2020-02-21 11:52:36.810 [restartedMain] INFO  o.s.w.s.m.m.a.RequestMappingHandlerMapping - Mapped "{[/eduservice/course/getAllCourseInfo/{courseId}],methods=[GET]}" onto public com.online.edu.common.R com.online.edu.eduservice.controller.EduCourseController.getAllCourseInfo(java.lang.String)
2020-02-21 11:52:36.811 [restartedMain] INFO  o.s.w.s.m.m.a.RequestMappingHandlerMapping - Mapped "{[/eduservice/course/publicCourse/{courseId}],methods=[GET]}" onto public com.online.edu.common.R com.online.edu.eduservice.controller.EduCourseController.publicCourse(java.lang.Long)
2020-02-21 11:52:36.818 [restartedMain] INFO  o.s.w.s.m.m.a.RequestMappingHandlerMapping - Mapped "{[/eduservice/edu-subject/list],methods=[GET]}" onto public com.online.edu.common.R com.online.edu.eduservice.controller.EduSubjectController.nestedList()
2020-02-21 11:52:36.819 [restartedMain] INFO  o.s.w.s.m.m.a.RequestMappingHandlerMapping - Mapped "{[/eduservice/edu-subject/import],methods=[POST]}" onto public com.online.edu.common.R com.online.edu.eduservice.controller.EduSubjectController.importExcelSubject(org.springframework.web.multipart.MultipartFile)
2020-02-21 11:52:36.820 [restartedMain] INFO  o.s.w.s.m.m.a.RequestMappingHandlerMapping - Mapped "{[/eduservice/edu-subject/{id}],methods=[DELETE]}" onto public com.online.edu.common.R com.online.edu.eduservice.controller.EduSubjectController.deleteSubjectId(java.lang.Long)
2020-02-21 11:52:36.820 [restartedMain] INFO  o.s.w.s.m.m.a.RequestMappingHandlerMapping - Mapped "{[/eduservice/edu-subject/addOneLevel],methods=[POST]}" onto public com.online.edu.common.R com.online.edu.eduservice.controller.EduSubjectController.addOneLevel(com.online.edu.eduservice.entity.EduSubject)
2020-02-21 11:52:36.823 [restartedMain] INFO  o.s.w.s.m.m.a.RequestMappingHandlerMapping - Mapped "{[/eduservice/edu-subject/addTwoLevel],methods=[POST]}" onto public com.online.edu.common.R com.online.edu.eduservice.controller.EduSubjectController.addTwoLevel(com.online.edu.eduservice.entity.EduSubject)
2020-02-21 11:52:36.833 [restartedMain] INFO  o.s.w.s.m.m.a.RequestMappingHandlerMapping - Mapped "{[/eduservice/edu-teacher/info],methods=[GET]}" onto public com.online.edu.common.R com.online.edu.eduservice.controller.EduTeacherController.info()
2020-02-21 11:52:36.837 [restartedMain] INFO  o.s.w.s.m.m.a.RequestMappingHandlerMapping - Mapped "{[/eduservice/edu-teacher/login],methods=[POST]}" onto public com.online.edu.common.R com.online.edu.eduservice.controller.EduTeacherController.login()
2020-02-21 11:52:36.839 [restartedMain] INFO  o.s.w.s.m.m.a.RequestMappingHandlerMapping - Mapped "{[/eduservice/edu-teacher/list],methods=[GET]}" onto public com.online.edu.common.R com.online.edu.eduservice.controller.EduTeacherController.getAllTeacherList()
2020-02-21 11:52:36.841 [restartedMain] INFO  o.s.w.s.m.m.a.RequestMappingHandlerMapping - Mapped "{[/eduservice/edu-teacher/{id}],methods=[DELETE]}" onto public boolean com.online.edu.eduservice.controller.EduTeacherController.deleteTeacher(java.lang.String)
2020-02-21 11:52:36.844 [restartedMain] INFO  o.s.w.s.m.m.a.RequestMappingHandlerMapping - Mapped "{[/eduservice/edu-teacher/pageList/{page}/{limit}],methods=[GET]}" onto public com.online.edu.common.R com.online.edu.eduservice.controller.EduTeacherController.getPageTeacherList(java.lang.Long,java.lang.Long)
2020-02-21 11:52:36.849 [restartedMain] INFO  o.s.w.s.m.m.a.RequestMappingHandlerMapping - Mapped "{[/eduservice/edu-teacher/moreCondtionPageList/{page}/{limit}],methods=[POST]}" onto public com.online.edu.common.R com.online.edu.eduservice.controller.EduTeacherController.getmoreConditionPageList(java.lang.Long,java.lang.Long,com.online.edu.eduservice.entity.QueryTeacher)
2020-02-21 11:52:36.851 [restartedMain] INFO  o.s.w.s.m.m.a.RequestMappingHandlerMapping - Mapped "{[/eduservice/edu-teacher/addTeacher],methods=[POST]}" onto public com.online.edu.common.R com.online.edu.eduservice.controller.EduTeacherController.addTeacher(com.online.edu.eduservice.entity.EduTeacher)
2020-02-21 11:52:36.852 [restartedMain] INFO  o.s.w.s.m.m.a.RequestMappingHandlerMapping - Mapped "{[/eduservice/edu-teacher/getTeacherInfo/{id}],methods=[GET]}" onto public com.online.edu.common.R com.online.edu.eduservice.controller.EduTeacherController.getTeacherInfo(java.lang.String)
2020-02-21 11:52:36.854 [restartedMain] INFO  o.s.w.s.m.m.a.RequestMappingHandlerMapping - Mapped "{[/eduservice/edu-teacher/updateTeacher],methods=[POST]}" onto public com.online.edu.common.R com.online.edu.eduservice.controller.EduTeacherController.updateTeacher(com.online.edu.eduservice.entity.EduTeacher)
2020-02-21 11:52:36.857 [restartedMain] INFO  o.s.w.s.m.m.a.RequestMappingHandlerMapping - Mapped "{[/eduservice/edu-video/addVideo],methods=[POST]}" onto public com.online.edu.common.R com.online.edu.eduservice.controller.EduVideoController.addVideo(com.online.edu.eduservice.entity.EduVideo)
2020-02-21 11:52:36.859 [restartedMain] INFO  o.s.w.s.m.m.a.RequestMappingHandlerMapping - Mapped "{[/eduservice/edu-video/{videoId}],methods=[GET]}" onto public com.online.edu.common.R com.online.edu.eduservice.controller.EduVideoController.getVideoId(java.lang.Long)
2020-02-21 11:52:36.860 [restartedMain] INFO  o.s.w.s.m.m.a.RequestMappingHandlerMapping - Mapped "{[/eduservice/edu-video/updateVideo],methods=[POST]}" onto public com.online.edu.common.R com.online.edu.eduservice.controller.EduVideoController.updateVideo(com.online.edu.eduservice.entity.EduVideo)
2020-02-21 11:52:36.861 [restartedMain] INFO  o.s.w.s.m.m.a.RequestMappingHandlerMapping - Mapped "{[/eduservice/edu-video/deleteVideoId/{videoId}],methods=[DELETE]}" onto public com.online.edu.common.R com.online.edu.eduservice.controller.EduVideoController.deleteVideo(java.lang.Long)
2020-02-21 11:52:36.879 [restartedMain] INFO  o.s.w.s.m.m.a.RequestMappingHandlerMapping - Mapped "{[/eduservice/oss/upload],methods=[POST]}" onto public com.online.edu.common.R com.online.edu.eduservice.controller.FileUploadController.uploadTeacherImg(org.springframework.web.multipart.MultipartFile,java.lang.String) throws java.lang.Exception
2020-02-21 11:52:36.892 [restartedMain] INFO  o.s.w.s.m.m.a.RequestMappingHandlerMapping - Mapped "{[/swagger-resources/configuration/ui]}" onto public org.springframework.http.ResponseEntity<springfox.documentation.swagger.web.UiConfiguration> springfox.documentation.swagger.web.ApiResourceController.uiConfiguration()
2020-02-21 11:52:36.897 [restartedMain] INFO  o.s.w.s.m.m.a.RequestMappingHandlerMapping - Mapped "{[/swagger-resources/configuration/security]}" onto public org.springframework.http.ResponseEntity<springfox.documentation.swagger.web.SecurityConfiguration> springfox.documentation.swagger.web.ApiResourceController.securityConfiguration()
2020-02-21 11:52:36.899 [restartedMain] INFO  o.s.w.s.m.m.a.RequestMappingHandlerMapping - Mapped "{[/swagger-resources]}" onto public org.springframework.http.ResponseEntity<java.util.List<springfox.documentation.swagger.web.SwaggerResource>> springfox.documentation.swagger.web.ApiResourceController.swaggerResources()
2020-02-21 11:52:36.907 [restartedMain] INFO  o.s.w.s.m.m.a.RequestMappingHandlerMapping - Mapped "{[/error]}" onto public org.springframework.http.ResponseEntity<java.util.Map<java.lang.String, java.lang.Object>> org.springframework.boot.autoconfigure.web.servlet.error.BasicErrorController.error(javax.servlet.http.HttpServletRequest)
2020-02-21 11:52:36.908 [restartedMain] INFO  o.s.w.s.m.m.a.RequestMappingHandlerMapping - Mapped "{[/error],produces=[text/html]}" onto public org.springframework.web.servlet.ModelAndView org.springframework.boot.autoconfigure.web.servlet.error.BasicErrorController.errorHtml(javax.servlet.http.HttpServletRequest,javax.servlet.http.HttpServletResponse)
2020-02-21 11:52:37.200 [restartedMain] INFO  s.d.s.w.PropertySourcedRequestMappingHandlerMapping - Mapped URL path [/v2/api-docs] onto method [public org.springframework.http.ResponseEntity<springfox.documentation.spring.web.json.Json> springfox.documentation.swagger2.web.Swagger2Controller.getDocumentation(java.lang.String,javax.servlet.http.HttpServletRequest)]
2020-02-21 11:52:37.337 [restartedMain] INFO  o.s.web.servlet.handler.SimpleUrlHandlerMapping - Mapped URL path [/**/favicon.ico] onto handler of type [class org.springframework.web.servlet.resource.ResourceHttpRequestHandler]
2020-02-21 11:52:37.714 [restartedMain] INFO  o.s.w.s.m.m.a.RequestMappingHandlerAdapter - Looking for @ControllerAdvice: org.springframework.boot.web.servlet.context.AnnotationConfigServletWebServerApplicationContext@4b796f34: startup date [Fri Feb 21 11:52:26 CST 2020]; root of context hierarchy
2020-02-21 11:52:37.855 [restartedMain] INFO  o.s.web.servlet.handler.SimpleUrlHandlerMapping - Mapped URL path [/webjars/**] onto handler of type [class org.springframework.web.servlet.resource.ResourceHttpRequestHandler]
2020-02-21 11:52:37.855 [restartedMain] INFO  o.s.web.servlet.handler.SimpleUrlHandlerMapping - Mapped URL path [/**] onto handler of type [class org.springframework.web.servlet.resource.ResourceHttpRequestHandler]
2020-02-21 11:52:37.898 [restartedMain] INFO  o.s.w.s.m.m.a.ExceptionHandlerExceptionResolver - Detected @ExceptionHandler methods in globalException
2020-02-21 11:52:38.360 [restartedMain] INFO  o.s.b.d.autoconfigure.OptionalLiveReloadServer - LiveReload server is running on port 35729
2020-02-21 11:52:38.434 [restartedMain] INFO  o.s.jmx.export.annotation.AnnotationMBeanExporter - Registering beans for JMX exposure on startup
2020-02-21 11:52:38.444 [restartedMain] INFO  o.s.jmx.export.annotation.AnnotationMBeanExporter - Bean with name 'dataSource' has been autodetected for JMX exposure
2020-02-21 11:52:38.456 [restartedMain] INFO  o.s.jmx.export.annotation.AnnotationMBeanExporter - Located MBean 'dataSource': registering with JMX server as MBean [com.zaxxer.hikari:name=dataSource,type=HikariDataSource]
2020-02-21 11:52:38.467 [restartedMain] INFO  o.s.context.support.DefaultLifecycleProcessor - Starting beans in phase 2147483647
2020-02-21 11:52:38.467 [restartedMain] INFO  s.d.s.web.plugins.DocumentationPluginsBootstrapper - Context refreshed
2020-02-21 11:52:38.502 [restartedMain] INFO  s.d.s.web.plugins.DocumentationPluginsBootstrapper - Found 1 custom documentation plugin(s)
2020-02-21 11:52:38.660 [restartedMain] INFO  s.d.spring.web.scanners.ApiListingReferenceScanner - Scanning for api listing references
2020-02-21 11:52:39.297 [restartedMain] INFO  org.apache.coyote.http11.Http11NioProtocol - Starting ProtocolHandler ["http-nio-8001"]
2020-02-21 11:52:39.379 [restartedMain] INFO  org.apache.tomcat.util.net.NioSelectorPool - Using a shared selector for servlet write/read
2020-02-21 11:52:39.407 [restartedMain] INFO  o.s.boot.web.embedded.tomcat.TomcatWebServer - Tomcat started on port(s): 8001 (http) with context path ''
2020-02-21 11:52:39.415 [restartedMain] INFO  com.online.edu.eduservice.EduApplication - Started EduApplication in 16.634 seconds (JVM running for 18.998)
2020-02-21 11:52:52.162 [http-nio-8001-exec-1] INFO  o.a.c.core.ContainerBase.[Tomcat].[localhost].[/] - Initializing Spring FrameworkServlet 'dispatcherServlet'
2020-02-21 11:52:52.163 [http-nio-8001-exec-1] INFO  org.springframework.web.servlet.DispatcherServlet - FrameworkServlet 'dispatcherServlet': initialization started
2020-02-21 11:52:52.194 [http-nio-8001-exec-1] INFO  org.springframework.web.servlet.DispatcherServlet - FrameworkServlet 'dispatcherServlet': initialization completed in 30 ms
2020-02-21 11:56:55.832 [Thread-43] INFO  o.s.b.w.s.c.AnnotationConfigServletWebServerApplicationContext - Closing org.springframework.boot.web.servlet.context.AnnotationConfigServletWebServerApplicationContext@4b796f34: startup date [Fri Feb 21 11:52:26 CST 2020]; root of context hierarchy
2020-02-21 11:56:55.844 [Thread-43] INFO  o.s.context.support.DefaultLifecycleProcessor - Stopping beans in phase 2147483647
2020-02-21 11:56:55.848 [Thread-43] INFO  o.s.jmx.export.annotation.AnnotationMBeanExporter - Unregistering JMX-exposed beans on shutdown
2020-02-21 11:56:55.849 [Thread-43] INFO  o.s.jmx.export.annotation.AnnotationMBeanExporter - Unregistering JMX-exposed beans
2020-02-21 11:56:55.853 [Thread-43] INFO  com.zaxxer.hikari.HikariDataSource - GuliHikariPool - Shutdown initiated...
2020-02-21 11:56:55.861 [Thread-43] INFO  com.zaxxer.hikari.HikariDataSource - GuliHikariPool - Shutdown completed.
2020-02-21 11:57:08.814 [restartedMain] INFO  com.online.edu.eduservice.EduApplication - Starting EduApplication on CN0214005103M.local with PID 24466 (/Users/jiaxiangyu/Downloads/xueyuan_edu/xueyuan_eduservice/target/classes started by jiaxiangyu in /Users/jiaxiangyu/Downloads/xueyuan_edu)
2020-02-21 11:57:08.820 [restartedMain] INFO  com.online.edu.eduservice.EduApplication - The following profiles are active: dev
2020-02-21 11:57:09.045 [restartedMain] INFO  o.s.b.w.s.c.AnnotationConfigServletWebServerApplicationContext - Refreshing org.springframework.boot.web.servlet.context.AnnotationConfigServletWebServerApplicationContext@510a517f: startup date [Fri Feb 21 11:57:09 CST 2020]; root of context hierarchy
2020-02-21 11:57:14.043 [restartedMain] INFO  o.s.c.s.PostProcessorRegistrationDelegate$BeanPostProcessorChecker - Bean 'org.springframework.transaction.annotation.ProxyTransactionManagementConfiguration' of type [org.springframework.transaction.annotation.ProxyTransactionManagementConfiguration$$EnhancerBySpringCGLIB$$eebc8139] is not eligible for getting processed by all BeanPostProcessors (for example: not eligible for auto-proxying)
2020-02-21 11:57:35.941 [restartedMain] INFO  com.online.edu.eduservice.EduApplication - Starting EduApplication on CN0214005103M.local with PID 24486 (/Users/jiaxiangyu/Downloads/xueyuan_edu/xueyuan_eduservice/target/classes started by jiaxiangyu in /Users/jiaxiangyu/Downloads/xueyuan_edu)
2020-02-21 11:57:35.951 [restartedMain] INFO  com.online.edu.eduservice.EduApplication - The following profiles are active: dev
2020-02-21 11:57:36.263 [restartedMain] INFO  o.s.b.w.s.c.AnnotationConfigServletWebServerApplicationContext - Refreshing org.springframework.boot.web.servlet.context.AnnotationConfigServletWebServerApplicationContext@53da587e: startup date [Fri Feb 21 11:57:36 CST 2020]; root of context hierarchy
2020-02-21 11:57:39.119 [restartedMain] INFO  o.s.c.s.PostProcessorRegistrationDelegate$BeanPostProcessorChecker - Bean 'org.springframework.transaction.annotation.ProxyTransactionManagementConfiguration' of type [org.springframework.transaction.annotation.ProxyTransactionManagementConfiguration$$EnhancerBySpringCGLIB$$dd2126a0] is not eligible for getting processed by all BeanPostProcessors (for example: not eligible for auto-proxying)
2020-02-21 11:57:39.816 [restartedMain] INFO  o.s.boot.web.embedded.tomcat.TomcatWebServer - Tomcat initialized with port(s): 8001 (http)
2020-02-21 11:57:39.867 [restartedMain] INFO  org.apache.coyote.http11.Http11NioProtocol - Initializing ProtocolHandler ["http-nio-8001"]
2020-02-21 11:57:39.897 [restartedMain] INFO  org.apache.catalina.core.StandardService - Starting service [Tomcat]
2020-02-21 11:57:39.898 [restartedMain] INFO  org.apache.catalina.core.StandardEngine - Starting Servlet Engine: Apache Tomcat/8.5.35
2020-02-21 11:57:39.904 [localhost-startStop-1] INFO  org.apache.catalina.core.AprLifecycleListener - The APR based Apache Tomcat Native library which allows optimal performance in production environments was not found on the java.library.path: [/Users/jiaxiangyu/Library/Java/Extensions:/Library/Java/Extensions:/Network/Library/Java/Extensions:/System/Library/Java/Extensions:/usr/lib/java:.]
2020-02-21 11:57:40.023 [localhost-startStop-1] INFO  o.a.c.core.ContainerBase.[Tomcat].[localhost].[/] - Initializing Spring embedded WebApplicationContext
2020-02-21 11:57:40.023 [localhost-startStop-1] INFO  org.springframework.web.context.ContextLoader - Root WebApplicationContext: initialization completed in 3760 ms
2020-02-21 11:57:40.163 [localhost-startStop-1] INFO  o.s.boot.web.servlet.ServletRegistrationBean - Servlet dispatcherServlet mapped to [/]
2020-02-21 11:57:40.172 [localhost-startStop-1] INFO  o.s.boot.web.servlet.FilterRegistrationBean - Mapping filter: 'characterEncodingFilter' to: [/*]
2020-02-21 11:57:40.173 [localhost-startStop-1] INFO  o.s.boot.web.servlet.FilterRegistrationBean - Mapping filter: 'hiddenHttpMethodFilter' to: [/*]
2020-02-21 11:57:40.174 [localhost-startStop-1] INFO  o.s.boot.web.servlet.FilterRegistrationBean - Mapping filter: 'httpPutFormContentFilter' to: [/*]
2020-02-21 11:57:40.174 [localhost-startStop-1] INFO  o.s.boot.web.servlet.FilterRegistrationBean - Mapping filter: 'requestContextFilter' to: [/*]
2020-02-21 11:57:40.555 [restartedMain] INFO  com.zaxxer.hikari.HikariDataSource - GuliHikariPool - Starting...
2020-02-21 11:57:41.082 [restartedMain] INFO  com.zaxxer.hikari.HikariDataSource - GuliHikariPool - Start completed.
2020-02-21 11:57:42.150 [restartedMain] INFO  o.s.w.s.m.m.a.RequestMappingHandlerMapping - Mapped "{[/eduservice/chapter/getChapterVideoList/{id}],methods=[GET]}" onto public com.online.edu.common.R com.online.edu.eduservice.controller.EduChapterController.getChapterVideoList(java.lang.String)
2020-02-21 11:57:42.153 [restartedMain] INFO  o.s.w.s.m.m.a.RequestMappingHandlerMapping - Mapped "{[/eduservice/chapter/add],methods=[POST]}" onto public com.online.edu.common.R com.online.edu.eduservice.controller.EduChapterController.addChapter(com.online.edu.eduservice.entity.EduChapter)
2020-02-21 11:57:42.154 [restartedMain] INFO  o.s.w.s.m.m.a.RequestMappingHandlerMapping - Mapped "{[/eduservice/chapter/getChapterInfo/{chapterId}],methods=[GET]}" onto public com.online.edu.common.R com.online.edu.eduservice.controller.EduChapterController.getChapterInfo(java.lang.Long)
2020-02-21 11:57:42.155 [restartedMain] INFO  o.s.w.s.m.m.a.RequestMappingHandlerMapping - Mapped "{[/eduservice/chapter/updateChapter],methods=[POST]}" onto public com.online.edu.common.R com.online.edu.eduservice.controller.EduChapterController.updateChapter(com.online.edu.eduservice.entity.EduChapter)
2020-02-21 11:57:42.156 [restartedMain] INFO  o.s.w.s.m.m.a.RequestMappingHandlerMapping - Mapped "{[/eduservice/chapter/{chapterId}],methods=[DELETE]}" onto public com.online.edu.common.R com.online.edu.eduservice.controller.EduChapterController.deleteChapter(java.lang.Long)
2020-02-21 11:57:42.161 [restartedMain] INFO  o.s.w.s.m.m.a.RequestMappingHandlerMapping - Mapped "{[/eduservice/course/getCourseInfo/{id}],methods=[GET]}" onto public com.online.edu.common.R com.online.edu.eduservice.controller.EduCourseController.getCourseInfo(java.lang.Long)
2020-02-21 11:57:42.162 [restartedMain] INFO  o.s.w.s.m.m.a.RequestMappingHandlerMapping - Mapped "{[/eduservice/course/addCourseInfo],methods=[POST]}" onto public com.online.edu.common.R com.online.edu.eduservice.controller.EduCourseController.addCourseInfo(com.online.edu.eduservice.entity.CourseInfoForm)
2020-02-21 11:57:42.163 [restartedMain] INFO  o.s.w.s.m.m.a.RequestMappingHandlerMapping - Mapped "{[/eduservice/course/updateCourseInfo/{id}],methods=[POST]}" onto public com.online.edu.common.R com.online.edu.eduservice.controller.EduCourseController.updateCourseInfo(java.lang.Long,com.online.edu.eduservice.entity.CourseInfoForm)
2020-02-21 11:57:42.164 [restartedMain] INFO  o.s.w.s.m.m.a.RequestMappingHandlerMapping - Mapped "{[/eduservice/course/listCourse/{page}/{limit}],methods=[GET]}" onto public com.online.edu.common.R com.online.edu.eduservice.controller.EduCourseController.listCourse(java.lang.Long,java.lang.Long,com.online.edu.eduservice.entity.CourseQuery)
2020-02-21 11:57:42.164 [restartedMain] INFO  o.s.w.s.m.m.a.RequestMappingHandlerMapping - Mapped "{[/eduservice/course/deleteCourseId/{id}],methods=[DELETE]}" onto public com.online.edu.common.R com.online.edu.eduservice.controller.EduCourseController.deleteCourseId(java.lang.Long)
2020-02-21 11:57:42.165 [restartedMain] INFO  o.s.w.s.m.m.a.RequestMappingHandlerMapping - Mapped "{[/eduservice/course/getAllCourseInfo/{courseId}],methods=[GET]}" onto public com.online.edu.common.R com.online.edu.eduservice.controller.EduCourseController.getAllCourseInfo(java.lang.String)
2020-02-21 11:57:42.166 [restartedMain] INFO  o.s.w.s.m.m.a.RequestMappingHandlerMapping - Mapped "{[/eduservice/course/publicCourse/{courseId}],methods=[GET]}" onto public com.online.edu.common.R com.online.edu.eduservice.controller.EduCourseController.publicCourse(java.lang.Long)
2020-02-21 11:57:42.171 [restartedMain] INFO  o.s.w.s.m.m.a.RequestMappingHandlerMapping - Mapped "{[/eduservice/edu-subject/import],methods=[POST]}" onto public com.online.edu.common.R com.online.edu.eduservice.controller.EduSubjectController.importExcelSubject(org.springframework.web.multipart.MultipartFile)
2020-02-21 11:57:42.172 [restartedMain] INFO  o.s.w.s.m.m.a.RequestMappingHandlerMapping - Mapped "{[/eduservice/edu-subject/list],methods=[GET]}" onto public com.online.edu.common.R com.online.edu.eduservice.controller.EduSubjectController.nestedList()
2020-02-21 11:57:42.173 [restartedMain] INFO  o.s.w.s.m.m.a.RequestMappingHandlerMapping - Mapped "{[/eduservice/edu-subject/{id}],methods=[DELETE]}" onto public com.online.edu.common.R com.online.edu.eduservice.controller.EduSubjectController.deleteSubjectId(java.lang.Long)
2020-02-21 11:57:42.174 [restartedMain] INFO  o.s.w.s.m.m.a.RequestMappingHandlerMapping - Mapped "{[/eduservice/edu-subject/addOneLevel],methods=[POST]}" onto public com.online.edu.common.R com.online.edu.eduservice.controller.EduSubjectController.addOneLevel(com.online.edu.eduservice.entity.EduSubject)
2020-02-21 11:57:42.177 [restartedMain] INFO  o.s.w.s.m.m.a.RequestMappingHandlerMapping - Mapped "{[/eduservice/edu-subject/addTwoLevel],methods=[POST]}" onto public com.online.edu.common.R com.online.edu.eduservice.controller.EduSubjectController.addTwoLevel(com.online.edu.eduservice.entity.EduSubject)
2020-02-21 11:57:42.184 [restartedMain] INFO  o.s.w.s.m.m.a.RequestMappingHandlerMapping - Mapped "{[/eduservice/edu-teacher/login],methods=[POST]}" onto public com.online.edu.common.R com.online.edu.eduservice.controller.EduTeacherController.login()
2020-02-21 11:57:42.186 [restartedMain] INFO  o.s.w.s.m.m.a.RequestMappingHandlerMapping - Mapped "{[/eduservice/edu-teacher/list],methods=[GET]}" onto public com.online.edu.common.R com.online.edu.eduservice.controller.EduTeacherController.getAllTeacherList()
2020-02-21 11:57:42.187 [restartedMain] INFO  o.s.w.s.m.m.a.RequestMappingHandlerMapping - Mapped "{[/eduservice/edu-teacher/{id}],methods=[DELETE]}" onto public boolean com.online.edu.eduservice.controller.EduTeacherController.deleteTeacher(java.lang.String)
2020-02-21 11:57:42.188 [restartedMain] INFO  o.s.w.s.m.m.a.RequestMappingHandlerMapping - Mapped "{[/eduservice/edu-teacher/pageList/{page}/{limit}],methods=[GET]}" onto public com.online.edu.common.R com.online.edu.eduservice.controller.EduTeacherController.getPageTeacherList(java.lang.Long,java.lang.Long)
2020-02-21 11:57:42.189 [restartedMain] INFO  o.s.w.s.m.m.a.RequestMappingHandlerMapping - Mapped "{[/eduservice/edu-teacher/moreCondtionPageList/{page}/{limit}],methods=[POST]}" onto public com.online.edu.common.R com.online.edu.eduservice.controller.EduTeacherController.getmoreConditionPageList(java.lang.Long,java.lang.Long,com.online.edu.eduservice.entity.QueryTeacher)
2020-02-21 11:57:42.190 [restartedMain] INFO  o.s.w.s.m.m.a.RequestMappingHandlerMapping - Mapped "{[/eduservice/edu-teacher/addTeacher],methods=[POST]}" onto public com.online.edu.common.R com.online.edu.eduservice.controller.EduTeacherController.addTeacher(com.online.edu.eduservice.entity.EduTeacher)
2020-02-21 11:57:42.191 [restartedMain] INFO  o.s.w.s.m.m.a.RequestMappingHandlerMapping - Mapped "{[/eduservice/edu-teacher/getTeacherInfo/{id}],methods=[GET]}" onto public com.online.edu.common.R com.online.edu.eduservice.controller.EduTeacherController.getTeacherInfo(java.lang.String)
2020-02-21 11:57:42.192 [restartedMain] INFO  o.s.w.s.m.m.a.RequestMappingHandlerMapping - Mapped "{[/eduservice/edu-teacher/updateTeacher],methods=[POST]}" onto public com.online.edu.common.R com.online.edu.eduservice.controller.EduTeacherController.updateTeacher(com.online.edu.eduservice.entity.EduTeacher)
2020-02-21 11:57:42.193 [restartedMain] INFO  o.s.w.s.m.m.a.RequestMappingHandlerMapping - Mapped "{[/eduservice/edu-teacher/info],methods=[GET]}" onto public com.online.edu.common.R com.online.edu.eduservice.controller.EduTeacherController.info()
2020-02-21 11:57:42.196 [restartedMain] INFO  o.s.w.s.m.m.a.RequestMappingHandlerMapping - Mapped "{[/eduservice/edu-video/addVideo],methods=[POST]}" onto public com.online.edu.common.R com.online.edu.eduservice.controller.EduVideoController.addVideo(com.online.edu.eduservice.entity.EduVideo)
2020-02-21 11:57:42.196 [restartedMain] INFO  o.s.w.s.m.m.a.RequestMappingHandlerMapping - Mapped "{[/eduservice/edu-video/{videoId}],methods=[GET]}" onto public com.online.edu.common.R com.online.edu.eduservice.controller.EduVideoController.getVideoId(java.lang.Long)
2020-02-21 11:57:42.197 [restartedMain] INFO  o.s.w.s.m.m.a.RequestMappingHandlerMapping - Mapped "{[/eduservice/edu-video/updateVideo],methods=[POST]}" onto public com.online.edu.common.R com.online.edu.eduservice.controller.EduVideoController.updateVideo(com.online.edu.eduservice.entity.EduVideo)
2020-02-21 11:57:42.198 [restartedMain] INFO  o.s.w.s.m.m.a.RequestMappingHandlerMapping - Mapped "{[/eduservice/edu-video/deleteVideoId/{videoId}],methods=[DELETE]}" onto public com.online.edu.common.R com.online.edu.eduservice.controller.EduVideoController.deleteVideo(java.lang.Long)
2020-02-21 11:57:42.199 [restartedMain] INFO  o.s.w.s.m.m.a.RequestMappingHandlerMapping - Mapped "{[/eduservice/oss/upload],methods=[POST]}" onto public com.online.edu.common.R com.online.edu.eduservice.controller.FileUploadController.uploadTeacherImg(org.springframework.web.multipart.MultipartFile,java.lang.String) throws java.lang.Exception
2020-02-21 11:57:42.205 [restartedMain] INFO  o.s.w.s.m.m.a.RequestMappingHandlerMapping - Mapped "{[/swagger-resources/configuration/ui]}" onto public org.springframework.http.ResponseEntity<springfox.documentation.swagger.web.UiConfiguration> springfox.documentation.swagger.web.ApiResourceController.uiConfiguration()
2020-02-21 11:57:42.207 [restartedMain] INFO  o.s.w.s.m.m.a.RequestMappingHandlerMapping - Mapped "{[/swagger-resources/configuration/security]}" onto public org.springframework.http.ResponseEntity<springfox.documentation.swagger.web.SecurityConfiguration> springfox.documentation.swagger.web.ApiResourceController.securityConfiguration()
2020-02-21 11:57:42.208 [restartedMain] INFO  o.s.w.s.m.m.a.RequestMappingHandlerMapping - Mapped "{[/swagger-resources]}" onto public org.springframework.http.ResponseEntity<java.util.List<springfox.documentation.swagger.web.SwaggerResource>> springfox.documentation.swagger.web.ApiResourceController.swaggerResources()
2020-02-21 11:57:42.213 [restartedMain] INFO  o.s.w.s.m.m.a.RequestMappingHandlerMapping - Mapped "{[/error]}" onto public org.springframework.http.ResponseEntity<java.util.Map<java.lang.String, java.lang.Object>> org.springframework.boot.autoconfigure.web.servlet.error.BasicErrorController.error(javax.servlet.http.HttpServletRequest)
2020-02-21 11:57:42.214 [restartedMain] INFO  o.s.w.s.m.m.a.RequestMappingHandlerMapping - Mapped "{[/error],produces=[text/html]}" onto public org.springframework.web.servlet.ModelAndView org.springframework.boot.autoconfigure.web.servlet.error.BasicErrorController.errorHtml(javax.servlet.http.HttpServletRequest,javax.servlet.http.HttpServletResponse)
2020-02-21 11:57:42.535 [restartedMain] INFO  s.d.s.w.PropertySourcedRequestMappingHandlerMapping - Mapped URL path [/v2/api-docs] onto method [public org.springframework.http.ResponseEntity<springfox.documentation.spring.web.json.Json> springfox.documentation.swagger2.web.Swagger2Controller.getDocumentation(java.lang.String,javax.servlet.http.HttpServletRequest)]
2020-02-21 11:57:42.628 [restartedMain] INFO  o.s.web.servlet.handler.SimpleUrlHandlerMapping - Mapped URL path [/**/favicon.ico] onto handler of type [class org.springframework.web.servlet.resource.ResourceHttpRequestHandler]
2020-02-21 11:57:42.861 [restartedMain] INFO  o.s.w.s.m.m.a.RequestMappingHandlerAdapter - Looking for @ControllerAdvice: org.springframework.boot.web.servlet.context.AnnotationConfigServletWebServerApplicationContext@53da587e: startup date [Fri Feb 21 11:57:36 CST 2020]; root of context hierarchy
2020-02-21 11:57:42.933 [restartedMain] INFO  o.s.web.servlet.handler.SimpleUrlHandlerMapping - Mapped URL path [/webjars/**] onto handler of type [class org.springframework.web.servlet.resource.ResourceHttpRequestHandler]
2020-02-21 11:57:42.934 [restartedMain] INFO  o.s.web.servlet.handler.SimpleUrlHandlerMapping - Mapped URL path [/**] onto handler of type [class org.springframework.web.servlet.resource.ResourceHttpRequestHandler]
2020-02-21 11:57:42.961 [restartedMain] INFO  o.s.w.s.m.m.a.ExceptionHandlerExceptionResolver - Detected @ExceptionHandler methods in globalException
2020-02-21 11:57:43.311 [restartedMain] INFO  o.s.b.d.autoconfigure.OptionalLiveReloadServer - LiveReload server is running on port 35729
2020-02-21 11:57:43.360 [restartedMain] INFO  o.s.jmx.export.annotation.AnnotationMBeanExporter - Registering beans for JMX exposure on startup
2020-02-21 11:57:43.363 [restartedMain] INFO  o.s.jmx.export.annotation.AnnotationMBeanExporter - Bean with name 'dataSource' has been autodetected for JMX exposure
2020-02-21 11:57:43.370 [restartedMain] INFO  o.s.jmx.export.annotation.AnnotationMBeanExporter - Located MBean 'dataSource': registering with JMX server as MBean [com.zaxxer.hikari:name=dataSource,type=HikariDataSource]
2020-02-21 11:57:43.376 [restartedMain] INFO  o.s.context.support.DefaultLifecycleProcessor - Starting beans in phase 2147483647
2020-02-21 11:57:43.376 [restartedMain] INFO  s.d.s.web.plugins.DocumentationPluginsBootstrapper - Context refreshed
2020-02-21 11:57:43.397 [restartedMain] INFO  s.d.s.web.plugins.DocumentationPluginsBootstrapper - Found 1 custom documentation plugin(s)
2020-02-21 11:57:43.466 [restartedMain] INFO  s.d.spring.web.scanners.ApiListingReferenceScanner - Scanning for api listing references
2020-02-21 11:57:43.991 [restartedMain] INFO  org.apache.coyote.http11.Http11NioProtocol - Starting ProtocolHandler ["http-nio-8001"]
2020-02-21 11:57:44.025 [restartedMain] INFO  org.apache.tomcat.util.net.NioSelectorPool - Using a shared selector for servlet write/read
2020-02-21 11:57:44.050 [restartedMain] INFO  o.s.boot.web.embedded.tomcat.TomcatWebServer - Tomcat started on port(s): 8001 (http) with context path ''
2020-02-21 11:57:44.057 [restartedMain] INFO  com.online.edu.eduservice.EduApplication - Started EduApplication in 9.24 seconds (JVM running for 11.134)
2020-02-21 12:00:34.398 [http-nio-8001-exec-1] INFO  o.a.c.core.ContainerBase.[Tomcat].[localhost].[/] - Initializing Spring FrameworkServlet 'dispatcherServlet'
2020-02-21 12:00:34.399 [http-nio-8001-exec-1] INFO  org.springframework.web.servlet.DispatcherServlet - FrameworkServlet 'dispatcherServlet': initialization started
2020-02-21 12:00:34.421 [http-nio-8001-exec-1] INFO  org.springframework.web.servlet.DispatcherServlet - FrameworkServlet 'dispatcherServlet': initialization completed in 21 ms
2020-02-21 12:19:44.523 [Thread-28] INFO  o.s.b.w.s.c.AnnotationConfigServletWebServerApplicationContext - Closing org.springframework.boot.web.servlet.context.AnnotationConfigServletWebServerApplicationContext@53da587e: startup date [Fri Feb 21 11:57:36 CST 2020]; root of context hierarchy
2020-02-21 12:19:44.556 [Thread-28] INFO  o.s.context.support.DefaultLifecycleProcessor - Stopping beans in phase 2147483647
2020-02-21 12:19:44.564 [Thread-28] INFO  o.s.jmx.export.annotation.AnnotationMBeanExporter - Unregistering JMX-exposed beans on shutdown
2020-02-21 12:19:44.566 [Thread-28] INFO  o.s.jmx.export.annotation.AnnotationMBeanExporter - Unregistering JMX-exposed beans
2020-02-21 12:19:44.570 [Thread-28] INFO  com.zaxxer.hikari.HikariDataSource - GuliHikariPool - Shutdown initiated...
2020-02-21 12:19:44.580 [Thread-28] INFO  com.zaxxer.hikari.HikariDataSource - GuliHikariPool - Shutdown completed.
2020-02-21 12:19:56.497 [restartedMain] INFO  com.online.edu.eduservice.EduApplication - Starting EduApplication on CN0214005103M.local with PID 25209 (/Users/jiaxiangyu/Downloads/xueyuan_edu/xueyuan_eduservice/target/classes started by jiaxiangyu in /Users/jiaxiangyu/Downloads/xueyuan_edu)
2020-02-21 12:19:56.499 [restartedMain] INFO  com.online.edu.eduservice.EduApplication - The following profiles are active: dev
2020-02-21 12:19:56.823 [restartedMain] INFO  o.s.b.w.s.c.AnnotationConfigServletWebServerApplicationContext - Refreshing org.springframework.boot.web.servlet.context.AnnotationConfigServletWebServerApplicationContext@3b4a89d: startup date [Fri Feb 21 12:19:56 CST 2020]; root of context hierarchy
2020-02-21 12:19:59.268 [restartedMain] INFO  o.s.c.s.PostProcessorRegistrationDelegate$BeanPostProcessorChecker - Bean 'org.springframework.transaction.annotation.ProxyTransactionManagementConfiguration' of type [org.springframework.transaction.annotation.ProxyTransactionManagementConfiguration$$EnhancerBySpringCGLIB$$7f61cc10] is not eligible for getting processed by all BeanPostProcessors (for example: not eligible for auto-proxying)
2020-02-21 12:20:00.057 [restartedMain] INFO  o.s.boot.web.embedded.tomcat.TomcatWebServer - Tomcat initialized with port(s): 8001 (http)
2020-02-21 12:20:00.080 [restartedMain] INFO  org.apache.coyote.http11.Http11NioProtocol - Initializing ProtocolHandler ["http-nio-8001"]
2020-02-21 12:20:00.106 [restartedMain] INFO  org.apache.catalina.core.StandardService - Starting service [Tomcat]
2020-02-21 12:20:00.106 [restartedMain] INFO  org.apache.catalina.core.StandardEngine - Starting Servlet Engine: Apache Tomcat/8.5.35
2020-02-21 12:20:00.116 [localhost-startStop-1] INFO  org.apache.catalina.core.AprLifecycleListener - The APR based Apache Tomcat Native library which allows optimal performance in production environments was not found on the java.library.path: [/Users/jiaxiangyu/Library/Java/Extensions:/Library/Java/Extensions:/Network/Library/Java/Extensions:/System/Library/Java/Extensions:/usr/lib/java:.]
2020-02-21 12:20:00.233 [localhost-startStop-1] INFO  o.a.c.core.ContainerBase.[Tomcat].[localhost].[/] - Initializing Spring embedded WebApplicationContext
2020-02-21 12:20:00.234 [localhost-startStop-1] INFO  org.springframework.web.context.ContextLoader - Root WebApplicationContext: initialization completed in 3411 ms
2020-02-21 12:20:00.404 [localhost-startStop-1] INFO  o.s.boot.web.servlet.ServletRegistrationBean - Servlet dispatcherServlet mapped to [/]
2020-02-21 12:20:00.411 [localhost-startStop-1] INFO  o.s.boot.web.servlet.FilterRegistrationBean - Mapping filter: 'characterEncodingFilter' to: [/*]
2020-02-21 12:20:00.414 [localhost-startStop-1] INFO  o.s.boot.web.servlet.FilterRegistrationBean - Mapping filter: 'hiddenHttpMethodFilter' to: [/*]
2020-02-21 12:20:00.414 [localhost-startStop-1] INFO  o.s.boot.web.servlet.FilterRegistrationBean - Mapping filter: 'httpPutFormContentFilter' to: [/*]
2020-02-21 12:20:00.415 [localhost-startStop-1] INFO  o.s.boot.web.servlet.FilterRegistrationBean - Mapping filter: 'requestContextFilter' to: [/*]
2020-02-21 12:20:00.769 [restartedMain] INFO  com.zaxxer.hikari.HikariDataSource - GuliHikariPool - Starting...
2020-02-21 12:20:01.301 [restartedMain] INFO  com.zaxxer.hikari.HikariDataSource - GuliHikariPool - Start completed.
2020-02-21 12:20:02.389 [restartedMain] INFO  o.s.w.s.m.m.a.RequestMappingHandlerMapping - Mapped "{[/eduservice/chapter/getChapterVideoList/{id}],methods=[GET]}" onto public com.online.edu.common.R com.online.edu.eduservice.controller.EduChapterController.getChapterVideoList(java.lang.String)
2020-02-21 12:20:02.392 [restartedMain] INFO  o.s.w.s.m.m.a.RequestMappingHandlerMapping - Mapped "{[/eduservice/chapter/add],methods=[POST]}" onto public com.online.edu.common.R com.online.edu.eduservice.controller.EduChapterController.addChapter(com.online.edu.eduservice.entity.EduChapter)
2020-02-21 12:20:02.393 [restartedMain] INFO  o.s.w.s.m.m.a.RequestMappingHandlerMapping - Mapped "{[/eduservice/chapter/getChapterInfo/{chapterId}],methods=[GET]}" onto public com.online.edu.common.R com.online.edu.eduservice.controller.EduChapterController.getChapterInfo(java.lang.Long)
2020-02-21 12:20:02.394 [restartedMain] INFO  o.s.w.s.m.m.a.RequestMappingHandlerMapping - Mapped "{[/eduservice/chapter/updateChapter],methods=[POST]}" onto public com.online.edu.common.R com.online.edu.eduservice.controller.EduChapterController.updateChapter(com.online.edu.eduservice.entity.EduChapter)
2020-02-21 12:20:02.395 [restartedMain] INFO  o.s.w.s.m.m.a.RequestMappingHandlerMapping - Mapped "{[/eduservice/chapter/{chapterId}],methods=[DELETE]}" onto public com.online.edu.common.R com.online.edu.eduservice.controller.EduChapterController.deleteChapter(java.lang.Long)
2020-02-21 12:20:02.401 [restartedMain] INFO  o.s.w.s.m.m.a.RequestMappingHandlerMapping - Mapped "{[/eduservice/course/getCourseInfo/{id}],methods=[GET]}" onto public com.online.edu.common.R com.online.edu.eduservice.controller.EduCourseController.getCourseInfo(java.lang.Long)
2020-02-21 12:20:02.402 [restartedMain] INFO  o.s.w.s.m.m.a.RequestMappingHandlerMapping - Mapped "{[/eduservice/course/addCourseInfo],methods=[POST]}" onto public com.online.edu.common.R com.online.edu.eduservice.controller.EduCourseController.addCourseInfo(com.online.edu.eduservice.entity.CourseInfoForm)
2020-02-21 12:20:02.403 [restartedMain] INFO  o.s.w.s.m.m.a.RequestMappingHandlerMapping - Mapped "{[/eduservice/course/updateCourseInfo/{id}],methods=[POST]}" onto public com.online.edu.common.R com.online.edu.eduservice.controller.EduCourseController.updateCourseInfo(java.lang.Long,com.online.edu.eduservice.entity.CourseInfoForm)
2020-02-21 12:20:02.404 [restartedMain] INFO  o.s.w.s.m.m.a.RequestMappingHandlerMapping - Mapped "{[/eduservice/course/listCourse/{page}/{limit}],methods=[GET]}" onto public com.online.edu.common.R com.online.edu.eduservice.controller.EduCourseController.listCourse(java.lang.Long,java.lang.Long,com.online.edu.eduservice.entity.CourseQuery)
2020-02-21 12:20:02.406 [restartedMain] INFO  o.s.w.s.m.m.a.RequestMappingHandlerMapping - Mapped "{[/eduservice/course/deleteCourseId/{id}],methods=[DELETE]}" onto public com.online.edu.common.R com.online.edu.eduservice.controller.EduCourseController.deleteCourseId(java.lang.Long)
2020-02-21 12:20:02.407 [restartedMain] INFO  o.s.w.s.m.m.a.RequestMappingHandlerMapping - Mapped "{[/eduservice/course/getAllCourseInfo/{courseId}],methods=[GET]}" onto public com.online.edu.common.R com.online.edu.eduservice.controller.EduCourseController.getAllCourseInfo(java.lang.String)
2020-02-21 12:20:02.408 [restartedMain] INFO  o.s.w.s.m.m.a.RequestMappingHandlerMapping - Mapped "{[/eduservice/course/publicCourse/{courseId}],methods=[GET]}" onto public com.online.edu.common.R com.online.edu.eduservice.controller.EduCourseController.publicCourse(java.lang.Long)
2020-02-21 12:20:02.413 [restartedMain] INFO  o.s.w.s.m.m.a.RequestMappingHandlerMapping - Mapped "{[/eduservice/edu-subject/import],methods=[POST]}" onto public com.online.edu.common.R com.online.edu.eduservice.controller.EduSubjectController.importExcelSubject(org.springframework.web.multipart.MultipartFile)
2020-02-21 12:20:02.416 [restartedMain] INFO  o.s.w.s.m.m.a.RequestMappingHandlerMapping - Mapped "{[/eduservice/edu-subject/list],methods=[GET]}" onto public com.online.edu.common.R com.online.edu.eduservice.controller.EduSubjectController.nestedList()
2020-02-21 12:20:02.417 [restartedMain] INFO  o.s.w.s.m.m.a.RequestMappingHandlerMapping - Mapped "{[/eduservice/edu-subject/{id}],methods=[DELETE]}" onto public com.online.edu.common.R com.online.edu.eduservice.controller.EduSubjectController.deleteSubjectId(java.lang.Long)
2020-02-21 12:20:02.417 [restartedMain] INFO  o.s.w.s.m.m.a.RequestMappingHandlerMapping - Mapped "{[/eduservice/edu-subject/addOneLevel],methods=[POST]}" onto public com.online.edu.common.R com.online.edu.eduservice.controller.EduSubjectController.addOneLevel(com.online.edu.eduservice.entity.EduSubject)
2020-02-21 12:20:02.420 [restartedMain] INFO  o.s.w.s.m.m.a.RequestMappingHandlerMapping - Mapped "{[/eduservice/edu-subject/addTwoLevel],methods=[POST]}" onto public com.online.edu.common.R com.online.edu.eduservice.controller.EduSubjectController.addTwoLevel(com.online.edu.eduservice.entity.EduSubject)
2020-02-21 12:20:02.426 [restartedMain] INFO  o.s.w.s.m.m.a.RequestMappingHandlerMapping - Mapped "{[/eduservice/edu-teacher/info],methods=[GET]}" onto public com.online.edu.common.R com.online.edu.eduservice.controller.EduTeacherController.info()
2020-02-21 12:20:02.427 [restartedMain] INFO  o.s.w.s.m.m.a.RequestMappingHandlerMapping - Mapped "{[/eduservice/edu-teacher/list],methods=[GET]}" onto public com.online.edu.common.R com.online.edu.eduservice.controller.EduTeacherController.getAllTeacherList()
2020-02-21 12:20:02.428 [restartedMain] INFO  o.s.w.s.m.m.a.RequestMappingHandlerMapping - Mapped "{[/eduservice/edu-teacher/login],methods=[POST]}" onto public com.online.edu.common.R com.online.edu.eduservice.controller.EduTeacherController.login()
2020-02-21 12:20:02.429 [restartedMain] INFO  o.s.w.s.m.m.a.RequestMappingHandlerMapping - Mapped "{[/eduservice/edu-teacher/{id}],methods=[DELETE]}" onto public boolean com.online.edu.eduservice.controller.EduTeacherController.deleteTeacher(java.lang.String)
2020-02-21 12:20:02.433 [restartedMain] INFO  o.s.w.s.m.m.a.RequestMappingHandlerMapping - Mapped "{[/eduservice/edu-teacher/pageList/{page}/{limit}],methods=[GET]}" onto public com.online.edu.common.R com.online.edu.eduservice.controller.EduTeacherController.getPageTeacherList(java.lang.Long,java.lang.Long)
2020-02-21 12:20:02.435 [restartedMain] INFO  o.s.w.s.m.m.a.RequestMappingHandlerMapping - Mapped "{[/eduservice/edu-teacher/moreCondtionPageList/{page}/{limit}],methods=[POST]}" onto public com.online.edu.common.R com.online.edu.eduservice.controller.EduTeacherController.getmoreConditionPageList(java.lang.Long,java.lang.Long,com.online.edu.eduservice.entity.QueryTeacher)
2020-02-21 12:20:02.436 [restartedMain] INFO  o.s.w.s.m.m.a.RequestMappingHandlerMapping - Mapped "{[/eduservice/edu-teacher/addTeacher],methods=[POST]}" onto public com.online.edu.common.R com.online.edu.eduservice.controller.EduTeacherController.addTeacher(com.online.edu.eduservice.entity.EduTeacher)
2020-02-21 12:20:02.437 [restartedMain] INFO  o.s.w.s.m.m.a.RequestMappingHandlerMapping - Mapped "{[/eduservice/edu-teacher/getTeacherInfo/{id}],methods=[GET]}" onto public com.online.edu.common.R com.online.edu.eduservice.controller.EduTeacherController.getTeacherInfo(java.lang.String)
2020-02-21 12:20:02.438 [restartedMain] INFO  o.s.w.s.m.m.a.RequestMappingHandlerMapping - Mapped "{[/eduservice/edu-teacher/updateTeacher],methods=[POST]}" onto public com.online.edu.common.R com.online.edu.eduservice.controller.EduTeacherController.updateTeacher(com.online.edu.eduservice.entity.EduTeacher)
2020-02-21 12:20:02.441 [restartedMain] INFO  o.s.w.s.m.m.a.RequestMappingHandlerMapping - Mapped "{[/eduservice/edu-video/addVideo],methods=[POST]}" onto public com.online.edu.common.R com.online.edu.eduservice.controller.EduVideoController.addVideo(com.online.edu.eduservice.entity.EduVideo)
2020-02-21 12:20:02.442 [restartedMain] INFO  o.s.w.s.m.m.a.RequestMappingHandlerMapping - Mapped "{[/eduservice/edu-video/{videoId}],methods=[GET]}" onto public com.online.edu.common.R com.online.edu.eduservice.controller.EduVideoController.getVideoId(java.lang.Long)
2020-02-21 12:20:02.443 [restartedMain] INFO  o.s.w.s.m.m.a.RequestMappingHandlerMapping - Mapped "{[/eduservice/edu-video/updateVideo],methods=[POST]}" onto public com.online.edu.common.R com.online.edu.eduservice.controller.EduVideoController.updateVideo(com.online.edu.eduservice.entity.EduVideo)
2020-02-21 12:20:02.443 [restartedMain] INFO  o.s.w.s.m.m.a.RequestMappingHandlerMapping - Mapped "{[/eduservice/edu-video/deleteVideoId/{videoId}],methods=[DELETE]}" onto public com.online.edu.common.R com.online.edu.eduservice.controller.EduVideoController.deleteVideo(java.lang.Long)
2020-02-21 12:20:02.444 [restartedMain] INFO  o.s.w.s.m.m.a.RequestMappingHandlerMapping - Mapped "{[/eduservice/oss/upload],methods=[POST]}" onto public com.online.edu.common.R com.online.edu.eduservice.controller.FileUploadController.uploadTeacherImg(org.springframework.web.multipart.MultipartFile,java.lang.String) throws java.lang.Exception
2020-02-21 12:20:02.451 [restartedMain] INFO  o.s.w.s.m.m.a.RequestMappingHandlerMapping - Mapped "{[/swagger-resources/configuration/ui]}" onto public org.springframework.http.ResponseEntity<springfox.documentation.swagger.web.UiConfiguration> springfox.documentation.swagger.web.ApiResourceController.uiConfiguration()
2020-02-21 12:20:02.453 [restartedMain] INFO  o.s.w.s.m.m.a.RequestMappingHandlerMapping - Mapped "{[/swagger-resources/configuration/security]}" onto public org.springframework.http.ResponseEntity<springfox.documentation.swagger.web.SecurityConfiguration> springfox.documentation.swagger.web.ApiResourceController.securityConfiguration()
2020-02-21 12:20:02.454 [restartedMain] INFO  o.s.w.s.m.m.a.RequestMappingHandlerMapping - Mapped "{[/swagger-resources]}" onto public org.springframework.http.ResponseEntity<java.util.List<springfox.documentation.swagger.web.SwaggerResource>> springfox.documentation.swagger.web.ApiResourceController.swaggerResources()
2020-02-21 12:20:02.460 [restartedMain] INFO  o.s.w.s.m.m.a.RequestMappingHandlerMapping - Mapped "{[/error]}" onto public org.springframework.http.ResponseEntity<java.util.Map<java.lang.String, java.lang.Object>> org.springframework.boot.autoconfigure.web.servlet.error.BasicErrorController.error(javax.servlet.http.HttpServletRequest)
2020-02-21 12:20:02.462 [restartedMain] INFO  o.s.w.s.m.m.a.RequestMappingHandlerMapping - Mapped "{[/error],produces=[text/html]}" onto public org.springframework.web.servlet.ModelAndView org.springframework.boot.autoconfigure.web.servlet.error.BasicErrorController.errorHtml(javax.servlet.http.HttpServletRequest,javax.servlet.http.HttpServletResponse)
2020-02-21 12:20:02.778 [restartedMain] INFO  s.d.s.w.PropertySourcedRequestMappingHandlerMapping - Mapped URL path [/v2/api-docs] onto method [public org.springframework.http.ResponseEntity<springfox.documentation.spring.web.json.Json> springfox.documentation.swagger2.web.Swagger2Controller.getDocumentation(java.lang.String,javax.servlet.http.HttpServletRequest)]
2020-02-21 12:20:02.874 [restartedMain] INFO  o.s.web.servlet.handler.SimpleUrlHandlerMapping - Mapped URL path [/**/favicon.ico] onto handler of type [class org.springframework.web.servlet.resource.ResourceHttpRequestHandler]
2020-02-21 12:20:03.094 [restartedMain] INFO  o.s.w.s.m.m.a.RequestMappingHandlerAdapter - Looking for @ControllerAdvice: org.springframework.boot.web.servlet.context.AnnotationConfigServletWebServerApplicationContext@3b4a89d: startup date [Fri Feb 21 12:19:56 CST 2020]; root of context hierarchy
2020-02-21 12:20:03.165 [restartedMain] INFO  o.s.web.servlet.handler.SimpleUrlHandlerMapping - Mapped URL path [/webjars/**] onto handler of type [class org.springframework.web.servlet.resource.ResourceHttpRequestHandler]
2020-02-21 12:20:03.167 [restartedMain] INFO  o.s.web.servlet.handler.SimpleUrlHandlerMapping - Mapped URL path [/**] onto handler of type [class org.springframework.web.servlet.resource.ResourceHttpRequestHandler]
2020-02-21 12:20:03.194 [restartedMain] INFO  o.s.w.s.m.m.a.ExceptionHandlerExceptionResolver - Detected @ExceptionHandler methods in globalException
2020-02-21 12:20:03.602 [restartedMain] INFO  o.s.b.d.autoconfigure.OptionalLiveReloadServer - LiveReload server is running on port 35729
2020-02-21 12:20:03.655 [restartedMain] INFO  o.s.jmx.export.annotation.AnnotationMBeanExporter - Registering beans for JMX exposure on startup
2020-02-21 12:20:03.659 [restartedMain] INFO  o.s.jmx.export.annotation.AnnotationMBeanExporter - Bean with name 'dataSource' has been autodetected for JMX exposure
2020-02-21 12:20:03.670 [restartedMain] INFO  o.s.jmx.export.annotation.AnnotationMBeanExporter - Located MBean 'dataSource': registering with JMX server as MBean [com.zaxxer.hikari:name=dataSource,type=HikariDataSource]
2020-02-21 12:20:03.679 [restartedMain] INFO  o.s.context.support.DefaultLifecycleProcessor - Starting beans in phase 2147483647
2020-02-21 12:20:03.679 [restartedMain] INFO  s.d.s.web.plugins.DocumentationPluginsBootstrapper - Context refreshed
2020-02-21 12:20:03.698 [restartedMain] INFO  s.d.s.web.plugins.DocumentationPluginsBootstrapper - Found 1 custom documentation plugin(s)
2020-02-21 12:20:03.758 [restartedMain] INFO  s.d.spring.web.scanners.ApiListingReferenceScanner - Scanning for api listing references
2020-02-21 12:20:04.405 [restartedMain] INFO  org.apache.coyote.http11.Http11NioProtocol - Starting ProtocolHandler ["http-nio-8001"]
2020-02-21 12:20:04.452 [restartedMain] INFO  org.apache.tomcat.util.net.NioSelectorPool - Using a shared selector for servlet write/read
2020-02-21 12:20:04.514 [restartedMain] INFO  o.s.boot.web.embedded.tomcat.TomcatWebServer - Tomcat started on port(s): 8001 (http) with context path ''
2020-02-21 12:20:04.526 [restartedMain] INFO  com.online.edu.eduservice.EduApplication - Started EduApplication in 9.596 seconds (JVM running for 12.197)
2020-02-21 12:20:07.945 [http-nio-8001-exec-1] INFO  o.a.c.core.ContainerBase.[Tomcat].[localhost].[/] - Initializing Spring FrameworkServlet 'dispatcherServlet'
2020-02-21 12:20:07.946 [http-nio-8001-exec-1] INFO  org.springframework.web.servlet.DispatcherServlet - FrameworkServlet 'dispatcherServlet': initialization started
2020-02-21 12:20:07.973 [http-nio-8001-exec-1] INFO  org.springframework.web.servlet.DispatcherServlet - FrameworkServlet 'dispatcherServlet': initialization completed in 27 ms
2020-02-21 12:21:04.842 [Thread-29] INFO  o.s.b.w.s.c.AnnotationConfigServletWebServerApplicationContext - Closing org.springframework.boot.web.servlet.context.AnnotationConfigServletWebServerApplicationContext@3b4a89d: startup date [Fri Feb 21 12:19:56 CST 2020]; root of context hierarchy
2020-02-21 12:21:04.852 [Thread-29] INFO  o.s.context.support.DefaultLifecycleProcessor - Stopping beans in phase 2147483647
2020-02-21 12:21:04.859 [Thread-29] INFO  o.s.jmx.export.annotation.AnnotationMBeanExporter - Unregistering JMX-exposed beans on shutdown
2020-02-21 12:21:04.860 [Thread-29] INFO  o.s.jmx.export.annotation.AnnotationMBeanExporter - Unregistering JMX-exposed beans
2020-02-21 12:21:04.865 [Thread-29] INFO  com.zaxxer.hikari.HikariDataSource - GuliHikariPool - Shutdown initiated...
2020-02-21 12:21:04.882 [Thread-29] INFO  com.zaxxer.hikari.HikariDataSource - GuliHikariPool - Shutdown completed.
2020-02-21 12:21:15.767 [restartedMain] INFO  com.online.edu.eduservice.EduApplication - Starting EduApplication on CN0214005103M.local with PID 25254 (/Users/jiaxiangyu/Downloads/xueyuan_edu/xueyuan_eduservice/target/classes started by jiaxiangyu in /Users/jiaxiangyu/Downloads/xueyuan_edu)
2020-02-21 12:21:15.775 [restartedMain] INFO  com.online.edu.eduservice.EduApplication - The following profiles are active: dev
2020-02-21 12:21:16.097 [restartedMain] INFO  o.s.b.w.s.c.AnnotationConfigServletWebServerApplicationContext - Refreshing org.springframework.boot.web.servlet.context.AnnotationConfigServletWebServerApplicationContext@6520f588: startup date [Fri Feb 21 12:21:16 CST 2020]; root of context hierarchy
2020-02-21 12:21:19.048 [restartedMain] INFO  o.s.c.s.PostProcessorRegistrationDelegate$BeanPostProcessorChecker - Bean 'org.springframework.transaction.annotation.ProxyTransactionManagementConfiguration' of type [org.springframework.transaction.annotation.ProxyTransactionManagementConfiguration$$EnhancerBySpringCGLIB$$cb6174b3] is not eligible for getting processed by all BeanPostProcessors (for example: not eligible for auto-proxying)
2020-02-21 12:21:19.843 [restartedMain] INFO  o.s.boot.web.embedded.tomcat.TomcatWebServer - Tomcat initialized with port(s): 8001 (http)
2020-02-21 12:21:19.868 [restartedMain] INFO  org.apache.coyote.http11.Http11NioProtocol - Initializing ProtocolHandler ["http-nio-8001"]
2020-02-21 12:21:19.892 [restartedMain] INFO  org.apache.catalina.core.StandardService - Starting service [Tomcat]
2020-02-21 12:21:19.893 [restartedMain] INFO  org.apache.catalina.core.StandardEngine - Starting Servlet Engine: Apache Tomcat/8.5.35
2020-02-21 12:21:19.900 [localhost-startStop-1] INFO  org.apache.catalina.core.AprLifecycleListener - The APR based Apache Tomcat Native library which allows optimal performance in production environments was not found on the java.library.path: [/Users/jiaxiangyu/Library/Java/Extensions:/Library/Java/Extensions:/Network/Library/Java/Extensions:/System/Library/Java/Extensions:/usr/lib/java:.]
2020-02-21 12:21:20.016 [localhost-startStop-1] INFO  o.a.c.core.ContainerBase.[Tomcat].[localhost].[/] - Initializing Spring embedded WebApplicationContext
2020-02-21 12:21:20.017 [localhost-startStop-1] INFO  org.springframework.web.context.ContextLoader - Root WebApplicationContext: initialization completed in 3920 ms
2020-02-21 12:21:20.179 [localhost-startStop-1] INFO  o.s.boot.web.servlet.ServletRegistrationBean - Servlet dispatcherServlet mapped to [/]
2020-02-21 12:21:20.191 [localhost-startStop-1] INFO  o.s.boot.web.servlet.FilterRegistrationBean - Mapping filter: 'characterEncodingFilter' to: [/*]
2020-02-21 12:21:20.193 [localhost-startStop-1] INFO  o.s.boot.web.servlet.FilterRegistrationBean - Mapping filter: 'hiddenHttpMethodFilter' to: [/*]
2020-02-21 12:21:20.193 [localhost-startStop-1] INFO  o.s.boot.web.servlet.FilterRegistrationBean - Mapping filter: 'httpPutFormContentFilter' to: [/*]
2020-02-21 12:21:20.194 [localhost-startStop-1] INFO  o.s.boot.web.servlet.FilterRegistrationBean - Mapping filter: 'requestContextFilter' to: [/*]
2020-02-21 12:21:20.530 [restartedMain] INFO  com.zaxxer.hikari.HikariDataSource - GuliHikariPool - Starting...
2020-02-21 12:21:21.101 [restartedMain] INFO  com.zaxxer.hikari.HikariDataSource - GuliHikariPool - Start completed.
2020-02-21 12:21:22.147 [restartedMain] INFO  o.s.w.s.m.m.a.RequestMappingHandlerMapping - Mapped "{[/eduservice/chapter/getChapterVideoList/{id}],methods=[GET]}" onto public com.online.edu.common.R com.online.edu.eduservice.controller.EduChapterController.getChapterVideoList(java.lang.String)
2020-02-21 12:21:22.149 [restartedMain] INFO  o.s.w.s.m.m.a.RequestMappingHandlerMapping - Mapped "{[/eduservice/chapter/add],methods=[POST]}" onto public com.online.edu.common.R com.online.edu.eduservice.controller.EduChapterController.addChapter(com.online.edu.eduservice.entity.EduChapter)
2020-02-21 12:21:22.150 [restartedMain] INFO  o.s.w.s.m.m.a.RequestMappingHandlerMapping - Mapped "{[/eduservice/chapter/getChapterInfo/{chapterId}],methods=[GET]}" onto public com.online.edu.common.R com.online.edu.eduservice.controller.EduChapterController.getChapterInfo(java.lang.Long)
2020-02-21 12:21:22.151 [restartedMain] INFO  o.s.w.s.m.m.a.RequestMappingHandlerMapping - Mapped "{[/eduservice/chapter/updateChapter],methods=[POST]}" onto public com.online.edu.common.R com.online.edu.eduservice.controller.EduChapterController.updateChapter(com.online.edu.eduservice.entity.EduChapter)
2020-02-21 12:21:22.152 [restartedMain] INFO  o.s.w.s.m.m.a.RequestMappingHandlerMapping - Mapped "{[/eduservice/chapter/{chapterId}],methods=[DELETE]}" onto public com.online.edu.common.R com.online.edu.eduservice.controller.EduChapterController.deleteChapter(java.lang.Long)
2020-02-21 12:21:22.155 [restartedMain] INFO  o.s.w.s.m.m.a.RequestMappingHandlerMapping - Mapped "{[/eduservice/course/getCourseInfo/{id}],methods=[GET]}" onto public com.online.edu.common.R com.online.edu.eduservice.controller.EduCourseController.getCourseInfo(java.lang.Long)
2020-02-21 12:21:22.156 [restartedMain] INFO  o.s.w.s.m.m.a.RequestMappingHandlerMapping - Mapped "{[/eduservice/course/addCourseInfo],methods=[POST]}" onto public com.online.edu.common.R com.online.edu.eduservice.controller.EduCourseController.addCourseInfo(com.online.edu.eduservice.entity.CourseInfoForm)
2020-02-21 12:21:22.157 [restartedMain] INFO  o.s.w.s.m.m.a.RequestMappingHandlerMapping - Mapped "{[/eduservice/course/updateCourseInfo/{id}],methods=[POST]}" onto public com.online.edu.common.R com.online.edu.eduservice.controller.EduCourseController.updateCourseInfo(java.lang.Long,com.online.edu.eduservice.entity.CourseInfoForm)
2020-02-21 12:21:22.157 [restartedMain] INFO  o.s.w.s.m.m.a.RequestMappingHandlerMapping - Mapped "{[/eduservice/course/listCourse/{page}/{limit}],methods=[GET]}" onto public com.online.edu.common.R com.online.edu.eduservice.controller.EduCourseController.listCourse(java.lang.Long,java.lang.Long,com.online.edu.eduservice.entity.CourseQuery)
2020-02-21 12:21:22.158 [restartedMain] INFO  o.s.w.s.m.m.a.RequestMappingHandlerMapping - Mapped "{[/eduservice/course/deleteCourseId/{id}],methods=[DELETE]}" onto public com.online.edu.common.R com.online.edu.eduservice.controller.EduCourseController.deleteCourseId(java.lang.Long)
2020-02-21 12:21:22.159 [restartedMain] INFO  o.s.w.s.m.m.a.RequestMappingHandlerMapping - Mapped "{[/eduservice/course/getAllCourseInfo/{courseId}],methods=[GET]}" onto public com.online.edu.common.R com.online.edu.eduservice.controller.EduCourseController.getAllCourseInfo(java.lang.String)
2020-02-21 12:21:22.159 [restartedMain] INFO  o.s.w.s.m.m.a.RequestMappingHandlerMapping - Mapped "{[/eduservice/course/publicCourse/{courseId}],methods=[POST]}" onto public com.online.edu.common.R com.online.edu.eduservice.controller.EduCourseController.publicCourse(java.lang.Long)
2020-02-21 12:21:22.163 [restartedMain] INFO  o.s.w.s.m.m.a.RequestMappingHandlerMapping - Mapped "{[/eduservice/edu-subject/import],methods=[POST]}" onto public com.online.edu.common.R com.online.edu.eduservice.controller.EduSubjectController.importExcelSubject(org.springframework.web.multipart.MultipartFile)
2020-02-21 12:21:22.165 [restartedMain] INFO  o.s.w.s.m.m.a.RequestMappingHandlerMapping - Mapped "{[/eduservice/edu-subject/list],methods=[GET]}" onto public com.online.edu.common.R com.online.edu.eduservice.controller.EduSubjectController.nestedList()
2020-02-21 12:21:22.166 [restartedMain] INFO  o.s.w.s.m.m.a.RequestMappingHandlerMapping - Mapped "{[/eduservice/edu-subject/{id}],methods=[DELETE]}" onto public com.online.edu.common.R com.online.edu.eduservice.controller.EduSubjectController.deleteSubjectId(java.lang.Long)
2020-02-21 12:21:22.167 [restartedMain] INFO  o.s.w.s.m.m.a.RequestMappingHandlerMapping - Mapped "{[/eduservice/edu-subject/addOneLevel],methods=[POST]}" onto public com.online.edu.common.R com.online.edu.eduservice.controller.EduSubjectController.addOneLevel(com.online.edu.eduservice.entity.EduSubject)
2020-02-21 12:21:22.169 [restartedMain] INFO  o.s.w.s.m.m.a.RequestMappingHandlerMapping - Mapped "{[/eduservice/edu-subject/addTwoLevel],methods=[POST]}" onto public com.online.edu.common.R com.online.edu.eduservice.controller.EduSubjectController.addTwoLevel(com.online.edu.eduservice.entity.EduSubject)
2020-02-21 12:21:22.174 [restartedMain] INFO  o.s.w.s.m.m.a.RequestMappingHandlerMapping - Mapped "{[/eduservice/edu-teacher/info],methods=[GET]}" onto public com.online.edu.common.R com.online.edu.eduservice.controller.EduTeacherController.info()
2020-02-21 12:21:22.175 [restartedMain] INFO  o.s.w.s.m.m.a.RequestMappingHandlerMapping - Mapped "{[/eduservice/edu-teacher/login],methods=[POST]}" onto public com.online.edu.common.R com.online.edu.eduservice.controller.EduTeacherController.login()
2020-02-21 12:21:22.176 [restartedMain] INFO  o.s.w.s.m.m.a.RequestMappingHandlerMapping - Mapped "{[/eduservice/edu-teacher/list],methods=[GET]}" onto public com.online.edu.common.R com.online.edu.eduservice.controller.EduTeacherController.getAllTeacherList()
2020-02-21 12:21:22.177 [restartedMain] INFO  o.s.w.s.m.m.a.RequestMappingHandlerMapping - Mapped "{[/eduservice/edu-teacher/{id}],methods=[DELETE]}" onto public boolean com.online.edu.eduservice.controller.EduTeacherController.deleteTeacher(java.lang.String)
2020-02-21 12:21:22.178 [restartedMain] INFO  o.s.w.s.m.m.a.RequestMappingHandlerMapping - Mapped "{[/eduservice/edu-teacher/pageList/{page}/{limit}],methods=[GET]}" onto public com.online.edu.common.R com.online.edu.eduservice.controller.EduTeacherController.getPageTeacherList(java.lang.Long,java.lang.Long)
2020-02-21 12:21:22.179 [restartedMain] INFO  o.s.w.s.m.m.a.RequestMappingHandlerMapping - Mapped "{[/eduservice/edu-teacher/moreCondtionPageList/{page}/{limit}],methods=[POST]}" onto public com.online.edu.common.R com.online.edu.eduservice.controller.EduTeacherController.getmoreConditionPageList(java.lang.Long,java.lang.Long,com.online.edu.eduservice.entity.QueryTeacher)
2020-02-21 12:21:22.180 [restartedMain] INFO  o.s.w.s.m.m.a.RequestMappingHandlerMapping - Mapped "{[/eduservice/edu-teacher/addTeacher],methods=[POST]}" onto public com.online.edu.common.R com.online.edu.eduservice.controller.EduTeacherController.addTeacher(com.online.edu.eduservice.entity.EduTeacher)
2020-02-21 12:21:22.181 [restartedMain] INFO  o.s.w.s.m.m.a.RequestMappingHandlerMapping - Mapped "{[/eduservice/edu-teacher/getTeacherInfo/{id}],methods=[GET]}" onto public com.online.edu.common.R com.online.edu.eduservice.controller.EduTeacherController.getTeacherInfo(java.lang.String)
2020-02-21 12:21:22.182 [restartedMain] INFO  o.s.w.s.m.m.a.RequestMappingHandlerMapping - Mapped "{[/eduservice/edu-teacher/updateTeacher],methods=[POST]}" onto public com.online.edu.common.R com.online.edu.eduservice.controller.EduTeacherController.updateTeacher(com.online.edu.eduservice.entity.EduTeacher)
2020-02-21 12:21:22.184 [restartedMain] INFO  o.s.w.s.m.m.a.RequestMappingHandlerMapping - Mapped "{[/eduservice/edu-video/addVideo],methods=[POST]}" onto public com.online.edu.common.R com.online.edu.eduservice.controller.EduVideoController.addVideo(com.online.edu.eduservice.entity.EduVideo)
2020-02-21 12:21:22.185 [restartedMain] INFO  o.s.w.s.m.m.a.RequestMappingHandlerMapping - Mapped "{[/eduservice/edu-video/{videoId}],methods=[GET]}" onto public com.online.edu.common.R com.online.edu.eduservice.controller.EduVideoController.getVideoId(java.lang.Long)
2020-02-21 12:21:22.186 [restartedMain] INFO  o.s.w.s.m.m.a.RequestMappingHandlerMapping - Mapped "{[/eduservice/edu-video/updateVideo],methods=[POST]}" onto public com.online.edu.common.R com.online.edu.eduservice.controller.EduVideoController.updateVideo(com.online.edu.eduservice.entity.EduVideo)
2020-02-21 12:21:22.187 [restartedMain] INFO  o.s.w.s.m.m.a.RequestMappingHandlerMapping - Mapped "{[/eduservice/edu-video/deleteVideoId/{videoId}],methods=[DELETE]}" onto public com.online.edu.common.R com.online.edu.eduservice.controller.EduVideoController.deleteVideo(java.lang.Long)
2020-02-21 12:21:22.188 [restartedMain] INFO  o.s.w.s.m.m.a.RequestMappingHandlerMapping - Mapped "{[/eduservice/oss/upload],methods=[POST]}" onto public com.online.edu.common.R com.online.edu.eduservice.controller.FileUploadController.uploadTeacherImg(org.springframework.web.multipart.MultipartFile,java.lang.String) throws java.lang.Exception
2020-02-21 12:21:22.194 [restartedMain] INFO  o.s.w.s.m.m.a.RequestMappingHandlerMapping - Mapped "{[/swagger-resources/configuration/ui]}" onto public org.springframework.http.ResponseEntity<springfox.documentation.swagger.web.UiConfiguration> springfox.documentation.swagger.web.ApiResourceController.uiConfiguration()
2020-02-21 12:21:22.195 [restartedMain] INFO  o.s.w.s.m.m.a.RequestMappingHandlerMapping - Mapped "{[/swagger-resources/configuration/security]}" onto public org.springframework.http.ResponseEntity<springfox.documentation.swagger.web.SecurityConfiguration> springfox.documentation.swagger.web.ApiResourceController.securityConfiguration()
2020-02-21 12:21:22.196 [restartedMain] INFO  o.s.w.s.m.m.a.RequestMappingHandlerMapping - Mapped "{[/swagger-resources]}" onto public org.springframework.http.ResponseEntity<java.util.List<springfox.documentation.swagger.web.SwaggerResource>> springfox.documentation.swagger.web.ApiResourceController.swaggerResources()
2020-02-21 12:21:22.201 [restartedMain] INFO  o.s.w.s.m.m.a.RequestMappingHandlerMapping - Mapped "{[/error]}" onto public org.springframework.http.ResponseEntity<java.util.Map<java.lang.String, java.lang.Object>> org.springframework.boot.autoconfigure.web.servlet.error.BasicErrorController.error(javax.servlet.http.HttpServletRequest)
2020-02-21 12:21:22.202 [restartedMain] INFO  o.s.w.s.m.m.a.RequestMappingHandlerMapping - Mapped "{[/error],produces=[text/html]}" onto public org.springframework.web.servlet.ModelAndView org.springframework.boot.autoconfigure.web.servlet.error.BasicErrorController.errorHtml(javax.servlet.http.HttpServletRequest,javax.servlet.http.HttpServletResponse)
2020-02-21 12:21:22.402 [restartedMain] INFO  s.d.s.w.PropertySourcedRequestMappingHandlerMapping - Mapped URL path [/v2/api-docs] onto method [public org.springframework.http.ResponseEntity<springfox.documentation.spring.web.json.Json> springfox.documentation.swagger2.web.Swagger2Controller.getDocumentation(java.lang.String,javax.servlet.http.HttpServletRequest)]
2020-02-21 12:21:22.558 [restartedMain] INFO  o.s.web.servlet.handler.SimpleUrlHandlerMapping - Mapped URL path [/**/favicon.ico] onto handler of type [class org.springframework.web.servlet.resource.ResourceHttpRequestHandler]
2020-02-21 12:21:22.775 [restartedMain] INFO  o.s.w.s.m.m.a.RequestMappingHandlerAdapter - Looking for @ControllerAdvice: org.springframework.boot.web.servlet.context.AnnotationConfigServletWebServerApplicationContext@6520f588: startup date [Fri Feb 21 12:21:16 CST 2020]; root of context hierarchy
2020-02-21 12:21:22.840 [restartedMain] INFO  o.s.web.servlet.handler.SimpleUrlHandlerMapping - Mapped URL path [/webjars/**] onto handler of type [class org.springframework.web.servlet.resource.ResourceHttpRequestHandler]
2020-02-21 12:21:22.840 [restartedMain] INFO  o.s.web.servlet.handler.SimpleUrlHandlerMapping - Mapped URL path [/**] onto handler of type [class org.springframework.web.servlet.resource.ResourceHttpRequestHandler]
2020-02-21 12:21:22.860 [restartedMain] INFO  o.s.w.s.m.m.a.ExceptionHandlerExceptionResolver - Detected @ExceptionHandler methods in globalException
2020-02-21 12:21:23.225 [restartedMain] INFO  o.s.b.d.autoconfigure.OptionalLiveReloadServer - LiveReload server is running on port 35729
2020-02-21 12:21:23.286 [restartedMain] INFO  o.s.jmx.export.annotation.AnnotationMBeanExporter - Registering beans for JMX exposure on startup
2020-02-21 12:21:23.290 [restartedMain] INFO  o.s.jmx.export.annotation.AnnotationMBeanExporter - Bean with name 'dataSource' has been autodetected for JMX exposure
2020-02-21 12:21:23.299 [restartedMain] INFO  o.s.jmx.export.annotation.AnnotationMBeanExporter - Located MBean 'dataSource': registering with JMX server as MBean [com.zaxxer.hikari:name=dataSource,type=HikariDataSource]
2020-02-21 12:21:23.306 [restartedMain] INFO  o.s.context.support.DefaultLifecycleProcessor - Starting beans in phase 2147483647
2020-02-21 12:21:23.307 [restartedMain] INFO  s.d.s.web.plugins.DocumentationPluginsBootstrapper - Context refreshed
2020-02-21 12:21:23.324 [restartedMain] INFO  s.d.s.web.plugins.DocumentationPluginsBootstrapper - Found 1 custom documentation plugin(s)
2020-02-21 12:21:23.393 [restartedMain] INFO  s.d.spring.web.scanners.ApiListingReferenceScanner - Scanning for api listing references
2020-02-21 12:21:23.960 [restartedMain] INFO  org.apache.coyote.http11.Http11NioProtocol - Starting ProtocolHandler ["http-nio-8001"]
2020-02-21 12:21:24.000 [restartedMain] INFO  org.apache.tomcat.util.net.NioSelectorPool - Using a shared selector for servlet write/read
2020-02-21 12:21:24.017 [restartedMain] INFO  o.s.boot.web.embedded.tomcat.TomcatWebServer - Tomcat started on port(s): 8001 (http) with context path ''
2020-02-21 12:21:24.026 [restartedMain] INFO  com.online.edu.eduservice.EduApplication - Started EduApplication in 9.368 seconds (JVM running for 11.501)
2020-02-21 12:21:41.601 [http-nio-8001-exec-1] INFO  o.a.c.core.ContainerBase.[Tomcat].[localhost].[/] - Initializing Spring FrameworkServlet 'dispatcherServlet'
2020-02-21 12:21:41.602 [http-nio-8001-exec-1] INFO  org.springframework.web.servlet.DispatcherServlet - FrameworkServlet 'dispatcherServlet': initialization started
2020-02-21 12:21:41.630 [http-nio-8001-exec-1] INFO  org.springframework.web.servlet.DispatcherServlet - FrameworkServlet 'dispatcherServlet': initialization completed in 28 ms
2020-02-21 12:44:13.448 [Thread-28] INFO  o.s.b.w.s.c.AnnotationConfigServletWebServerApplicationContext - Closing org.springframework.boot.web.servlet.context.AnnotationConfigServletWebServerApplicationContext@6520f588: startup date [Fri Feb 21 12:21:16 CST 2020]; root of context hierarchy
2020-02-21 12:44:13.503 [Thread-28] INFO  o.s.context.support.DefaultLifecycleProcessor - Stopping beans in phase 2147483647
2020-02-21 12:44:13.528 [Thread-28] INFO  o.s.jmx.export.annotation.AnnotationMBeanExporter - Unregistering JMX-exposed beans on shutdown
2020-02-21 12:44:13.533 [Thread-28] INFO  o.s.jmx.export.annotation.AnnotationMBeanExporter - Unregistering JMX-exposed beans
2020-02-21 12:44:13.542 [Thread-28] INFO  com.zaxxer.hikari.HikariDataSource - GuliHikariPool - Shutdown initiated...
2020-02-21 12:44:13.551 [Thread-28] INFO  com.zaxxer.hikari.HikariDataSource - GuliHikariPool - Shutdown completed.
