2020-02-19 09:16:20.485 [Thread-25] INFO  o.s.b.w.s.c.AnnotationConfigServletWebServerApplicationContext - Closing org.springframework.boot.web.servlet.context.AnnotationConfigServletWebServerApplicationContext@396e6755: startup date [Tue Feb 18 21:47:10 CST 2020]; root of context hierarchy
2020-02-19 09:16:20.551 [Thread-25] INFO  o.s.context.support.DefaultLifecycleProcessor - Stopping beans in phase 2147483647
2020-02-19 09:16:20.563 [Thread-25] INFO  o.s.jmx.export.annotation.AnnotationMBeanExporter - Unregistering JMX-exposed beans on shutdown
2020-02-19 09:16:20.565 [Thread-25] INFO  o.s.jmx.export.annotation.AnnotationMBeanExporter - Unregistering JMX-exposed beans
2020-02-19 09:16:20.569 [Thread-25] INFO  com.zaxxer.hikari.HikariDataSource - GuliHikariPool - Shutdown initiated...
2020-02-19 09:16:20.575 [Thread-25] INFO  com.zaxxer.hikari.HikariDataSource - GuliHikariPool - Shutdown completed.
2020-02-19 18:45:42.475 [restartedMain] INFO  com.online.edu.eduservice.EduApplication - Starting EduApplication on CN0214005103M.local with PID 48196 (/Users/jiaxiangyu/Downloads/xueyuan_edu/xueyuan_eduservice/target/classes started by jiaxiangyu in /Users/jiaxiangyu/Downloads/xueyuan_edu)
2020-02-19 18:45:42.497 [restartedMain] INFO  com.online.edu.eduservice.EduApplication - The following profiles are active: dev
2020-02-19 18:45:42.635 [restartedMain] INFO  o.s.b.w.s.c.AnnotationConfigServletWebServerApplicationContext - Refreshing org.springframework.boot.web.servlet.context.AnnotationConfigServletWebServerApplicationContext@263c2f8a: startup date [Wed Feb 19 18:45:42 CST 2020]; root of context hierarchy
2020-02-19 18:45:45.761 [restartedMain] INFO  o.s.c.s.PostProcessorRegistrationDelegate$BeanPostProcessorChecker - Bean 'org.springframework.transaction.annotation.ProxyTransactionManagementConfiguration' of type [org.springframework.transaction.annotation.ProxyTransactionManagementConfiguration$$EnhancerBySpringCGLIB$$69e9d73e] is not eligible for getting processed by all BeanPostProcessors (for example: not eligible for auto-proxying)
2020-02-19 18:45:46.667 [restartedMain] INFO  o.s.boot.web.embedded.tomcat.TomcatWebServer - Tomcat initialized with port(s): 8001 (http)
2020-02-19 18:45:46.689 [restartedMain] INFO  org.apache.coyote.http11.Http11NioProtocol - Initializing ProtocolHandler ["http-nio-8001"]
2020-02-19 18:45:46.762 [restartedMain] INFO  org.apache.catalina.core.StandardService - Starting service [Tomcat]
2020-02-19 18:45:46.763 [restartedMain] INFO  org.apache.catalina.core.StandardEngine - Starting Servlet Engine: Apache Tomcat/8.5.35
2020-02-19 18:45:46.771 [localhost-startStop-1] INFO  org.apache.catalina.core.AprLifecycleListener - The APR based Apache Tomcat Native library which allows optimal performance in production environments was not found on the java.library.path: [/Users/jiaxiangyu/Library/Java/Extensions:/Library/Java/Extensions:/Network/Library/Java/Extensions:/System/Library/Java/Extensions:/usr/lib/java:.]
2020-02-19 18:45:46.917 [localhost-startStop-1] INFO  o.a.c.core.ContainerBase.[Tomcat].[localhost].[/] - Initializing Spring embedded WebApplicationContext
2020-02-19 18:45:46.917 [localhost-startStop-1] INFO  org.springframework.web.context.ContextLoader - Root WebApplicationContext: initialization completed in 4282 ms
2020-02-19 18:45:47.122 [localhost-startStop-1] INFO  o.s.boot.web.servlet.ServletRegistrationBean - Servlet dispatcherServlet mapped to [/]
2020-02-19 18:45:47.141 [localhost-startStop-1] INFO  o.s.boot.web.servlet.FilterRegistrationBean - Mapping filter: 'characterEncodingFilter' to: [/*]
2020-02-19 18:45:47.147 [localhost-startStop-1] INFO  o.s.boot.web.servlet.FilterRegistrationBean - Mapping filter: 'hiddenHttpMethodFilter' to: [/*]
2020-02-19 18:45:47.148 [localhost-startStop-1] INFO  o.s.boot.web.servlet.FilterRegistrationBean - Mapping filter: 'httpPutFormContentFilter' to: [/*]
2020-02-19 18:45:47.148 [localhost-startStop-1] INFO  o.s.boot.web.servlet.FilterRegistrationBean - Mapping filter: 'requestContextFilter' to: [/*]
2020-02-19 18:45:47.725 [restartedMain] INFO  com.zaxxer.hikari.HikariDataSource - GuliHikariPool - Starting...
2020-02-19 18:45:48.493 [restartedMain] INFO  com.zaxxer.hikari.HikariDataSource - GuliHikariPool - Start completed.
2020-02-19 18:45:50.625 [restartedMain] INFO  o.s.w.s.m.m.a.RequestMappingHandlerMapping - Mapped "{[/eduservice/chapter/getChapterVideoList/{id}],methods=[GET]}" onto public com.online.edu.common.R com.online.edu.eduservice.controller.EduChapterController.getChapterVideoList(java.lang.String)
2020-02-19 18:45:50.629 [restartedMain] INFO  o.s.w.s.m.m.a.RequestMappingHandlerMapping - Mapped "{[/eduservice/chapter/add],methods=[POST]}" onto public com.online.edu.common.R com.online.edu.eduservice.controller.EduChapterController.addChapter(com.online.edu.eduservice.entity.EduChapter)
2020-02-19 18:45:50.630 [restartedMain] INFO  o.s.w.s.m.m.a.RequestMappingHandlerMapping - Mapped "{[/eduservice/chapter/getChapterInfo/{chapterId}],methods=[GET]}" onto public com.online.edu.common.R com.online.edu.eduservice.controller.EduChapterController.getChapterInfo(java.lang.Long)
2020-02-19 18:45:50.631 [restartedMain] INFO  o.s.w.s.m.m.a.RequestMappingHandlerMapping - Mapped "{[/eduservice/chapter/updateChapter],methods=[POST]}" onto public com.online.edu.common.R com.online.edu.eduservice.controller.EduChapterController.updateChapter(com.online.edu.eduservice.entity.EduChapter)
2020-02-19 18:45:50.632 [restartedMain] INFO  o.s.w.s.m.m.a.RequestMappingHandlerMapping - Mapped "{[/eduservice/chapter/{chapterId}],methods=[DELETE]}" onto public com.online.edu.common.R com.online.edu.eduservice.controller.EduChapterController.deleteChapter(java.lang.Long)
2020-02-19 18:45:50.637 [restartedMain] INFO  o.s.w.s.m.m.a.RequestMappingHandlerMapping - Mapped "{[/eduservice/course/getCourseInfo/{id}],methods=[GET]}" onto public com.online.edu.common.R com.online.edu.eduservice.controller.EduCourseController.getCourseInfo(java.lang.Long)
2020-02-19 18:45:50.638 [restartedMain] INFO  o.s.w.s.m.m.a.RequestMappingHandlerMapping - Mapped "{[/eduservice/course/addCourseInfo],methods=[POST]}" onto public com.online.edu.common.R com.online.edu.eduservice.controller.EduCourseController.addCourseInfo(com.online.edu.eduservice.entity.CourseInfoForm)
2020-02-19 18:45:50.639 [restartedMain] INFO  o.s.w.s.m.m.a.RequestMappingHandlerMapping - Mapped "{[/eduservice/course/updateCourseInfo/{id}],methods=[POST]}" onto public com.online.edu.common.R com.online.edu.eduservice.controller.EduCourseController.updateCourseInfo(java.lang.Long,com.online.edu.eduservice.entity.CourseInfoForm)
2020-02-19 18:45:50.641 [restartedMain] INFO  o.s.w.s.m.m.a.RequestMappingHandlerMapping - Mapped "{[/eduservice/course/listCourse/{page}/{limit}],methods=[GET]}" onto public com.online.edu.common.R com.online.edu.eduservice.controller.EduCourseController.listCourse(java.lang.Long,java.lang.Long,com.online.edu.eduservice.entity.CourseQuery)
2020-02-19 18:45:50.643 [restartedMain] INFO  o.s.w.s.m.m.a.RequestMappingHandlerMapping - Mapped "{[/eduservice/course/deleteCourseId/{id}],methods=[DELETE]}" onto public com.online.edu.common.R com.online.edu.eduservice.controller.EduCourseController.deleteCourseId(java.lang.Long)
2020-02-19 18:45:50.649 [restartedMain] INFO  o.s.w.s.m.m.a.RequestMappingHandlerMapping - Mapped "{[/eduservice/edu-subject/import],methods=[POST]}" onto public com.online.edu.common.R com.online.edu.eduservice.controller.EduSubjectController.importExcelSubject(org.springframework.web.multipart.MultipartFile)
2020-02-19 18:45:50.651 [restartedMain] INFO  o.s.w.s.m.m.a.RequestMappingHandlerMapping - Mapped "{[/eduservice/edu-subject/list],methods=[GET]}" onto public com.online.edu.common.R com.online.edu.eduservice.controller.EduSubjectController.nestedList()
2020-02-19 18:45:50.653 [restartedMain] INFO  o.s.w.s.m.m.a.RequestMappingHandlerMapping - Mapped "{[/eduservice/edu-subject/{id}],methods=[DELETE]}" onto public com.online.edu.common.R com.online.edu.eduservice.controller.EduSubjectController.deleteSubjectId(java.lang.Long)
2020-02-19 18:45:50.654 [restartedMain] INFO  o.s.w.s.m.m.a.RequestMappingHandlerMapping - Mapped "{[/eduservice/edu-subject/addOneLevel],methods=[POST]}" onto public com.online.edu.common.R com.online.edu.eduservice.controller.EduSubjectController.addOneLevel(com.online.edu.eduservice.entity.EduSubject)
2020-02-19 18:45:50.655 [restartedMain] INFO  o.s.w.s.m.m.a.RequestMappingHandlerMapping - Mapped "{[/eduservice/edu-subject/addTwoLevel],methods=[POST]}" onto public com.online.edu.common.R com.online.edu.eduservice.controller.EduSubjectController.addTwoLevel(com.online.edu.eduservice.entity.EduSubject)
2020-02-19 18:45:50.665 [restartedMain] INFO  o.s.w.s.m.m.a.RequestMappingHandlerMapping - Mapped "{[/eduservice/edu-teacher/info],methods=[GET]}" onto public com.online.edu.common.R com.online.edu.eduservice.controller.EduTeacherController.info()
2020-02-19 18:45:50.667 [restartedMain] INFO  o.s.w.s.m.m.a.RequestMappingHandlerMapping - Mapped "{[/eduservice/edu-teacher/login],methods=[POST]}" onto public com.online.edu.common.R com.online.edu.eduservice.controller.EduTeacherController.login()
2020-02-19 18:45:50.668 [restartedMain] INFO  o.s.w.s.m.m.a.RequestMappingHandlerMapping - Mapped "{[/eduservice/edu-teacher/list],methods=[GET]}" onto public com.online.edu.common.R com.online.edu.eduservice.controller.EduTeacherController.getAllTeacherList()
2020-02-19 18:45:50.669 [restartedMain] INFO  o.s.w.s.m.m.a.RequestMappingHandlerMapping - Mapped "{[/eduservice/edu-teacher/{id}],methods=[DELETE]}" onto public boolean com.online.edu.eduservice.controller.EduTeacherController.deleteTeacher(java.lang.String)
2020-02-19 18:45:50.670 [restartedMain] INFO  o.s.w.s.m.m.a.RequestMappingHandlerMapping - Mapped "{[/eduservice/edu-teacher/pageList/{page}/{limit}],methods=[GET]}" onto public com.online.edu.common.R com.online.edu.eduservice.controller.EduTeacherController.getPageTeacherList(java.lang.Long,java.lang.Long)
2020-02-19 18:45:50.671 [restartedMain] INFO  o.s.w.s.m.m.a.RequestMappingHandlerMapping - Mapped "{[/eduservice/edu-teacher/moreCondtionPageList/{page}/{limit}],methods=[POST]}" onto public com.online.edu.common.R com.online.edu.eduservice.controller.EduTeacherController.getmoreConditionPageList(java.lang.Long,java.lang.Long,com.online.edu.eduservice.entity.QueryTeacher)
2020-02-19 18:45:50.672 [restartedMain] INFO  o.s.w.s.m.m.a.RequestMappingHandlerMapping - Mapped "{[/eduservice/edu-teacher/addTeacher],methods=[POST]}" onto public com.online.edu.common.R com.online.edu.eduservice.controller.EduTeacherController.addTeacher(com.online.edu.eduservice.entity.EduTeacher)
2020-02-19 18:45:50.673 [restartedMain] INFO  o.s.w.s.m.m.a.RequestMappingHandlerMapping - Mapped "{[/eduservice/edu-teacher/getTeacherInfo/{id}],methods=[GET]}" onto public com.online.edu.common.R com.online.edu.eduservice.controller.EduTeacherController.getTeacherInfo(java.lang.String)
2020-02-19 18:45:50.680 [restartedMain] INFO  o.s.w.s.m.m.a.RequestMappingHandlerMapping - Mapped "{[/eduservice/edu-teacher/updateTeacher],methods=[POST]}" onto public com.online.edu.common.R com.online.edu.eduservice.controller.EduTeacherController.updateTeacher(com.online.edu.eduservice.entity.EduTeacher)
2020-02-19 18:45:50.684 [restartedMain] INFO  o.s.w.s.m.m.a.RequestMappingHandlerMapping - Mapped "{[/eduservice/edu-video/{videoId}],methods=[GET]}" onto public com.online.edu.common.R com.online.edu.eduservice.controller.EduVideoController.getVideoId(java.lang.Long)
2020-02-19 18:45:50.687 [restartedMain] INFO  o.s.w.s.m.m.a.RequestMappingHandlerMapping - Mapped "{[/eduservice/edu-video/addVideo],methods=[POST]}" onto public com.online.edu.common.R com.online.edu.eduservice.controller.EduVideoController.addVideo(com.online.edu.eduservice.entity.EduVideo)
2020-02-19 18:45:50.688 [restartedMain] INFO  o.s.w.s.m.m.a.RequestMappingHandlerMapping - Mapped "{[/eduservice/edu-video/updateVideo],methods=[POST]}" onto public com.online.edu.common.R com.online.edu.eduservice.controller.EduVideoController.updateVideo(com.online.edu.eduservice.entity.EduVideo)
2020-02-19 18:45:50.689 [restartedMain] INFO  o.s.w.s.m.m.a.RequestMappingHandlerMapping - Mapped "{[/eduservice/edu-video/{videoId}],methods=[DELETE]}" onto public com.online.edu.common.R com.online.edu.eduservice.controller.EduVideoController.deleteVideoId(java.lang.Long)
2020-02-19 18:45:50.690 [restartedMain] INFO  o.s.w.s.m.m.a.RequestMappingHandlerMapping - Mapped "{[/eduservice/oss/upload],methods=[POST]}" onto public com.online.edu.common.R com.online.edu.eduservice.controller.FileUploadController.uploadTeacherImg(org.springframework.web.multipart.MultipartFile,java.lang.String) throws java.lang.Exception
2020-02-19 18:45:50.704 [restartedMain] INFO  o.s.w.s.m.m.a.RequestMappingHandlerMapping - Mapped "{[/swagger-resources/configuration/security]}" onto public org.springframework.http.ResponseEntity<springfox.documentation.swagger.web.SecurityConfiguration> springfox.documentation.swagger.web.ApiResourceController.securityConfiguration()
2020-02-19 18:45:50.706 [restartedMain] INFO  o.s.w.s.m.m.a.RequestMappingHandlerMapping - Mapped "{[/swagger-resources/configuration/ui]}" onto public org.springframework.http.ResponseEntity<springfox.documentation.swagger.web.UiConfiguration> springfox.documentation.swagger.web.ApiResourceController.uiConfiguration()
2020-02-19 18:45:50.707 [restartedMain] INFO  o.s.w.s.m.m.a.RequestMappingHandlerMapping - Mapped "{[/swagger-resources]}" onto public org.springframework.http.ResponseEntity<java.util.List<springfox.documentation.swagger.web.SwaggerResource>> springfox.documentation.swagger.web.ApiResourceController.swaggerResources()
2020-02-19 18:45:50.714 [restartedMain] INFO  o.s.w.s.m.m.a.RequestMappingHandlerMapping - Mapped "{[/error]}" onto public org.springframework.http.ResponseEntity<java.util.Map<java.lang.String, java.lang.Object>> org.springframework.boot.autoconfigure.web.servlet.error.BasicErrorController.error(javax.servlet.http.HttpServletRequest)
2020-02-19 18:45:50.716 [restartedMain] INFO  o.s.w.s.m.m.a.RequestMappingHandlerMapping - Mapped "{[/error],produces=[text/html]}" onto public org.springframework.web.servlet.ModelAndView org.springframework.boot.autoconfigure.web.servlet.error.BasicErrorController.errorHtml(javax.servlet.http.HttpServletRequest,javax.servlet.http.HttpServletResponse)
2020-02-19 18:45:51.311 [restartedMain] INFO  s.d.s.w.PropertySourcedRequestMappingHandlerMapping - Mapped URL path [/v2/api-docs] onto method [public org.springframework.http.ResponseEntity<springfox.documentation.spring.web.json.Json> springfox.documentation.swagger2.web.Swagger2Controller.getDocumentation(java.lang.String,javax.servlet.http.HttpServletRequest)]
2020-02-19 18:45:51.497 [restartedMain] INFO  o.s.web.servlet.handler.SimpleUrlHandlerMapping - Mapped URL path [/**/favicon.ico] onto handler of type [class org.springframework.web.servlet.resource.ResourceHttpRequestHandler]
2020-02-19 18:45:51.762 [restartedMain] INFO  o.s.w.s.m.m.a.RequestMappingHandlerAdapter - Looking for @ControllerAdvice: org.springframework.boot.web.servlet.context.AnnotationConfigServletWebServerApplicationContext@263c2f8a: startup date [Wed Feb 19 18:45:42 CST 2020]; root of context hierarchy
2020-02-19 18:45:51.858 [restartedMain] INFO  o.s.web.servlet.handler.SimpleUrlHandlerMapping - Mapped URL path [/webjars/**] onto handler of type [class org.springframework.web.servlet.resource.ResourceHttpRequestHandler]
2020-02-19 18:45:51.859 [restartedMain] INFO  o.s.web.servlet.handler.SimpleUrlHandlerMapping - Mapped URL path [/**] onto handler of type [class org.springframework.web.servlet.resource.ResourceHttpRequestHandler]
2020-02-19 18:45:51.898 [restartedMain] INFO  o.s.w.s.m.m.a.ExceptionHandlerExceptionResolver - Detected @ExceptionHandler methods in globalException
2020-02-19 18:45:52.441 [restartedMain] INFO  o.s.b.d.autoconfigure.OptionalLiveReloadServer - LiveReload server is running on port 35729
2020-02-19 18:45:52.528 [restartedMain] INFO  o.s.jmx.export.annotation.AnnotationMBeanExporter - Registering beans for JMX exposure on startup
2020-02-19 18:45:52.532 [restartedMain] INFO  o.s.jmx.export.annotation.AnnotationMBeanExporter - Bean with name 'dataSource' has been autodetected for JMX exposure
2020-02-19 18:45:52.552 [restartedMain] INFO  o.s.jmx.export.annotation.AnnotationMBeanExporter - Located MBean 'dataSource': registering with JMX server as MBean [com.zaxxer.hikari:name=dataSource,type=HikariDataSource]
2020-02-19 18:45:52.562 [restartedMain] INFO  o.s.context.support.DefaultLifecycleProcessor - Starting beans in phase 2147483647
2020-02-19 18:45:52.563 [restartedMain] INFO  s.d.s.web.plugins.DocumentationPluginsBootstrapper - Context refreshed
2020-02-19 18:45:52.600 [restartedMain] INFO  s.d.s.web.plugins.DocumentationPluginsBootstrapper - Found 1 custom documentation plugin(s)
2020-02-19 18:45:52.679 [restartedMain] INFO  s.d.spring.web.scanners.ApiListingReferenceScanner - Scanning for api listing references
2020-02-19 18:45:53.875 [restartedMain] INFO  org.apache.coyote.http11.Http11NioProtocol - Starting ProtocolHandler ["http-nio-8001"]
2020-02-19 18:45:54.084 [restartedMain] INFO  org.apache.tomcat.util.net.NioSelectorPool - Using a shared selector for servlet write/read
2020-02-19 18:45:54.208 [restartedMain] INFO  o.s.boot.web.embedded.tomcat.TomcatWebServer - Tomcat started on port(s): 8001 (http) with context path ''
2020-02-19 18:45:54.254 [restartedMain] INFO  com.online.edu.eduservice.EduApplication - Started EduApplication in 13.719 seconds (JVM running for 16.21)
2020-02-19 18:46:08.782 [http-nio-8001-exec-1] INFO  o.a.c.core.ContainerBase.[Tomcat].[localhost].[/] - Initializing Spring FrameworkServlet 'dispatcherServlet'
2020-02-19 18:46:08.782 [http-nio-8001-exec-1] INFO  org.springframework.web.servlet.DispatcherServlet - FrameworkServlet 'dispatcherServlet': initialization started
2020-02-19 18:46:08.822 [http-nio-8001-exec-1] INFO  org.springframework.web.servlet.DispatcherServlet - FrameworkServlet 'dispatcherServlet': initialization completed in 39 ms
2020-02-19 19:39:41.556 [Thread-37] INFO  o.s.b.w.s.c.AnnotationConfigServletWebServerApplicationContext - Closing org.springframework.boot.web.servlet.context.AnnotationConfigServletWebServerApplicationContext@263c2f8a: startup date [Wed Feb 19 18:45:42 CST 2020]; root of context hierarchy
2020-02-19 19:39:41.576 [Thread-37] INFO  o.s.context.support.DefaultLifecycleProcessor - Stopping beans in phase 2147483647
2020-02-19 19:39:41.590 [Thread-37] INFO  o.s.jmx.export.annotation.AnnotationMBeanExporter - Unregistering JMX-exposed beans on shutdown
2020-02-19 19:39:41.592 [Thread-37] INFO  o.s.jmx.export.annotation.AnnotationMBeanExporter - Unregistering JMX-exposed beans
2020-02-19 19:39:41.597 [Thread-37] INFO  com.zaxxer.hikari.HikariDataSource - GuliHikariPool - Shutdown initiated...
2020-02-19 19:39:41.603 [Thread-37] INFO  com.zaxxer.hikari.HikariDataSource - GuliHikariPool - Shutdown completed.
2020-02-19 19:39:53.878 [restartedMain] INFO  com.online.edu.eduservice.EduApplication - Starting EduApplication on CN0214005103M.lan with PID 49939 (/Users/jiaxiangyu/Downloads/xueyuan_edu/xueyuan_eduservice/target/classes started by jiaxiangyu in /Users/jiaxiangyu/Downloads/xueyuan_edu)
2020-02-19 19:39:53.884 [restartedMain] INFO  com.online.edu.eduservice.EduApplication - The following profiles are active: dev
2020-02-19 19:39:54.244 [restartedMain] INFO  o.s.b.w.s.c.AnnotationConfigServletWebServerApplicationContext - Refreshing org.springframework.boot.web.servlet.context.AnnotationConfigServletWebServerApplicationContext@5628667e: startup date [Wed Feb 19 19:39:54 CST 2020]; root of context hierarchy
2020-02-19 19:40:03.831 [restartedMain] INFO  com.online.edu.eduservice.EduApplication - Starting EduApplication on CN0214005103M.lan with PID 49947 (/Users/jiaxiangyu/Downloads/xueyuan_edu/xueyuan_eduservice/target/classes started by jiaxiangyu in /Users/jiaxiangyu/Downloads/xueyuan_edu)
2020-02-19 19:40:03.834 [restartedMain] INFO  com.online.edu.eduservice.EduApplication - The following profiles are active: dev
2020-02-19 19:40:04.165 [restartedMain] INFO  o.s.b.w.s.c.AnnotationConfigServletWebServerApplicationContext - Refreshing org.springframework.boot.web.servlet.context.AnnotationConfigServletWebServerApplicationContext@634a861c: startup date [Wed Feb 19 19:40:04 CST 2020]; root of context hierarchy
2020-02-19 19:40:06.527 [restartedMain] INFO  o.s.c.s.PostProcessorRegistrationDelegate$BeanPostProcessorChecker - Bean 'org.springframework.transaction.annotation.ProxyTransactionManagementConfiguration' of type [org.springframework.transaction.annotation.ProxyTransactionManagementConfiguration$$EnhancerBySpringCGLIB$$ae7c72dd] is not eligible for getting processed by all BeanPostProcessors (for example: not eligible for auto-proxying)
2020-02-19 19:40:07.184 [restartedMain] INFO  o.s.boot.web.embedded.tomcat.TomcatWebServer - Tomcat initialized with port(s): 8001 (http)
2020-02-19 19:40:07.204 [restartedMain] INFO  org.apache.coyote.http11.Http11NioProtocol - Initializing ProtocolHandler ["http-nio-8001"]
2020-02-19 19:40:07.223 [restartedMain] INFO  org.apache.catalina.core.StandardService - Starting service [Tomcat]
2020-02-19 19:40:07.224 [restartedMain] INFO  org.apache.catalina.core.StandardEngine - Starting Servlet Engine: Apache Tomcat/8.5.35
2020-02-19 19:40:07.231 [localhost-startStop-1] INFO  org.apache.catalina.core.AprLifecycleListener - The APR based Apache Tomcat Native library which allows optimal performance in production environments was not found on the java.library.path: [/Users/jiaxiangyu/Library/Java/Extensions:/Library/Java/Extensions:/Network/Library/Java/Extensions:/System/Library/Java/Extensions:/usr/lib/java:.]
2020-02-19 19:40:07.330 [localhost-startStop-1] INFO  o.a.c.core.ContainerBase.[Tomcat].[localhost].[/] - Initializing Spring embedded WebApplicationContext
2020-02-19 19:40:07.331 [localhost-startStop-1] INFO  org.springframework.web.context.ContextLoader - Root WebApplicationContext: initialization completed in 3166 ms
2020-02-19 19:40:07.416 [localhost-startStop-1] INFO  o.s.boot.web.servlet.ServletRegistrationBean - Servlet dispatcherServlet mapped to [/]
2020-02-19 19:40:07.427 [localhost-startStop-1] INFO  o.s.boot.web.servlet.FilterRegistrationBean - Mapping filter: 'characterEncodingFilter' to: [/*]
2020-02-19 19:40:07.429 [localhost-startStop-1] INFO  o.s.boot.web.servlet.FilterRegistrationBean - Mapping filter: 'hiddenHttpMethodFilter' to: [/*]
2020-02-19 19:40:07.430 [localhost-startStop-1] INFO  o.s.boot.web.servlet.FilterRegistrationBean - Mapping filter: 'httpPutFormContentFilter' to: [/*]
2020-02-19 19:40:07.430 [localhost-startStop-1] INFO  o.s.boot.web.servlet.FilterRegistrationBean - Mapping filter: 'requestContextFilter' to: [/*]
2020-02-19 19:40:07.731 [restartedMain] INFO  com.zaxxer.hikari.HikariDataSource - GuliHikariPool - Starting...
2020-02-19 19:40:08.273 [restartedMain] INFO  com.zaxxer.hikari.HikariDataSource - GuliHikariPool - Start completed.
2020-02-19 19:40:09.108 [restartedMain] INFO  o.s.w.s.m.m.a.RequestMappingHandlerMapping - Mapped "{[/eduservice/chapter/getChapterVideoList/{id}],methods=[GET]}" onto public com.online.edu.common.R com.online.edu.eduservice.controller.EduChapterController.getChapterVideoList(java.lang.String)
2020-02-19 19:40:09.110 [restartedMain] INFO  o.s.w.s.m.m.a.RequestMappingHandlerMapping - Mapped "{[/eduservice/chapter/add],methods=[POST]}" onto public com.online.edu.common.R com.online.edu.eduservice.controller.EduChapterController.addChapter(com.online.edu.eduservice.entity.EduChapter)
2020-02-19 19:40:09.111 [restartedMain] INFO  o.s.w.s.m.m.a.RequestMappingHandlerMapping - Mapped "{[/eduservice/chapter/getChapterInfo/{chapterId}],methods=[GET]}" onto public com.online.edu.common.R com.online.edu.eduservice.controller.EduChapterController.getChapterInfo(java.lang.Long)
2020-02-19 19:40:09.112 [restartedMain] INFO  o.s.w.s.m.m.a.RequestMappingHandlerMapping - Mapped "{[/eduservice/chapter/updateChapter],methods=[POST]}" onto public com.online.edu.common.R com.online.edu.eduservice.controller.EduChapterController.updateChapter(com.online.edu.eduservice.entity.EduChapter)
2020-02-19 19:40:09.113 [restartedMain] INFO  o.s.w.s.m.m.a.RequestMappingHandlerMapping - Mapped "{[/eduservice/chapter/{chapterId}],methods=[DELETE]}" onto public com.online.edu.common.R com.online.edu.eduservice.controller.EduChapterController.deleteChapter(java.lang.Long)
2020-02-19 19:40:09.115 [restartedMain] INFO  o.s.w.s.m.m.a.RequestMappingHandlerMapping - Mapped "{[/eduservice/course/getCourseInfo/{id}],methods=[GET]}" onto public com.online.edu.common.R com.online.edu.eduservice.controller.EduCourseController.getCourseInfo(java.lang.Long)
2020-02-19 19:40:09.116 [restartedMain] INFO  o.s.w.s.m.m.a.RequestMappingHandlerMapping - Mapped "{[/eduservice/course/addCourseInfo],methods=[POST]}" onto public com.online.edu.common.R com.online.edu.eduservice.controller.EduCourseController.addCourseInfo(com.online.edu.eduservice.entity.CourseInfoForm)
2020-02-19 19:40:09.117 [restartedMain] INFO  o.s.w.s.m.m.a.RequestMappingHandlerMapping - Mapped "{[/eduservice/course/updateCourseInfo/{id}],methods=[POST]}" onto public com.online.edu.common.R com.online.edu.eduservice.controller.EduCourseController.updateCourseInfo(java.lang.Long,com.online.edu.eduservice.entity.CourseInfoForm)
2020-02-19 19:40:09.117 [restartedMain] INFO  o.s.w.s.m.m.a.RequestMappingHandlerMapping - Mapped "{[/eduservice/course/listCourse/{page}/{limit}],methods=[GET]}" onto public com.online.edu.common.R com.online.edu.eduservice.controller.EduCourseController.listCourse(java.lang.Long,java.lang.Long,com.online.edu.eduservice.entity.CourseQuery)
2020-02-19 19:40:09.118 [restartedMain] INFO  o.s.w.s.m.m.a.RequestMappingHandlerMapping - Mapped "{[/eduservice/course/deleteCourseId/{id}],methods=[DELETE]}" onto public com.online.edu.common.R com.online.edu.eduservice.controller.EduCourseController.deleteCourseId(java.lang.Long)
2020-02-19 19:40:09.121 [restartedMain] INFO  o.s.w.s.m.m.a.RequestMappingHandlerMapping - Mapped "{[/eduservice/edu-subject/import],methods=[POST]}" onto public com.online.edu.common.R com.online.edu.eduservice.controller.EduSubjectController.importExcelSubject(org.springframework.web.multipart.MultipartFile)
2020-02-19 19:40:09.122 [restartedMain] INFO  o.s.w.s.m.m.a.RequestMappingHandlerMapping - Mapped "{[/eduservice/edu-subject/list],methods=[GET]}" onto public com.online.edu.common.R com.online.edu.eduservice.controller.EduSubjectController.nestedList()
2020-02-19 19:40:09.123 [restartedMain] INFO  o.s.w.s.m.m.a.RequestMappingHandlerMapping - Mapped "{[/eduservice/edu-subject/{id}],methods=[DELETE]}" onto public com.online.edu.common.R com.online.edu.eduservice.controller.EduSubjectController.deleteSubjectId(java.lang.Long)
2020-02-19 19:40:09.124 [restartedMain] INFO  o.s.w.s.m.m.a.RequestMappingHandlerMapping - Mapped "{[/eduservice/edu-subject/addOneLevel],methods=[POST]}" onto public com.online.edu.common.R com.online.edu.eduservice.controller.EduSubjectController.addOneLevel(com.online.edu.eduservice.entity.EduSubject)
2020-02-19 19:40:09.124 [restartedMain] INFO  o.s.w.s.m.m.a.RequestMappingHandlerMapping - Mapped "{[/eduservice/edu-subject/addTwoLevel],methods=[POST]}" onto public com.online.edu.common.R com.online.edu.eduservice.controller.EduSubjectController.addTwoLevel(com.online.edu.eduservice.entity.EduSubject)
2020-02-19 19:40:09.129 [restartedMain] INFO  o.s.w.s.m.m.a.RequestMappingHandlerMapping - Mapped "{[/eduservice/edu-teacher/info],methods=[GET]}" onto public com.online.edu.common.R com.online.edu.eduservice.controller.EduTeacherController.info()
2020-02-19 19:40:09.131 [restartedMain] INFO  o.s.w.s.m.m.a.RequestMappingHandlerMapping - Mapped "{[/eduservice/edu-teacher/login],methods=[POST]}" onto public com.online.edu.common.R com.online.edu.eduservice.controller.EduTeacherController.login()
2020-02-19 19:40:09.132 [restartedMain] INFO  o.s.w.s.m.m.a.RequestMappingHandlerMapping - Mapped "{[/eduservice/edu-teacher/list],methods=[GET]}" onto public com.online.edu.common.R com.online.edu.eduservice.controller.EduTeacherController.getAllTeacherList()
2020-02-19 19:40:09.133 [restartedMain] INFO  o.s.w.s.m.m.a.RequestMappingHandlerMapping - Mapped "{[/eduservice/edu-teacher/{id}],methods=[DELETE]}" onto public boolean com.online.edu.eduservice.controller.EduTeacherController.deleteTeacher(java.lang.String)
2020-02-19 19:40:09.134 [restartedMain] INFO  o.s.w.s.m.m.a.RequestMappingHandlerMapping - Mapped "{[/eduservice/edu-teacher/pageList/{page}/{limit}],methods=[GET]}" onto public com.online.edu.common.R com.online.edu.eduservice.controller.EduTeacherController.getPageTeacherList(java.lang.Long,java.lang.Long)
2020-02-19 19:40:09.135 [restartedMain] INFO  o.s.w.s.m.m.a.RequestMappingHandlerMapping - Mapped "{[/eduservice/edu-teacher/moreCondtionPageList/{page}/{limit}],methods=[POST]}" onto public com.online.edu.common.R com.online.edu.eduservice.controller.EduTeacherController.getmoreConditionPageList(java.lang.Long,java.lang.Long,com.online.edu.eduservice.entity.QueryTeacher)
2020-02-19 19:40:09.135 [restartedMain] INFO  o.s.w.s.m.m.a.RequestMappingHandlerMapping - Mapped "{[/eduservice/edu-teacher/addTeacher],methods=[POST]}" onto public com.online.edu.common.R com.online.edu.eduservice.controller.EduTeacherController.addTeacher(com.online.edu.eduservice.entity.EduTeacher)
2020-02-19 19:40:09.136 [restartedMain] INFO  o.s.w.s.m.m.a.RequestMappingHandlerMapping - Mapped "{[/eduservice/edu-teacher/getTeacherInfo/{id}],methods=[GET]}" onto public com.online.edu.common.R com.online.edu.eduservice.controller.EduTeacherController.getTeacherInfo(java.lang.String)
2020-02-19 19:40:09.137 [restartedMain] INFO  o.s.w.s.m.m.a.RequestMappingHandlerMapping - Mapped "{[/eduservice/edu-teacher/updateTeacher],methods=[POST]}" onto public com.online.edu.common.R com.online.edu.eduservice.controller.EduTeacherController.updateTeacher(com.online.edu.eduservice.entity.EduTeacher)
2020-02-19 19:40:09.139 [restartedMain] INFO  o.s.w.s.m.m.a.RequestMappingHandlerMapping - Mapped "{[/eduservice/edu-video/{videoId}],methods=[GET]}" onto public com.online.edu.common.R com.online.edu.eduservice.controller.EduVideoController.getVideoId(java.lang.Long)
2020-02-19 19:40:09.140 [restartedMain] INFO  o.s.w.s.m.m.a.RequestMappingHandlerMapping - Mapped "{[/eduservice/edu-video/addVideo],methods=[POST]}" onto public com.online.edu.common.R com.online.edu.eduservice.controller.EduVideoController.addVideo(com.online.edu.eduservice.entity.EduVideo)
2020-02-19 19:40:09.141 [restartedMain] INFO  o.s.w.s.m.m.a.RequestMappingHandlerMapping - Mapped "{[/eduservice/edu-video/updateVideo],methods=[POST]}" onto public com.online.edu.common.R com.online.edu.eduservice.controller.EduVideoController.updateVideo(com.online.edu.eduservice.entity.EduVideo)
2020-02-19 19:40:09.141 [restartedMain] INFO  o.s.w.s.m.m.a.RequestMappingHandlerMapping - Mapped "{[/eduservice/edu-video/{videoId}],methods=[DELETE]}" onto public com.online.edu.common.R com.online.edu.eduservice.controller.EduVideoController.deleteVideoId(java.lang.Long)
2020-02-19 19:40:09.142 [restartedMain] INFO  o.s.w.s.m.m.a.RequestMappingHandlerMapping - Mapped "{[/eduservice/oss/upload],methods=[POST]}" onto public com.online.edu.common.R com.online.edu.eduservice.controller.FileUploadController.uploadTeacherImg(org.springframework.web.multipart.MultipartFile,java.lang.String) throws java.lang.Exception
2020-02-19 19:40:09.149 [restartedMain] INFO  o.s.w.s.m.m.a.RequestMappingHandlerMapping - Mapped "{[/swagger-resources/configuration/ui]}" onto public org.springframework.http.ResponseEntity<springfox.documentation.swagger.web.UiConfiguration> springfox.documentation.swagger.web.ApiResourceController.uiConfiguration()
2020-02-19 19:40:09.150 [restartedMain] INFO  o.s.w.s.m.m.a.RequestMappingHandlerMapping - Mapped "{[/swagger-resources/configuration/security]}" onto public org.springframework.http.ResponseEntity<springfox.documentation.swagger.web.SecurityConfiguration> springfox.documentation.swagger.web.ApiResourceController.securityConfiguration()
2020-02-19 19:40:09.151 [restartedMain] INFO  o.s.w.s.m.m.a.RequestMappingHandlerMapping - Mapped "{[/swagger-resources]}" onto public org.springframework.http.ResponseEntity<java.util.List<springfox.documentation.swagger.web.SwaggerResource>> springfox.documentation.swagger.web.ApiResourceController.swaggerResources()
2020-02-19 19:40:09.157 [restartedMain] INFO  o.s.w.s.m.m.a.RequestMappingHandlerMapping - Mapped "{[/error]}" onto public org.springframework.http.ResponseEntity<java.util.Map<java.lang.String, java.lang.Object>> org.springframework.boot.autoconfigure.web.servlet.error.BasicErrorController.error(javax.servlet.http.HttpServletRequest)
2020-02-19 19:40:09.158 [restartedMain] INFO  o.s.w.s.m.m.a.RequestMappingHandlerMapping - Mapped "{[/error],produces=[text/html]}" onto public org.springframework.web.servlet.ModelAndView org.springframework.boot.autoconfigure.web.servlet.error.BasicErrorController.errorHtml(javax.servlet.http.HttpServletRequest,javax.servlet.http.HttpServletResponse)
2020-02-19 19:40:09.319 [restartedMain] INFO  s.d.s.w.PropertySourcedRequestMappingHandlerMapping - Mapped URL path [/v2/api-docs] onto method [public org.springframework.http.ResponseEntity<springfox.documentation.spring.web.json.Json> springfox.documentation.swagger2.web.Swagger2Controller.getDocumentation(java.lang.String,javax.servlet.http.HttpServletRequest)]
2020-02-19 19:40:09.466 [restartedMain] INFO  o.s.web.servlet.handler.SimpleUrlHandlerMapping - Mapped URL path [/**/favicon.ico] onto handler of type [class org.springframework.web.servlet.resource.ResourceHttpRequestHandler]
2020-02-19 19:40:09.643 [restartedMain] INFO  o.s.w.s.m.m.a.RequestMappingHandlerAdapter - Looking for @ControllerAdvice: org.springframework.boot.web.servlet.context.AnnotationConfigServletWebServerApplicationContext@634a861c: startup date [Wed Feb 19 19:40:04 CST 2020]; root of context hierarchy
2020-02-19 19:40:09.702 [restartedMain] INFO  o.s.web.servlet.handler.SimpleUrlHandlerMapping - Mapped URL path [/webjars/**] onto handler of type [class org.springframework.web.servlet.resource.ResourceHttpRequestHandler]
2020-02-19 19:40:09.702 [restartedMain] INFO  o.s.web.servlet.handler.SimpleUrlHandlerMapping - Mapped URL path [/**] onto handler of type [class org.springframework.web.servlet.resource.ResourceHttpRequestHandler]
2020-02-19 19:40:09.723 [restartedMain] INFO  o.s.w.s.m.m.a.ExceptionHandlerExceptionResolver - Detected @ExceptionHandler methods in globalException
2020-02-19 19:40:10.011 [restartedMain] INFO  o.s.b.d.autoconfigure.OptionalLiveReloadServer - LiveReload server is running on port 35729
2020-02-19 19:40:10.060 [restartedMain] INFO  o.s.jmx.export.annotation.AnnotationMBeanExporter - Registering beans for JMX exposure on startup
2020-02-19 19:40:10.063 [restartedMain] INFO  o.s.jmx.export.annotation.AnnotationMBeanExporter - Bean with name 'dataSource' has been autodetected for JMX exposure
2020-02-19 19:40:10.076 [restartedMain] INFO  o.s.jmx.export.annotation.AnnotationMBeanExporter - Located MBean 'dataSource': registering with JMX server as MBean [com.zaxxer.hikari:name=dataSource,type=HikariDataSource]
2020-02-19 19:40:10.083 [restartedMain] INFO  o.s.context.support.DefaultLifecycleProcessor - Starting beans in phase 2147483647
2020-02-19 19:40:10.083 [restartedMain] INFO  s.d.s.web.plugins.DocumentationPluginsBootstrapper - Context refreshed
2020-02-19 19:40:10.099 [restartedMain] INFO  s.d.s.web.plugins.DocumentationPluginsBootstrapper - Found 1 custom documentation plugin(s)
2020-02-19 19:40:10.144 [restartedMain] INFO  s.d.spring.web.scanners.ApiListingReferenceScanner - Scanning for api listing references
2020-02-19 19:40:10.599 [restartedMain] INFO  org.apache.coyote.http11.Http11NioProtocol - Starting ProtocolHandler ["http-nio-8001"]
2020-02-19 19:40:10.632 [restartedMain] INFO  org.apache.tomcat.util.net.NioSelectorPool - Using a shared selector for servlet write/read
2020-02-19 19:40:10.648 [restartedMain] INFO  o.s.boot.web.embedded.tomcat.TomcatWebServer - Tomcat started on port(s): 8001 (http) with context path ''
2020-02-19 19:40:10.654 [restartedMain] INFO  com.online.edu.eduservice.EduApplication - Started EduApplication in 7.805 seconds (JVM running for 9.59)
2020-02-19 19:42:58.792 [Thread-25] INFO  o.s.b.w.s.c.AnnotationConfigServletWebServerApplicationContext - Closing org.springframework.boot.web.servlet.context.AnnotationConfigServletWebServerApplicationContext@634a861c: startup date [Wed Feb 19 19:40:04 CST 2020]; root of context hierarchy
2020-02-19 19:42:58.802 [Thread-25] INFO  o.s.context.support.DefaultLifecycleProcessor - Stopping beans in phase 2147483647
2020-02-19 19:42:58.810 [Thread-25] INFO  o.s.jmx.export.annotation.AnnotationMBeanExporter - Unregistering JMX-exposed beans on shutdown
2020-02-19 19:42:58.813 [Thread-25] INFO  o.s.jmx.export.annotation.AnnotationMBeanExporter - Unregistering JMX-exposed beans
2020-02-19 19:42:58.817 [Thread-25] INFO  com.zaxxer.hikari.HikariDataSource - GuliHikariPool - Shutdown initiated...
2020-02-19 19:42:58.836 [Thread-25] INFO  com.zaxxer.hikari.HikariDataSource - GuliHikariPool - Shutdown completed.
2020-02-19 19:43:05.383 [restartedMain] INFO  com.online.edu.eduservice.EduApplication - Starting EduApplication on CN0214005103M.lan with PID 50025 (/Users/jiaxiangyu/Downloads/xueyuan_edu/xueyuan_eduservice/target/classes started by jiaxiangyu in /Users/jiaxiangyu/Downloads/xueyuan_edu)
2020-02-19 19:43:05.410 [restartedMain] INFO  com.online.edu.eduservice.EduApplication - The following profiles are active: dev
2020-02-19 19:43:05.653 [restartedMain] INFO  o.s.b.w.s.c.AnnotationConfigServletWebServerApplicationContext - Refreshing org.springframework.boot.web.servlet.context.AnnotationConfigServletWebServerApplicationContext@248c4779: startup date [Wed Feb 19 19:43:05 CST 2020]; root of context hierarchy
2020-02-19 19:43:07.731 [restartedMain] INFO  o.s.c.s.PostProcessorRegistrationDelegate$BeanPostProcessorChecker - Bean 'org.springframework.transaction.annotation.ProxyTransactionManagementConfiguration' of type [org.springframework.transaction.annotation.ProxyTransactionManagementConfiguration$$EnhancerBySpringCGLIB$$ba6b5bd0] is not eligible for getting processed by all BeanPostProcessors (for example: not eligible for auto-proxying)
2020-02-19 19:43:08.283 [restartedMain] INFO  o.s.boot.web.embedded.tomcat.TomcatWebServer - Tomcat initialized with port(s): 8001 (http)
2020-02-19 19:43:08.299 [restartedMain] INFO  org.apache.coyote.http11.Http11NioProtocol - Initializing ProtocolHandler ["http-nio-8001"]
2020-02-19 19:43:08.338 [restartedMain] INFO  org.apache.catalina.core.StandardService - Starting service [Tomcat]
2020-02-19 19:43:08.338 [restartedMain] INFO  org.apache.catalina.core.StandardEngine - Starting Servlet Engine: Apache Tomcat/8.5.35
2020-02-19 19:43:08.343 [localhost-startStop-1] INFO  org.apache.catalina.core.AprLifecycleListener - The APR based Apache Tomcat Native library which allows optimal performance in production environments was not found on the java.library.path: [/Users/jiaxiangyu/Library/Java/Extensions:/Library/Java/Extensions:/Network/Library/Java/Extensions:/System/Library/Java/Extensions:/usr/lib/java:.]
2020-02-19 19:43:08.428 [localhost-startStop-1] INFO  o.a.c.core.ContainerBase.[Tomcat].[localhost].[/] - Initializing Spring embedded WebApplicationContext
2020-02-19 19:43:08.428 [localhost-startStop-1] INFO  org.springframework.web.context.ContextLoader - Root WebApplicationContext: initialization completed in 2775 ms
2020-02-19 19:43:08.497 [localhost-startStop-1] INFO  o.s.boot.web.servlet.ServletRegistrationBean - Servlet dispatcherServlet mapped to [/]
2020-02-19 19:43:08.504 [localhost-startStop-1] INFO  o.s.boot.web.servlet.FilterRegistrationBean - Mapping filter: 'characterEncodingFilter' to: [/*]
2020-02-19 19:43:08.505 [localhost-startStop-1] INFO  o.s.boot.web.servlet.FilterRegistrationBean - Mapping filter: 'hiddenHttpMethodFilter' to: [/*]
2020-02-19 19:43:08.505 [localhost-startStop-1] INFO  o.s.boot.web.servlet.FilterRegistrationBean - Mapping filter: 'httpPutFormContentFilter' to: [/*]
2020-02-19 19:43:08.506 [localhost-startStop-1] INFO  o.s.boot.web.servlet.FilterRegistrationBean - Mapping filter: 'requestContextFilter' to: [/*]
2020-02-19 19:43:08.742 [restartedMain] INFO  com.zaxxer.hikari.HikariDataSource - GuliHikariPool - Starting...
2020-02-19 19:43:09.117 [restartedMain] INFO  com.zaxxer.hikari.HikariDataSource - GuliHikariPool - Start completed.
2020-02-19 19:43:09.807 [restartedMain] INFO  o.s.w.s.m.m.a.RequestMappingHandlerMapping - Mapped "{[/eduservice/chapter/getChapterVideoList/{id}],methods=[GET]}" onto public com.online.edu.common.R com.online.edu.eduservice.controller.EduChapterController.getChapterVideoList(java.lang.String)
2020-02-19 19:43:09.809 [restartedMain] INFO  o.s.w.s.m.m.a.RequestMappingHandlerMapping - Mapped "{[/eduservice/chapter/add],methods=[POST]}" onto public com.online.edu.common.R com.online.edu.eduservice.controller.EduChapterController.addChapter(com.online.edu.eduservice.entity.EduChapter)
2020-02-19 19:43:09.810 [restartedMain] INFO  o.s.w.s.m.m.a.RequestMappingHandlerMapping - Mapped "{[/eduservice/chapter/getChapterInfo/{chapterId}],methods=[GET]}" onto public com.online.edu.common.R com.online.edu.eduservice.controller.EduChapterController.getChapterInfo(java.lang.Long)
2020-02-19 19:43:09.811 [restartedMain] INFO  o.s.w.s.m.m.a.RequestMappingHandlerMapping - Mapped "{[/eduservice/chapter/updateChapter],methods=[POST]}" onto public com.online.edu.common.R com.online.edu.eduservice.controller.EduChapterController.updateChapter(com.online.edu.eduservice.entity.EduChapter)
2020-02-19 19:43:09.812 [restartedMain] INFO  o.s.w.s.m.m.a.RequestMappingHandlerMapping - Mapped "{[/eduservice/chapter/{chapterId}],methods=[DELETE]}" onto public com.online.edu.common.R com.online.edu.eduservice.controller.EduChapterController.deleteChapter(java.lang.Long)
2020-02-19 19:43:09.814 [restartedMain] INFO  o.s.w.s.m.m.a.RequestMappingHandlerMapping - Mapped "{[/eduservice/course/getCourseInfo/{id}],methods=[GET]}" onto public com.online.edu.common.R com.online.edu.eduservice.controller.EduCourseController.getCourseInfo(java.lang.Long)
2020-02-19 19:43:09.815 [restartedMain] INFO  o.s.w.s.m.m.a.RequestMappingHandlerMapping - Mapped "{[/eduservice/course/addCourseInfo],methods=[POST]}" onto public com.online.edu.common.R com.online.edu.eduservice.controller.EduCourseController.addCourseInfo(com.online.edu.eduservice.entity.CourseInfoForm)
2020-02-19 19:43:09.816 [restartedMain] INFO  o.s.w.s.m.m.a.RequestMappingHandlerMapping - Mapped "{[/eduservice/course/updateCourseInfo/{id}],methods=[POST]}" onto public com.online.edu.common.R com.online.edu.eduservice.controller.EduCourseController.updateCourseInfo(java.lang.Long,com.online.edu.eduservice.entity.CourseInfoForm)
2020-02-19 19:43:09.817 [restartedMain] INFO  o.s.w.s.m.m.a.RequestMappingHandlerMapping - Mapped "{[/eduservice/course/listCourse/{page}/{limit}],methods=[GET]}" onto public com.online.edu.common.R com.online.edu.eduservice.controller.EduCourseController.listCourse(java.lang.Long,java.lang.Long,com.online.edu.eduservice.entity.CourseQuery)
2020-02-19 19:43:09.818 [restartedMain] INFO  o.s.w.s.m.m.a.RequestMappingHandlerMapping - Mapped "{[/eduservice/course/deleteCourseId/{id}],methods=[DELETE]}" onto public com.online.edu.common.R com.online.edu.eduservice.controller.EduCourseController.deleteCourseId(java.lang.Long)
2020-02-19 19:43:09.820 [restartedMain] INFO  o.s.w.s.m.m.a.RequestMappingHandlerMapping - Mapped "{[/eduservice/edu-subject/list],methods=[GET]}" onto public com.online.edu.common.R com.online.edu.eduservice.controller.EduSubjectController.nestedList()
2020-02-19 19:43:09.821 [restartedMain] INFO  o.s.w.s.m.m.a.RequestMappingHandlerMapping - Mapped "{[/eduservice/edu-subject/import],methods=[POST]}" onto public com.online.edu.common.R com.online.edu.eduservice.controller.EduSubjectController.importExcelSubject(org.springframework.web.multipart.MultipartFile)
2020-02-19 19:43:09.821 [restartedMain] INFO  o.s.w.s.m.m.a.RequestMappingHandlerMapping - Mapped "{[/eduservice/edu-subject/{id}],methods=[DELETE]}" onto public com.online.edu.common.R com.online.edu.eduservice.controller.EduSubjectController.deleteSubjectId(java.lang.Long)
2020-02-19 19:43:09.822 [restartedMain] INFO  o.s.w.s.m.m.a.RequestMappingHandlerMapping - Mapped "{[/eduservice/edu-subject/addOneLevel],methods=[POST]}" onto public com.online.edu.common.R com.online.edu.eduservice.controller.EduSubjectController.addOneLevel(com.online.edu.eduservice.entity.EduSubject)
2020-02-19 19:43:09.823 [restartedMain] INFO  o.s.w.s.m.m.a.RequestMappingHandlerMapping - Mapped "{[/eduservice/edu-subject/addTwoLevel],methods=[POST]}" onto public com.online.edu.common.R com.online.edu.eduservice.controller.EduSubjectController.addTwoLevel(com.online.edu.eduservice.entity.EduSubject)
2020-02-19 19:43:09.828 [restartedMain] INFO  o.s.w.s.m.m.a.RequestMappingHandlerMapping - Mapped "{[/eduservice/edu-teacher/info],methods=[GET]}" onto public com.online.edu.common.R com.online.edu.eduservice.controller.EduTeacherController.info()
2020-02-19 19:43:09.830 [restartedMain] INFO  o.s.w.s.m.m.a.RequestMappingHandlerMapping - Mapped "{[/eduservice/edu-teacher/login],methods=[POST]}" onto public com.online.edu.common.R com.online.edu.eduservice.controller.EduTeacherController.login()
2020-02-19 19:43:09.831 [restartedMain] INFO  o.s.w.s.m.m.a.RequestMappingHandlerMapping - Mapped "{[/eduservice/edu-teacher/list],methods=[GET]}" onto public com.online.edu.common.R com.online.edu.eduservice.controller.EduTeacherController.getAllTeacherList()
2020-02-19 19:43:09.832 [restartedMain] INFO  o.s.w.s.m.m.a.RequestMappingHandlerMapping - Mapped "{[/eduservice/edu-teacher/{id}],methods=[DELETE]}" onto public boolean com.online.edu.eduservice.controller.EduTeacherController.deleteTeacher(java.lang.String)
2020-02-19 19:43:09.833 [restartedMain] INFO  o.s.w.s.m.m.a.RequestMappingHandlerMapping - Mapped "{[/eduservice/edu-teacher/pageList/{page}/{limit}],methods=[GET]}" onto public com.online.edu.common.R com.online.edu.eduservice.controller.EduTeacherController.getPageTeacherList(java.lang.Long,java.lang.Long)
2020-02-19 19:43:09.834 [restartedMain] INFO  o.s.w.s.m.m.a.RequestMappingHandlerMapping - Mapped "{[/eduservice/edu-teacher/moreCondtionPageList/{page}/{limit}],methods=[POST]}" onto public com.online.edu.common.R com.online.edu.eduservice.controller.EduTeacherController.getmoreConditionPageList(java.lang.Long,java.lang.Long,com.online.edu.eduservice.entity.QueryTeacher)
2020-02-19 19:43:09.834 [restartedMain] INFO  o.s.w.s.m.m.a.RequestMappingHandlerMapping - Mapped "{[/eduservice/edu-teacher/addTeacher],methods=[POST]}" onto public com.online.edu.common.R com.online.edu.eduservice.controller.EduTeacherController.addTeacher(com.online.edu.eduservice.entity.EduTeacher)
2020-02-19 19:43:09.835 [restartedMain] INFO  o.s.w.s.m.m.a.RequestMappingHandlerMapping - Mapped "{[/eduservice/edu-teacher/getTeacherInfo/{id}],methods=[GET]}" onto public com.online.edu.common.R com.online.edu.eduservice.controller.EduTeacherController.getTeacherInfo(java.lang.String)
2020-02-19 19:43:09.836 [restartedMain] INFO  o.s.w.s.m.m.a.RequestMappingHandlerMapping - Mapped "{[/eduservice/edu-teacher/updateTeacher],methods=[POST]}" onto public com.online.edu.common.R com.online.edu.eduservice.controller.EduTeacherController.updateTeacher(com.online.edu.eduservice.entity.EduTeacher)
2020-02-19 19:43:09.837 [restartedMain] INFO  o.s.w.s.m.m.a.RequestMappingHandlerMapping - Mapped "{[/eduservice/edu-video/addVideo],methods=[POST]}" onto public com.online.edu.common.R com.online.edu.eduservice.controller.EduVideoController.addVideo(com.online.edu.eduservice.entity.EduVideo)
2020-02-19 19:43:09.838 [restartedMain] INFO  o.s.w.s.m.m.a.RequestMappingHandlerMapping - Mapped "{[/eduservice/edu-video/{videoId}],methods=[GET]}" onto public com.online.edu.common.R com.online.edu.eduservice.controller.EduVideoController.getVideoId(java.lang.Long)
2020-02-19 19:43:09.839 [restartedMain] INFO  o.s.w.s.m.m.a.RequestMappingHandlerMapping - Mapped "{[/eduservice/edu-video/updateVideo],methods=[POST]}" onto public com.online.edu.common.R com.online.edu.eduservice.controller.EduVideoController.updateVideo(com.online.edu.eduservice.entity.EduVideo)
2020-02-19 19:43:09.840 [restartedMain] INFO  o.s.w.s.m.m.a.RequestMappingHandlerMapping - Mapped "{[/eduservice/edu-video/{videoId}],methods=[DELETE]}" onto public com.online.edu.common.R com.online.edu.eduservice.controller.EduVideoController.deleteVideoId(java.lang.Long)
2020-02-19 19:43:09.841 [restartedMain] INFO  o.s.w.s.m.m.a.RequestMappingHandlerMapping - Mapped "{[/eduservice/oss/upload],methods=[POST]}" onto public com.online.edu.common.R com.online.edu.eduservice.controller.FileUploadController.uploadTeacherImg(org.springframework.web.multipart.MultipartFile,java.lang.String) throws java.lang.Exception
2020-02-19 19:43:09.847 [restartedMain] INFO  o.s.w.s.m.m.a.RequestMappingHandlerMapping - Mapped "{[/swagger-resources/configuration/ui]}" onto public org.springframework.http.ResponseEntity<springfox.documentation.swagger.web.UiConfiguration> springfox.documentation.swagger.web.ApiResourceController.uiConfiguration()
2020-02-19 19:43:09.848 [restartedMain] INFO  o.s.w.s.m.m.a.RequestMappingHandlerMapping - Mapped "{[/swagger-resources/configuration/security]}" onto public org.springframework.http.ResponseEntity<springfox.documentation.swagger.web.SecurityConfiguration> springfox.documentation.swagger.web.ApiResourceController.securityConfiguration()
2020-02-19 19:43:09.849 [restartedMain] INFO  o.s.w.s.m.m.a.RequestMappingHandlerMapping - Mapped "{[/swagger-resources]}" onto public org.springframework.http.ResponseEntity<java.util.List<springfox.documentation.swagger.web.SwaggerResource>> springfox.documentation.swagger.web.ApiResourceController.swaggerResources()
2020-02-19 19:43:09.854 [restartedMain] INFO  o.s.w.s.m.m.a.RequestMappingHandlerMapping - Mapped "{[/error]}" onto public org.springframework.http.ResponseEntity<java.util.Map<java.lang.String, java.lang.Object>> org.springframework.boot.autoconfigure.web.servlet.error.BasicErrorController.error(javax.servlet.http.HttpServletRequest)
2020-02-19 19:43:09.855 [restartedMain] INFO  o.s.w.s.m.m.a.RequestMappingHandlerMapping - Mapped "{[/error],produces=[text/html]}" onto public org.springframework.web.servlet.ModelAndView org.springframework.boot.autoconfigure.web.servlet.error.BasicErrorController.errorHtml(javax.servlet.http.HttpServletRequest,javax.servlet.http.HttpServletResponse)
2020-02-19 19:43:10.033 [restartedMain] INFO  s.d.s.w.PropertySourcedRequestMappingHandlerMapping - Mapped URL path [/v2/api-docs] onto method [public org.springframework.http.ResponseEntity<springfox.documentation.spring.web.json.Json> springfox.documentation.swagger2.web.Swagger2Controller.getDocumentation(java.lang.String,javax.servlet.http.HttpServletRequest)]
2020-02-19 19:43:10.170 [restartedMain] INFO  o.s.web.servlet.handler.SimpleUrlHandlerMapping - Mapped URL path [/**/favicon.ico] onto handler of type [class org.springframework.web.servlet.resource.ResourceHttpRequestHandler]
2020-02-19 19:43:10.320 [restartedMain] INFO  o.s.w.s.m.m.a.RequestMappingHandlerAdapter - Looking for @ControllerAdvice: org.springframework.boot.web.servlet.context.AnnotationConfigServletWebServerApplicationContext@248c4779: startup date [Wed Feb 19 19:43:05 CST 2020]; root of context hierarchy
2020-02-19 19:43:10.364 [restartedMain] INFO  o.s.web.servlet.handler.SimpleUrlHandlerMapping - Mapped URL path [/webjars/**] onto handler of type [class org.springframework.web.servlet.resource.ResourceHttpRequestHandler]
2020-02-19 19:43:10.364 [restartedMain] INFO  o.s.web.servlet.handler.SimpleUrlHandlerMapping - Mapped URL path [/**] onto handler of type [class org.springframework.web.servlet.resource.ResourceHttpRequestHandler]
2020-02-19 19:43:10.379 [restartedMain] INFO  o.s.w.s.m.m.a.ExceptionHandlerExceptionResolver - Detected @ExceptionHandler methods in globalException
2020-02-19 19:43:10.624 [restartedMain] INFO  o.s.b.d.autoconfigure.OptionalLiveReloadServer - LiveReload server is running on port 35729
2020-02-19 19:43:10.664 [restartedMain] INFO  o.s.jmx.export.annotation.AnnotationMBeanExporter - Registering beans for JMX exposure on startup
2020-02-19 19:43:10.667 [restartedMain] INFO  o.s.jmx.export.annotation.AnnotationMBeanExporter - Bean with name 'dataSource' has been autodetected for JMX exposure
2020-02-19 19:43:10.674 [restartedMain] INFO  o.s.jmx.export.annotation.AnnotationMBeanExporter - Located MBean 'dataSource': registering with JMX server as MBean [com.zaxxer.hikari:name=dataSource,type=HikariDataSource]
2020-02-19 19:43:10.679 [restartedMain] INFO  o.s.context.support.DefaultLifecycleProcessor - Starting beans in phase 2147483647
2020-02-19 19:43:10.679 [restartedMain] INFO  s.d.s.web.plugins.DocumentationPluginsBootstrapper - Context refreshed
2020-02-19 19:43:10.693 [restartedMain] INFO  s.d.s.web.plugins.DocumentationPluginsBootstrapper - Found 1 custom documentation plugin(s)
2020-02-19 19:43:10.735 [restartedMain] INFO  s.d.spring.web.scanners.ApiListingReferenceScanner - Scanning for api listing references
2020-02-19 19:43:11.069 [restartedMain] INFO  org.apache.coyote.http11.Http11NioProtocol - Starting ProtocolHandler ["http-nio-8001"]
2020-02-19 19:43:11.098 [restartedMain] INFO  org.apache.tomcat.util.net.NioSelectorPool - Using a shared selector for servlet write/read
2020-02-19 19:43:11.113 [restartedMain] INFO  o.s.boot.web.embedded.tomcat.TomcatWebServer - Tomcat started on port(s): 8001 (http) with context path ''
2020-02-19 19:43:11.118 [restartedMain] INFO  com.online.edu.eduservice.EduApplication - Started EduApplication in 6.553 seconds (JVM running for 8.108)
2020-02-19 19:45:17.852 [http-nio-8001-exec-1] INFO  o.a.c.core.ContainerBase.[Tomcat].[localhost].[/] - Initializing Spring FrameworkServlet 'dispatcherServlet'
2020-02-19 19:45:17.854 [http-nio-8001-exec-1] INFO  org.springframework.web.servlet.DispatcherServlet - FrameworkServlet 'dispatcherServlet': initialization started
2020-02-19 19:45:17.887 [http-nio-8001-exec-1] INFO  org.springframework.web.servlet.DispatcherServlet - FrameworkServlet 'dispatcherServlet': initialization completed in 32 ms
2020-02-19 19:52:36.204 [Thread-22] INFO  o.s.b.w.s.c.AnnotationConfigServletWebServerApplicationContext - Closing org.springframework.boot.web.servlet.context.AnnotationConfigServletWebServerApplicationContext@248c4779: startup date [Wed Feb 19 19:43:05 CST 2020]; root of context hierarchy
2020-02-19 19:52:36.223 [Thread-22] INFO  o.s.context.support.DefaultLifecycleProcessor - Stopping beans in phase 2147483647
2020-02-19 19:52:36.229 [Thread-22] INFO  o.s.jmx.export.annotation.AnnotationMBeanExporter - Unregistering JMX-exposed beans on shutdown
2020-02-19 19:52:36.230 [Thread-22] INFO  o.s.jmx.export.annotation.AnnotationMBeanExporter - Unregistering JMX-exposed beans
2020-02-19 19:52:36.236 [Thread-22] INFO  com.zaxxer.hikari.HikariDataSource - GuliHikariPool - Shutdown initiated...
2020-02-19 19:52:36.250 [Thread-22] INFO  com.zaxxer.hikari.HikariDataSource - GuliHikariPool - Shutdown completed.
2020-02-19 19:52:43.845 [restartedMain] INFO  com.online.edu.eduservice.EduApplication - Starting EduApplication on CN0214005103M.lan with PID 50311 (/Users/jiaxiangyu/Downloads/xueyuan_edu/xueyuan_eduservice/target/classes started by jiaxiangyu in /Users/jiaxiangyu/Downloads/xueyuan_edu)
2020-02-19 19:52:43.848 [restartedMain] INFO  com.online.edu.eduservice.EduApplication - The following profiles are active: dev
2020-02-19 19:52:44.078 [restartedMain] INFO  o.s.b.w.s.c.AnnotationConfigServletWebServerApplicationContext - Refreshing org.springframework.boot.web.servlet.context.AnnotationConfigServletWebServerApplicationContext@13462077: startup date [Wed Feb 19 19:52:44 CST 2020]; root of context hierarchy
2020-02-19 19:52:46.057 [restartedMain] INFO  o.s.c.s.PostProcessorRegistrationDelegate$BeanPostProcessorChecker - Bean 'org.springframework.transaction.annotation.ProxyTransactionManagementConfiguration' of type [org.springframework.transaction.annotation.ProxyTransactionManagementConfiguration$$EnhancerBySpringCGLIB$$59aab014] is not eligible for getting processed by all BeanPostProcessors (for example: not eligible for auto-proxying)
2020-02-19 19:52:46.581 [restartedMain] INFO  o.s.boot.web.embedded.tomcat.TomcatWebServer - Tomcat initialized with port(s): 8001 (http)
2020-02-19 19:52:46.612 [restartedMain] INFO  org.apache.coyote.http11.Http11NioProtocol - Initializing ProtocolHandler ["http-nio-8001"]
2020-02-19 19:52:46.628 [restartedMain] INFO  org.apache.catalina.core.StandardService - Starting service [Tomcat]
2020-02-19 19:52:46.629 [restartedMain] INFO  org.apache.catalina.core.StandardEngine - Starting Servlet Engine: Apache Tomcat/8.5.35
2020-02-19 19:52:46.633 [localhost-startStop-1] INFO  org.apache.catalina.core.AprLifecycleListener - The APR based Apache Tomcat Native library which allows optimal performance in production environments was not found on the java.library.path: [/Users/jiaxiangyu/Library/Java/Extensions:/Library/Java/Extensions:/Network/Library/Java/Extensions:/System/Library/Java/Extensions:/usr/lib/java:.]
2020-02-19 19:52:46.711 [localhost-startStop-1] INFO  o.a.c.core.ContainerBase.[Tomcat].[localhost].[/] - Initializing Spring embedded WebApplicationContext
2020-02-19 19:52:46.712 [localhost-startStop-1] INFO  org.springframework.web.context.ContextLoader - Root WebApplicationContext: initialization completed in 2634 ms
2020-02-19 19:52:46.780 [localhost-startStop-1] INFO  o.s.boot.web.servlet.ServletRegistrationBean - Servlet dispatcherServlet mapped to [/]
2020-02-19 19:52:46.786 [localhost-startStop-1] INFO  o.s.boot.web.servlet.FilterRegistrationBean - Mapping filter: 'characterEncodingFilter' to: [/*]
2020-02-19 19:52:46.787 [localhost-startStop-1] INFO  o.s.boot.web.servlet.FilterRegistrationBean - Mapping filter: 'hiddenHttpMethodFilter' to: [/*]
2020-02-19 19:52:46.787 [localhost-startStop-1] INFO  o.s.boot.web.servlet.FilterRegistrationBean - Mapping filter: 'httpPutFormContentFilter' to: [/*]
2020-02-19 19:52:46.788 [localhost-startStop-1] INFO  o.s.boot.web.servlet.FilterRegistrationBean - Mapping filter: 'requestContextFilter' to: [/*]
2020-02-19 19:52:47.085 [restartedMain] INFO  com.zaxxer.hikari.HikariDataSource - GuliHikariPool - Starting...
2020-02-19 19:52:47.553 [restartedMain] INFO  com.zaxxer.hikari.HikariDataSource - GuliHikariPool - Start completed.
2020-02-19 19:52:48.971 [restartedMain] INFO  o.s.w.s.m.m.a.RequestMappingHandlerMapping - Mapped "{[/eduservice/chapter/getChapterVideoList/{id}],methods=[GET]}" onto public com.online.edu.common.R com.online.edu.eduservice.controller.EduChapterController.getChapterVideoList(java.lang.String)
2020-02-19 19:52:48.974 [restartedMain] INFO  o.s.w.s.m.m.a.RequestMappingHandlerMapping - Mapped "{[/eduservice/chapter/add],methods=[POST]}" onto public com.online.edu.common.R com.online.edu.eduservice.controller.EduChapterController.addChapter(com.online.edu.eduservice.entity.EduChapter)
2020-02-19 19:52:48.976 [restartedMain] INFO  o.s.w.s.m.m.a.RequestMappingHandlerMapping - Mapped "{[/eduservice/chapter/getChapterInfo/{chapterId}],methods=[GET]}" onto public com.online.edu.common.R com.online.edu.eduservice.controller.EduChapterController.getChapterInfo(java.lang.Long)
2020-02-19 19:52:48.977 [restartedMain] INFO  o.s.w.s.m.m.a.RequestMappingHandlerMapping - Mapped "{[/eduservice/chapter/updateChapter],methods=[POST]}" onto public com.online.edu.common.R com.online.edu.eduservice.controller.EduChapterController.updateChapter(com.online.edu.eduservice.entity.EduChapter)
2020-02-19 19:52:48.977 [restartedMain] INFO  o.s.w.s.m.m.a.RequestMappingHandlerMapping - Mapped "{[/eduservice/chapter/{chapterId}],methods=[DELETE]}" onto public com.online.edu.common.R com.online.edu.eduservice.controller.EduChapterController.deleteChapter(java.lang.Long)
2020-02-19 19:52:48.980 [restartedMain] INFO  o.s.w.s.m.m.a.RequestMappingHandlerMapping - Mapped "{[/eduservice/course/getCourseInfo/{id}],methods=[GET]}" onto public com.online.edu.common.R com.online.edu.eduservice.controller.EduCourseController.getCourseInfo(java.lang.Long)
2020-02-19 19:52:48.981 [restartedMain] INFO  o.s.w.s.m.m.a.RequestMappingHandlerMapping - Mapped "{[/eduservice/course/addCourseInfo],methods=[POST]}" onto public com.online.edu.common.R com.online.edu.eduservice.controller.EduCourseController.addCourseInfo(com.online.edu.eduservice.entity.CourseInfoForm)
2020-02-19 19:52:48.981 [restartedMain] INFO  o.s.w.s.m.m.a.RequestMappingHandlerMapping - Mapped "{[/eduservice/course/updateCourseInfo/{id}],methods=[POST]}" onto public com.online.edu.common.R com.online.edu.eduservice.controller.EduCourseController.updateCourseInfo(java.lang.Long,com.online.edu.eduservice.entity.CourseInfoForm)
2020-02-19 19:52:48.982 [restartedMain] INFO  o.s.w.s.m.m.a.RequestMappingHandlerMapping - Mapped "{[/eduservice/course/listCourse/{page}/{limit}],methods=[GET]}" onto public com.online.edu.common.R com.online.edu.eduservice.controller.EduCourseController.listCourse(java.lang.Long,java.lang.Long,com.online.edu.eduservice.entity.CourseQuery)
2020-02-19 19:52:48.983 [restartedMain] INFO  o.s.w.s.m.m.a.RequestMappingHandlerMapping - Mapped "{[/eduservice/course/deleteCourseId/{id}],methods=[DELETE]}" onto public com.online.edu.common.R com.online.edu.eduservice.controller.EduCourseController.deleteCourseId(java.lang.Long)
2020-02-19 19:52:48.985 [restartedMain] INFO  o.s.w.s.m.m.a.RequestMappingHandlerMapping - Mapped "{[/eduservice/edu-subject/import],methods=[POST]}" onto public com.online.edu.common.R com.online.edu.eduservice.controller.EduSubjectController.importExcelSubject(org.springframework.web.multipart.MultipartFile)
2020-02-19 19:52:48.986 [restartedMain] INFO  o.s.w.s.m.m.a.RequestMappingHandlerMapping - Mapped "{[/eduservice/edu-subject/list],methods=[GET]}" onto public com.online.edu.common.R com.online.edu.eduservice.controller.EduSubjectController.nestedList()
2020-02-19 19:52:48.987 [restartedMain] INFO  o.s.w.s.m.m.a.RequestMappingHandlerMapping - Mapped "{[/eduservice/edu-subject/{id}],methods=[DELETE]}" onto public com.online.edu.common.R com.online.edu.eduservice.controller.EduSubjectController.deleteSubjectId(java.lang.Long)
2020-02-19 19:52:48.988 [restartedMain] INFO  o.s.w.s.m.m.a.RequestMappingHandlerMapping - Mapped "{[/eduservice/edu-subject/addOneLevel],methods=[POST]}" onto public com.online.edu.common.R com.online.edu.eduservice.controller.EduSubjectController.addOneLevel(com.online.edu.eduservice.entity.EduSubject)
2020-02-19 19:52:48.989 [restartedMain] INFO  o.s.w.s.m.m.a.RequestMappingHandlerMapping - Mapped "{[/eduservice/edu-subject/addTwoLevel],methods=[POST]}" onto public com.online.edu.common.R com.online.edu.eduservice.controller.EduSubjectController.addTwoLevel(com.online.edu.eduservice.entity.EduSubject)
2020-02-19 19:52:48.994 [restartedMain] INFO  o.s.w.s.m.m.a.RequestMappingHandlerMapping - Mapped "{[/eduservice/edu-teacher/info],methods=[GET]}" onto public com.online.edu.common.R com.online.edu.eduservice.controller.EduTeacherController.info()
2020-02-19 19:52:48.996 [restartedMain] INFO  o.s.w.s.m.m.a.RequestMappingHandlerMapping - Mapped "{[/eduservice/edu-teacher/login],methods=[POST]}" onto public com.online.edu.common.R com.online.edu.eduservice.controller.EduTeacherController.login()
2020-02-19 19:52:48.997 [restartedMain] INFO  o.s.w.s.m.m.a.RequestMappingHandlerMapping - Mapped "{[/eduservice/edu-teacher/list],methods=[GET]}" onto public com.online.edu.common.R com.online.edu.eduservice.controller.EduTeacherController.getAllTeacherList()
2020-02-19 19:52:48.998 [restartedMain] INFO  o.s.w.s.m.m.a.RequestMappingHandlerMapping - Mapped "{[/eduservice/edu-teacher/{id}],methods=[DELETE]}" onto public boolean com.online.edu.eduservice.controller.EduTeacherController.deleteTeacher(java.lang.String)
2020-02-19 19:52:48.999 [restartedMain] INFO  o.s.w.s.m.m.a.RequestMappingHandlerMapping - Mapped "{[/eduservice/edu-teacher/pageList/{page}/{limit}],methods=[GET]}" onto public com.online.edu.common.R com.online.edu.eduservice.controller.EduTeacherController.getPageTeacherList(java.lang.Long,java.lang.Long)
2020-02-19 19:52:49.000 [restartedMain] INFO  o.s.w.s.m.m.a.RequestMappingHandlerMapping - Mapped "{[/eduservice/edu-teacher/moreCondtionPageList/{page}/{limit}],methods=[POST]}" onto public com.online.edu.common.R com.online.edu.eduservice.controller.EduTeacherController.getmoreConditionPageList(java.lang.Long,java.lang.Long,com.online.edu.eduservice.entity.QueryTeacher)
2020-02-19 19:52:49.000 [restartedMain] INFO  o.s.w.s.m.m.a.RequestMappingHandlerMapping - Mapped "{[/eduservice/edu-teacher/addTeacher],methods=[POST]}" onto public com.online.edu.common.R com.online.edu.eduservice.controller.EduTeacherController.addTeacher(com.online.edu.eduservice.entity.EduTeacher)
2020-02-19 19:52:49.001 [restartedMain] INFO  o.s.w.s.m.m.a.RequestMappingHandlerMapping - Mapped "{[/eduservice/edu-teacher/getTeacherInfo/{id}],methods=[GET]}" onto public com.online.edu.common.R com.online.edu.eduservice.controller.EduTeacherController.getTeacherInfo(java.lang.String)
2020-02-19 19:52:49.002 [restartedMain] INFO  o.s.w.s.m.m.a.RequestMappingHandlerMapping - Mapped "{[/eduservice/edu-teacher/updateTeacher],methods=[POST]}" onto public com.online.edu.common.R com.online.edu.eduservice.controller.EduTeacherController.updateTeacher(com.online.edu.eduservice.entity.EduTeacher)
2020-02-19 19:52:49.003 [restartedMain] INFO  o.s.w.s.m.m.a.RequestMappingHandlerMapping - Mapped "{[/eduservice/edu-video/{videoId}],methods=[GET]}" onto public com.online.edu.common.R com.online.edu.eduservice.controller.EduVideoController.getVideoId(java.lang.Long)
2020-02-19 19:52:49.004 [restartedMain] INFO  o.s.w.s.m.m.a.RequestMappingHandlerMapping - Mapped "{[/eduservice/edu-video/addVideo],methods=[POST]}" onto public com.online.edu.common.R com.online.edu.eduservice.controller.EduVideoController.addVideo(com.online.edu.eduservice.entity.EduVideo)
2020-02-19 19:52:49.005 [restartedMain] INFO  o.s.w.s.m.m.a.RequestMappingHandlerMapping - Mapped "{[/eduservice/edu-video/updateVideo],methods=[POST]}" onto public com.online.edu.common.R com.online.edu.eduservice.controller.EduVideoController.updateVideo(com.online.edu.eduservice.entity.EduVideo)
2020-02-19 19:52:49.005 [restartedMain] INFO  o.s.w.s.m.m.a.RequestMappingHandlerMapping - Mapped "{[/eduservice/edu-video/deleteVideoId/{videoId}],methods=[DELETE]}" onto public com.online.edu.common.R com.online.edu.eduservice.controller.EduVideoController.deleteVideo(java.lang.Long)
2020-02-19 19:52:49.006 [restartedMain] INFO  o.s.w.s.m.m.a.RequestMappingHandlerMapping - Mapped "{[/eduservice/oss/upload],methods=[POST]}" onto public com.online.edu.common.R com.online.edu.eduservice.controller.FileUploadController.uploadTeacherImg(org.springframework.web.multipart.MultipartFile,java.lang.String) throws java.lang.Exception
2020-02-19 19:52:49.012 [restartedMain] INFO  o.s.w.s.m.m.a.RequestMappingHandlerMapping - Mapped "{[/swagger-resources/configuration/ui]}" onto public org.springframework.http.ResponseEntity<springfox.documentation.swagger.web.UiConfiguration> springfox.documentation.swagger.web.ApiResourceController.uiConfiguration()
2020-02-19 19:52:49.012 [restartedMain] INFO  o.s.w.s.m.m.a.RequestMappingHandlerMapping - Mapped "{[/swagger-resources/configuration/security]}" onto public org.springframework.http.ResponseEntity<springfox.documentation.swagger.web.SecurityConfiguration> springfox.documentation.swagger.web.ApiResourceController.securityConfiguration()
2020-02-19 19:52:49.013 [restartedMain] INFO  o.s.w.s.m.m.a.RequestMappingHandlerMapping - Mapped "{[/swagger-resources]}" onto public org.springframework.http.ResponseEntity<java.util.List<springfox.documentation.swagger.web.SwaggerResource>> springfox.documentation.swagger.web.ApiResourceController.swaggerResources()
2020-02-19 19:52:49.018 [restartedMain] INFO  o.s.w.s.m.m.a.RequestMappingHandlerMapping - Mapped "{[/error]}" onto public org.springframework.http.ResponseEntity<java.util.Map<java.lang.String, java.lang.Object>> org.springframework.boot.autoconfigure.web.servlet.error.BasicErrorController.error(javax.servlet.http.HttpServletRequest)
2020-02-19 19:52:49.019 [restartedMain] INFO  o.s.w.s.m.m.a.RequestMappingHandlerMapping - Mapped "{[/error],produces=[text/html]}" onto public org.springframework.web.servlet.ModelAndView org.springframework.boot.autoconfigure.web.servlet.error.BasicErrorController.errorHtml(javax.servlet.http.HttpServletRequest,javax.servlet.http.HttpServletResponse)
2020-02-19 19:52:49.186 [restartedMain] INFO  s.d.s.w.PropertySourcedRequestMappingHandlerMapping - Mapped URL path [/v2/api-docs] onto method [public org.springframework.http.ResponseEntity<springfox.documentation.spring.web.json.Json> springfox.documentation.swagger2.web.Swagger2Controller.getDocumentation(java.lang.String,javax.servlet.http.HttpServletRequest)]
2020-02-19 19:52:49.328 [restartedMain] INFO  o.s.web.servlet.handler.SimpleUrlHandlerMapping - Mapped URL path [/**/favicon.ico] onto handler of type [class org.springframework.web.servlet.resource.ResourceHttpRequestHandler]
2020-02-19 19:52:49.496 [restartedMain] INFO  o.s.w.s.m.m.a.RequestMappingHandlerAdapter - Looking for @ControllerAdvice: org.springframework.boot.web.servlet.context.AnnotationConfigServletWebServerApplicationContext@13462077: startup date [Wed Feb 19 19:52:44 CST 2020]; root of context hierarchy
2020-02-19 19:52:49.552 [restartedMain] INFO  o.s.web.servlet.handler.SimpleUrlHandlerMapping - Mapped URL path [/webjars/**] onto handler of type [class org.springframework.web.servlet.resource.ResourceHttpRequestHandler]
2020-02-19 19:52:49.553 [restartedMain] INFO  o.s.web.servlet.handler.SimpleUrlHandlerMapping - Mapped URL path [/**] onto handler of type [class org.springframework.web.servlet.resource.ResourceHttpRequestHandler]
2020-02-19 19:52:49.574 [restartedMain] INFO  o.s.w.s.m.m.a.ExceptionHandlerExceptionResolver - Detected @ExceptionHandler methods in globalException
2020-02-19 19:52:49.857 [restartedMain] INFO  o.s.b.d.autoconfigure.OptionalLiveReloadServer - LiveReload server is running on port 35729
2020-02-19 19:52:49.901 [restartedMain] INFO  o.s.jmx.export.annotation.AnnotationMBeanExporter - Registering beans for JMX exposure on startup
2020-02-19 19:52:49.903 [restartedMain] INFO  o.s.jmx.export.annotation.AnnotationMBeanExporter - Bean with name 'dataSource' has been autodetected for JMX exposure
2020-02-19 19:52:49.912 [restartedMain] INFO  o.s.jmx.export.annotation.AnnotationMBeanExporter - Located MBean 'dataSource': registering with JMX server as MBean [com.zaxxer.hikari:name=dataSource,type=HikariDataSource]
2020-02-19 19:52:49.917 [restartedMain] INFO  o.s.context.support.DefaultLifecycleProcessor - Starting beans in phase 2147483647
2020-02-19 19:52:49.918 [restartedMain] INFO  s.d.s.web.plugins.DocumentationPluginsBootstrapper - Context refreshed
2020-02-19 19:52:49.933 [restartedMain] INFO  s.d.s.web.plugins.DocumentationPluginsBootstrapper - Found 1 custom documentation plugin(s)
2020-02-19 19:52:49.978 [restartedMain] INFO  s.d.spring.web.scanners.ApiListingReferenceScanner - Scanning for api listing references
2020-02-19 19:52:50.370 [restartedMain] INFO  org.apache.coyote.http11.Http11NioProtocol - Starting ProtocolHandler ["http-nio-8001"]
2020-02-19 19:52:50.404 [restartedMain] INFO  org.apache.tomcat.util.net.NioSelectorPool - Using a shared selector for servlet write/read
2020-02-19 19:52:50.420 [restartedMain] INFO  o.s.boot.web.embedded.tomcat.TomcatWebServer - Tomcat started on port(s): 8001 (http) with context path ''
2020-02-19 19:52:50.426 [restartedMain] INFO  com.online.edu.eduservice.EduApplication - Started EduApplication in 7.458 seconds (JVM running for 9.042)
2020-02-19 19:53:03.729 [http-nio-8001-exec-1] INFO  o.a.c.core.ContainerBase.[Tomcat].[localhost].[/] - Initializing Spring FrameworkServlet 'dispatcherServlet'
2020-02-19 19:53:03.732 [http-nio-8001-exec-1] INFO  org.springframework.web.servlet.DispatcherServlet - FrameworkServlet 'dispatcherServlet': initialization started
2020-02-19 19:53:03.784 [http-nio-8001-exec-1] INFO  org.springframework.web.servlet.DispatcherServlet - FrameworkServlet 'dispatcherServlet': initialization completed in 51 ms
