2020-02-19 18:45:44.699 [restartedMain] WARN  org.mybatis.spring.mapper.ClassPathMapperScanner - Skipping MapperFactoryBean with name 'eduChapterMapper' and 'com.online.edu.eduservice.mapper.EduChapterMapper' mapperInterface. Bean already defined with the same name!
2020-02-19 18:45:44.704 [restartedMain] WARN  org.mybatis.spring.mapper.ClassPathMapperScanner - Skipping MapperFactoryBean with name 'eduCourseDescriptionMapper' and 'com.online.edu.eduservice.mapper.EduCourseDescriptionMapper' mapperInterface. Bean already defined with the same name!
2020-02-19 18:45:44.706 [restartedMain] WARN  org.mybatis.spring.mapper.ClassPathMapperScanner - Skipping MapperFactoryBean with name 'eduCourseMapper' and 'com.online.edu.eduservice.mapper.EduCourseMapper' mapperInterface. Bean already defined with the same name!
2020-02-19 18:45:44.706 [restartedMain] WARN  org.mybatis.spring.mapper.ClassPathMapperScanner - Skipping MapperFactoryBean with name 'eduSubjectMapper' and 'com.online.edu.eduservice.mapper.EduSubjectMapper' mapperInterface. Bean already defined with the same name!
2020-02-19 18:45:44.707 [restartedMain] WARN  org.mybatis.spring.mapper.ClassPathMapperScanner - Skipping MapperFactoryBean with name 'eduTeacherMapper' and 'com.online.edu.eduservice.mapper.EduTeacherMapper' mapperInterface. Bean already defined with the same name!
2020-02-19 18:45:44.707 [restartedMain] WARN  org.mybatis.spring.mapper.ClassPathMapperScanner - Skipping MapperFactoryBean with name 'eduVideoMapper' and 'com.online.edu.eduservice.mapper.EduVideoMapper' mapperInterface. Bean already defined with the same name!
2020-02-19 18:45:44.708 [restartedMain] WARN  org.mybatis.spring.mapper.ClassPathMapperScanner - No MyBatis mapper was found in '[com.online.edu.eduservice.mapper]' package. Please check your configuration.
2020-02-19 18:47:17.756 [http-nio-8001-exec-10] WARN  o.s.w.s.m.m.a.ExceptionHandlerExceptionResolver - Resolved exception caused by handler execution: org.springframework.http.converter.HttpMessageNotReadableException: Required request body is missing: public com.online.edu.common.R com.online.edu.eduservice.controller.EduVideoController.addVideo(com.online.edu.eduservice.entity.EduVideo)
2020-02-19 19:40:05.746 [restartedMain] WARN  org.mybatis.spring.mapper.ClassPathMapperScanner - Skipping MapperFactoryBean with name 'eduChapterMapper' and 'com.online.edu.eduservice.mapper.EduChapterMapper' mapperInterface. Bean already defined with the same name!
2020-02-19 19:40:05.748 [restartedMain] WARN  org.mybatis.spring.mapper.ClassPathMapperScanner - Skipping MapperFactoryBean with name 'eduCourseDescriptionMapper' and 'com.online.edu.eduservice.mapper.EduCourseDescriptionMapper' mapperInterface. Bean already defined with the same name!
2020-02-19 19:40:05.749 [restartedMain] WARN  org.mybatis.spring.mapper.ClassPathMapperScanner - Skipping MapperFactoryBean with name 'eduCourseMapper' and 'com.online.edu.eduservice.mapper.EduCourseMapper' mapperInterface. Bean already defined with the same name!
2020-02-19 19:40:05.749 [restartedMain] WARN  org.mybatis.spring.mapper.ClassPathMapperScanner - Skipping MapperFactoryBean with name 'eduSubjectMapper' and 'com.online.edu.eduservice.mapper.EduSubjectMapper' mapperInterface. Bean already defined with the same name!
2020-02-19 19:40:05.750 [restartedMain] WARN  org.mybatis.spring.mapper.ClassPathMapperScanner - Skipping MapperFactoryBean with name 'eduTeacherMapper' and 'com.online.edu.eduservice.mapper.EduTeacherMapper' mapperInterface. Bean already defined with the same name!
2020-02-19 19:40:05.751 [restartedMain] WARN  org.mybatis.spring.mapper.ClassPathMapperScanner - Skipping MapperFactoryBean with name 'eduVideoMapper' and 'com.online.edu.eduservice.mapper.EduVideoMapper' mapperInterface. Bean already defined with the same name!
2020-02-19 19:40:05.751 [restartedMain] WARN  org.mybatis.spring.mapper.ClassPathMapperScanner - No MyBatis mapper was found in '[com.online.edu.eduservice.mapper]' package. Please check your configuration.
2020-02-19 19:43:07.066 [restartedMain] WARN  org.mybatis.spring.mapper.ClassPathMapperScanner - Skipping MapperFactoryBean with name 'eduChapterMapper' and 'com.online.edu.eduservice.mapper.EduChapterMapper' mapperInterface. Bean already defined with the same name!
2020-02-19 19:43:07.067 [restartedMain] WARN  org.mybatis.spring.mapper.ClassPathMapperScanner - Skipping MapperFactoryBean with name 'eduCourseDescriptionMapper' and 'com.online.edu.eduservice.mapper.EduCourseDescriptionMapper' mapperInterface. Bean already defined with the same name!
2020-02-19 19:43:07.067 [restartedMain] WARN  org.mybatis.spring.mapper.ClassPathMapperScanner - Skipping MapperFactoryBean with name 'eduCourseMapper' and 'com.online.edu.eduservice.mapper.EduCourseMapper' mapperInterface. Bean already defined with the same name!
2020-02-19 19:43:07.068 [restartedMain] WARN  org.mybatis.spring.mapper.ClassPathMapperScanner - Skipping MapperFactoryBean with name 'eduSubjectMapper' and 'com.online.edu.eduservice.mapper.EduSubjectMapper' mapperInterface. Bean already defined with the same name!
2020-02-19 19:43:07.068 [restartedMain] WARN  org.mybatis.spring.mapper.ClassPathMapperScanner - Skipping MapperFactoryBean with name 'eduTeacherMapper' and 'com.online.edu.eduservice.mapper.EduTeacherMapper' mapperInterface. Bean already defined with the same name!
2020-02-19 19:43:07.069 [restartedMain] WARN  org.mybatis.spring.mapper.ClassPathMapperScanner - Skipping MapperFactoryBean with name 'eduVideoMapper' and 'com.online.edu.eduservice.mapper.EduVideoMapper' mapperInterface. Bean already defined with the same name!
2020-02-19 19:43:07.069 [restartedMain] WARN  org.mybatis.spring.mapper.ClassPathMapperScanner - No MyBatis mapper was found in '[com.online.edu.eduservice.mapper]' package. Please check your configuration.
2020-02-19 19:51:10.022 [http-nio-8001-exec-1] WARN  o.s.w.s.m.m.a.ExceptionHandlerExceptionResolver - Resolved exception caused by handler execution: org.springframework.web.method.annotation.MethodArgumentTypeMismatchException: Failed to convert value of type 'java.lang.String' to required type 'java.lang.Long'; nested exception is java.lang.NumberFormatException: For input string: "deleteVideoId1582111806145"
2020-02-19 19:51:10.056 [http-nio-8001-exec-2] WARN  o.s.w.s.m.m.a.ExceptionHandlerExceptionResolver - Resolved exception caused by handler execution: org.springframework.web.method.annotation.MethodArgumentTypeMismatchException: Failed to convert value of type 'java.lang.String' to required type 'java.lang.Long'; nested exception is java.lang.NumberFormatException: For input string: "deleteVideoId1582111806145"
2020-02-19 19:52:45.251 [restartedMain] WARN  org.mybatis.spring.mapper.ClassPathMapperScanner - Skipping MapperFactoryBean with name 'eduChapterMapper' and 'com.online.edu.eduservice.mapper.EduChapterMapper' mapperInterface. Bean already defined with the same name!
2020-02-19 19:52:45.252 [restartedMain] WARN  org.mybatis.spring.mapper.ClassPathMapperScanner - Skipping MapperFactoryBean with name 'eduCourseDescriptionMapper' and 'com.online.edu.eduservice.mapper.EduCourseDescriptionMapper' mapperInterface. Bean already defined with the same name!
2020-02-19 19:52:45.252 [restartedMain] WARN  org.mybatis.spring.mapper.ClassPathMapperScanner - Skipping MapperFactoryBean with name 'eduCourseMapper' and 'com.online.edu.eduservice.mapper.EduCourseMapper' mapperInterface. Bean already defined with the same name!
2020-02-19 19:52:45.252 [restartedMain] WARN  org.mybatis.spring.mapper.ClassPathMapperScanner - Skipping MapperFactoryBean with name 'eduSubjectMapper' and 'com.online.edu.eduservice.mapper.EduSubjectMapper' mapperInterface. Bean already defined with the same name!
2020-02-19 19:52:45.252 [restartedMain] WARN  org.mybatis.spring.mapper.ClassPathMapperScanner - Skipping MapperFactoryBean with name 'eduTeacherMapper' and 'com.online.edu.eduservice.mapper.EduTeacherMapper' mapperInterface. Bean already defined with the same name!
2020-02-19 19:52:45.253 [restartedMain] WARN  org.mybatis.spring.mapper.ClassPathMapperScanner - Skipping MapperFactoryBean with name 'eduVideoMapper' and 'com.online.edu.eduservice.mapper.EduVideoMapper' mapperInterface. Bean already defined with the same name!
2020-02-19 19:52:45.253 [restartedMain] WARN  org.mybatis.spring.mapper.ClassPathMapperScanner - No MyBatis mapper was found in '[com.online.edu.eduservice.mapper]' package. Please check your configuration.
