2020-02-18 09:27:01.912 [restartedMain] WARN  org.mybatis.spring.mapper.ClassPathMapperScanner - Skipping MapperFactoryBean with name 'eduChapterMapper' and 'com.online.edu.eduservice.mapper.EduChapterMapper' mapperInterface. Bean already defined with the same name!
2020-02-18 09:27:01.916 [restartedMain] WARN  org.mybatis.spring.mapper.ClassPathMapperScanner - Skipping MapperFactoryBean with name 'eduCourseDescriptionMapper' and 'com.online.edu.eduservice.mapper.EduCourseDescriptionMapper' mapperInterface. Bean already defined with the same name!
2020-02-18 09:27:01.917 [restartedMain] WARN  org.mybatis.spring.mapper.ClassPathMapperScanner - Skipping MapperFactoryBean with name 'eduCourseMapper' and 'com.online.edu.eduservice.mapper.EduCourseMapper' mapperInterface. Bean already defined with the same name!
2020-02-18 09:27:01.918 [restartedMain] WARN  org.mybatis.spring.mapper.ClassPathMapperScanner - Skipping MapperFactoryBean with name 'eduSubjectMapper' and 'com.online.edu.eduservice.mapper.EduSubjectMapper' mapperInterface. Bean already defined with the same name!
2020-02-18 09:27:01.918 [restartedMain] WARN  org.mybatis.spring.mapper.ClassPathMapperScanner - Skipping MapperFactoryBean with name 'eduTeacherMapper' and 'com.online.edu.eduservice.mapper.EduTeacherMapper' mapperInterface. Bean already defined with the same name!
2020-02-18 09:27:01.919 [restartedMain] WARN  org.mybatis.spring.mapper.ClassPathMapperScanner - Skipping MapperFactoryBean with name 'eduVideoMapper' and 'com.online.edu.eduservice.mapper.EduVideoMapper' mapperInterface. Bean already defined with the same name!
2020-02-18 09:27:01.920 [restartedMain] WARN  org.mybatis.spring.mapper.ClassPathMapperScanner - No MyBatis mapper was found in '[com.online.edu.eduservice.mapper]' package. Please check your configuration.
2020-02-18 09:27:06.700 [restartedMain] WARN  o.s.b.d.autoconfigure.OptionalLiveReloadServer - Unable to start LiveReload server
2020-02-18 10:37:41.245 [restartedMain] WARN  org.mybatis.spring.mapper.ClassPathMapperScanner - Skipping MapperFactoryBean with name 'eduChapterMapper' and 'com.online.edu.eduservice.mapper.EduChapterMapper' mapperInterface. Bean already defined with the same name!
2020-02-18 10:37:41.246 [restartedMain] WARN  org.mybatis.spring.mapper.ClassPathMapperScanner - Skipping MapperFactoryBean with name 'eduCourseDescriptionMapper' and 'com.online.edu.eduservice.mapper.EduCourseDescriptionMapper' mapperInterface. Bean already defined with the same name!
2020-02-18 10:37:41.247 [restartedMain] WARN  org.mybatis.spring.mapper.ClassPathMapperScanner - Skipping MapperFactoryBean with name 'eduCourseMapper' and 'com.online.edu.eduservice.mapper.EduCourseMapper' mapperInterface. Bean already defined with the same name!
2020-02-18 10:37:41.247 [restartedMain] WARN  org.mybatis.spring.mapper.ClassPathMapperScanner - Skipping MapperFactoryBean with name 'eduSubjectMapper' and 'com.online.edu.eduservice.mapper.EduSubjectMapper' mapperInterface. Bean already defined with the same name!
2020-02-18 10:37:41.247 [restartedMain] WARN  org.mybatis.spring.mapper.ClassPathMapperScanner - Skipping MapperFactoryBean with name 'eduTeacherMapper' and 'com.online.edu.eduservice.mapper.EduTeacherMapper' mapperInterface. Bean already defined with the same name!
2020-02-18 10:37:41.248 [restartedMain] WARN  org.mybatis.spring.mapper.ClassPathMapperScanner - Skipping MapperFactoryBean with name 'eduVideoMapper' and 'com.online.edu.eduservice.mapper.EduVideoMapper' mapperInterface. Bean already defined with the same name!
2020-02-18 10:37:41.248 [restartedMain] WARN  org.mybatis.spring.mapper.ClassPathMapperScanner - No MyBatis mapper was found in '[com.online.edu.eduservice.mapper]' package. Please check your configuration.
2020-02-18 10:37:46.059 [restartedMain] WARN  o.s.b.d.autoconfigure.OptionalLiveReloadServer - Unable to start LiveReload server
2020-02-18 11:28:37.089 [restartedMain] WARN  org.mybatis.spring.mapper.ClassPathMapperScanner - Skipping MapperFactoryBean with name 'eduChapterMapper' and 'com.online.edu.eduservice.mapper.EduChapterMapper' mapperInterface. Bean already defined with the same name!
2020-02-18 11:28:37.090 [restartedMain] WARN  org.mybatis.spring.mapper.ClassPathMapperScanner - Skipping MapperFactoryBean with name 'eduCourseDescriptionMapper' and 'com.online.edu.eduservice.mapper.EduCourseDescriptionMapper' mapperInterface. Bean already defined with the same name!
2020-02-18 11:28:37.090 [restartedMain] WARN  org.mybatis.spring.mapper.ClassPathMapperScanner - Skipping MapperFactoryBean with name 'eduCourseMapper' and 'com.online.edu.eduservice.mapper.EduCourseMapper' mapperInterface. Bean already defined with the same name!
2020-02-18 11:28:37.091 [restartedMain] WARN  org.mybatis.spring.mapper.ClassPathMapperScanner - Skipping MapperFactoryBean with name 'eduSubjectMapper' and 'com.online.edu.eduservice.mapper.EduSubjectMapper' mapperInterface. Bean already defined with the same name!
2020-02-18 11:28:37.091 [restartedMain] WARN  org.mybatis.spring.mapper.ClassPathMapperScanner - Skipping MapperFactoryBean with name 'eduTeacherMapper' and 'com.online.edu.eduservice.mapper.EduTeacherMapper' mapperInterface. Bean already defined with the same name!
2020-02-18 11:28:37.092 [restartedMain] WARN  org.mybatis.spring.mapper.ClassPathMapperScanner - Skipping MapperFactoryBean with name 'eduVideoMapper' and 'com.online.edu.eduservice.mapper.EduVideoMapper' mapperInterface. Bean already defined with the same name!
2020-02-18 11:28:37.092 [restartedMain] WARN  org.mybatis.spring.mapper.ClassPathMapperScanner - No MyBatis mapper was found in '[com.online.edu.eduservice.mapper]' package. Please check your configuration.
2020-02-18 11:28:41.565 [restartedMain] WARN  o.s.b.d.autoconfigure.OptionalLiveReloadServer - Unable to start LiveReload server
2020-02-18 11:29:25.177 [http-nio-8001-exec-4] WARN  o.s.w.s.m.m.a.ExceptionHandlerExceptionResolver - Resolved exception caused by handler execution: org.springframework.web.bind.MissingPathVariableException: Missing URI template variable 'id' for method parameter of type Long
2020-02-18 11:30:56.179 [restartedMain] WARN  org.mybatis.spring.mapper.ClassPathMapperScanner - Skipping MapperFactoryBean with name 'eduChapterMapper' and 'com.online.edu.eduservice.mapper.EduChapterMapper' mapperInterface. Bean already defined with the same name!
2020-02-18 11:30:56.181 [restartedMain] WARN  org.mybatis.spring.mapper.ClassPathMapperScanner - Skipping MapperFactoryBean with name 'eduCourseDescriptionMapper' and 'com.online.edu.eduservice.mapper.EduCourseDescriptionMapper' mapperInterface. Bean already defined with the same name!
2020-02-18 11:30:56.182 [restartedMain] WARN  org.mybatis.spring.mapper.ClassPathMapperScanner - Skipping MapperFactoryBean with name 'eduCourseMapper' and 'com.online.edu.eduservice.mapper.EduCourseMapper' mapperInterface. Bean already defined with the same name!
2020-02-18 11:30:56.183 [restartedMain] WARN  org.mybatis.spring.mapper.ClassPathMapperScanner - Skipping MapperFactoryBean with name 'eduSubjectMapper' and 'com.online.edu.eduservice.mapper.EduSubjectMapper' mapperInterface. Bean already defined with the same name!
2020-02-18 11:30:56.185 [restartedMain] WARN  org.mybatis.spring.mapper.ClassPathMapperScanner - Skipping MapperFactoryBean with name 'eduTeacherMapper' and 'com.online.edu.eduservice.mapper.EduTeacherMapper' mapperInterface. Bean already defined with the same name!
2020-02-18 11:30:56.185 [restartedMain] WARN  org.mybatis.spring.mapper.ClassPathMapperScanner - Skipping MapperFactoryBean with name 'eduVideoMapper' and 'com.online.edu.eduservice.mapper.EduVideoMapper' mapperInterface. Bean already defined with the same name!
2020-02-18 11:30:56.186 [restartedMain] WARN  org.mybatis.spring.mapper.ClassPathMapperScanner - No MyBatis mapper was found in '[com.online.edu.eduservice.mapper]' package. Please check your configuration.
2020-02-18 11:31:02.349 [restartedMain] WARN  o.s.b.d.autoconfigure.OptionalLiveReloadServer - Unable to start LiveReload server
2020-02-18 11:57:14.698 [http-nio-8001-exec-5] WARN  o.s.w.s.m.m.a.ExceptionHandlerExceptionResolver - Resolved exception caused by handler execution: EduException(code=20001, message=删除失败)
2020-02-18 12:01:23.860 [http-nio-8001-exec-9] WARN  o.s.w.s.m.m.a.ExceptionHandlerExceptionResolver - Resolved exception caused by handler execution: EduException(code=20001, message=删除失败)
2020-02-18 21:47:11.972 [restartedMain] WARN  org.mybatis.spring.mapper.ClassPathMapperScanner - Skipping MapperFactoryBean with name 'eduChapterMapper' and 'com.online.edu.eduservice.mapper.EduChapterMapper' mapperInterface. Bean already defined with the same name!
2020-02-18 21:47:11.973 [restartedMain] WARN  org.mybatis.spring.mapper.ClassPathMapperScanner - Skipping MapperFactoryBean with name 'eduCourseDescriptionMapper' and 'com.online.edu.eduservice.mapper.EduCourseDescriptionMapper' mapperInterface. Bean already defined with the same name!
2020-02-18 21:47:11.974 [restartedMain] WARN  org.mybatis.spring.mapper.ClassPathMapperScanner - Skipping MapperFactoryBean with name 'eduCourseMapper' and 'com.online.edu.eduservice.mapper.EduCourseMapper' mapperInterface. Bean already defined with the same name!
2020-02-18 21:47:11.974 [restartedMain] WARN  org.mybatis.spring.mapper.ClassPathMapperScanner - Skipping MapperFactoryBean with name 'eduSubjectMapper' and 'com.online.edu.eduservice.mapper.EduSubjectMapper' mapperInterface. Bean already defined with the same name!
2020-02-18 21:47:11.975 [restartedMain] WARN  org.mybatis.spring.mapper.ClassPathMapperScanner - Skipping MapperFactoryBean with name 'eduTeacherMapper' and 'com.online.edu.eduservice.mapper.EduTeacherMapper' mapperInterface. Bean already defined with the same name!
2020-02-18 21:47:11.975 [restartedMain] WARN  org.mybatis.spring.mapper.ClassPathMapperScanner - Skipping MapperFactoryBean with name 'eduVideoMapper' and 'com.online.edu.eduservice.mapper.EduVideoMapper' mapperInterface. Bean already defined with the same name!
2020-02-18 21:47:11.975 [restartedMain] WARN  org.mybatis.spring.mapper.ClassPathMapperScanner - No MyBatis mapper was found in '[com.online.edu.eduservice.mapper]' package. Please check your configuration.
