2020-02-21 11:52:30.149 [restartedMain] WARN  org.mybatis.spring.mapper.ClassPathMapperScanner - Skipping MapperFactoryBean with name 'eduChapterMapper' and 'com.online.edu.eduservice.mapper.EduChapterMapper' mapperInterface. Bean already defined with the same name!
2020-02-21 11:52:30.157 [restartedMain] WARN  org.mybatis.spring.mapper.ClassPathMapperScanner - Skipping MapperFactoryBean with name 'eduCourseDescriptionMapper' and 'com.online.edu.eduservice.mapper.EduCourseDescriptionMapper' mapperInterface. Bean already defined with the same name!
2020-02-21 11:52:30.158 [restartedMain] WARN  org.mybatis.spring.mapper.ClassPathMapperScanner - Skipping MapperFactoryBean with name 'eduCourseMapper' and 'com.online.edu.eduservice.mapper.EduCourseMapper' mapperInterface. Bean already defined with the same name!
2020-02-21 11:52:30.159 [restartedMain] WARN  org.mybatis.spring.mapper.ClassPathMapperScanner - Skipping MapperFactoryBean with name 'eduSubjectMapper' and 'com.online.edu.eduservice.mapper.EduSubjectMapper' mapperInterface. Bean already defined with the same name!
2020-02-21 11:52:30.160 [restartedMain] WARN  org.mybatis.spring.mapper.ClassPathMapperScanner - Skipping MapperFactoryBean with name 'eduTeacherMapper' and 'com.online.edu.eduservice.mapper.EduTeacherMapper' mapperInterface. Bean already defined with the same name!
2020-02-21 11:52:30.161 [restartedMain] WARN  org.mybatis.spring.mapper.ClassPathMapperScanner - Skipping MapperFactoryBean with name 'eduVideoMapper' and 'com.online.edu.eduservice.mapper.EduVideoMapper' mapperInterface. Bean already defined with the same name!
2020-02-21 11:52:30.174 [restartedMain] WARN  org.mybatis.spring.mapper.ClassPathMapperScanner - No MyBatis mapper was found in '[com.online.edu.eduservice.mapper]' package. Please check your configuration.
2020-02-21 11:57:12.024 [restartedMain] WARN  org.mybatis.spring.mapper.ClassPathMapperScanner - Skipping MapperFactoryBean with name 'eduChapterMapper' and 'com.online.edu.eduservice.mapper.EduChapterMapper' mapperInterface. Bean already defined with the same name!
2020-02-21 11:57:12.025 [restartedMain] WARN  org.mybatis.spring.mapper.ClassPathMapperScanner - Skipping MapperFactoryBean with name 'eduCourseDescriptionMapper' and 'com.online.edu.eduservice.mapper.EduCourseDescriptionMapper' mapperInterface. Bean already defined with the same name!
2020-02-21 11:57:12.027 [restartedMain] WARN  org.mybatis.spring.mapper.ClassPathMapperScanner - Skipping MapperFactoryBean with name 'eduCourseMapper' and 'com.online.edu.eduservice.mapper.EduCourseMapper' mapperInterface. Bean already defined with the same name!
2020-02-21 11:57:12.028 [restartedMain] WARN  org.mybatis.spring.mapper.ClassPathMapperScanner - Skipping MapperFactoryBean with name 'eduSubjectMapper' and 'com.online.edu.eduservice.mapper.EduSubjectMapper' mapperInterface. Bean already defined with the same name!
2020-02-21 11:57:12.031 [restartedMain] WARN  org.mybatis.spring.mapper.ClassPathMapperScanner - Skipping MapperFactoryBean with name 'eduTeacherMapper' and 'com.online.edu.eduservice.mapper.EduTeacherMapper' mapperInterface. Bean already defined with the same name!
2020-02-21 11:57:12.032 [restartedMain] WARN  org.mybatis.spring.mapper.ClassPathMapperScanner - Skipping MapperFactoryBean with name 'eduVideoMapper' and 'com.online.edu.eduservice.mapper.EduVideoMapper' mapperInterface. Bean already defined with the same name!
2020-02-21 11:57:12.033 [restartedMain] WARN  org.mybatis.spring.mapper.ClassPathMapperScanner - No MyBatis mapper was found in '[com.online.edu.eduservice.mapper]' package. Please check your configuration.
2020-02-21 11:57:38.056 [restartedMain] WARN  org.mybatis.spring.mapper.ClassPathMapperScanner - Skipping MapperFactoryBean with name 'eduChapterMapper' and 'com.online.edu.eduservice.mapper.EduChapterMapper' mapperInterface. Bean already defined with the same name!
2020-02-21 11:57:38.057 [restartedMain] WARN  org.mybatis.spring.mapper.ClassPathMapperScanner - Skipping MapperFactoryBean with name 'eduCourseDescriptionMapper' and 'com.online.edu.eduservice.mapper.EduCourseDescriptionMapper' mapperInterface. Bean already defined with the same name!
2020-02-21 11:57:38.057 [restartedMain] WARN  org.mybatis.spring.mapper.ClassPathMapperScanner - Skipping MapperFactoryBean with name 'eduCourseMapper' and 'com.online.edu.eduservice.mapper.EduCourseMapper' mapperInterface. Bean already defined with the same name!
2020-02-21 11:57:38.058 [restartedMain] WARN  org.mybatis.spring.mapper.ClassPathMapperScanner - Skipping MapperFactoryBean with name 'eduSubjectMapper' and 'com.online.edu.eduservice.mapper.EduSubjectMapper' mapperInterface. Bean already defined with the same name!
2020-02-21 11:57:38.058 [restartedMain] WARN  org.mybatis.spring.mapper.ClassPathMapperScanner - Skipping MapperFactoryBean with name 'eduTeacherMapper' and 'com.online.edu.eduservice.mapper.EduTeacherMapper' mapperInterface. Bean already defined with the same name!
2020-02-21 11:57:38.058 [restartedMain] WARN  org.mybatis.spring.mapper.ClassPathMapperScanner - Skipping MapperFactoryBean with name 'eduVideoMapper' and 'com.online.edu.eduservice.mapper.EduVideoMapper' mapperInterface. Bean already defined with the same name!
2020-02-21 11:57:38.059 [restartedMain] WARN  org.mybatis.spring.mapper.ClassPathMapperScanner - No MyBatis mapper was found in '[com.online.edu.eduservice.mapper]' package. Please check your configuration.
2020-02-21 12:19:58.413 [restartedMain] WARN  org.mybatis.spring.mapper.ClassPathMapperScanner - Skipping MapperFactoryBean with name 'eduChapterMapper' and 'com.online.edu.eduservice.mapper.EduChapterMapper' mapperInterface. Bean already defined with the same name!
2020-02-21 12:19:58.414 [restartedMain] WARN  org.mybatis.spring.mapper.ClassPathMapperScanner - Skipping MapperFactoryBean with name 'eduCourseDescriptionMapper' and 'com.online.edu.eduservice.mapper.EduCourseDescriptionMapper' mapperInterface. Bean already defined with the same name!
2020-02-21 12:19:58.415 [restartedMain] WARN  org.mybatis.spring.mapper.ClassPathMapperScanner - Skipping MapperFactoryBean with name 'eduCourseMapper' and 'com.online.edu.eduservice.mapper.EduCourseMapper' mapperInterface. Bean already defined with the same name!
2020-02-21 12:19:58.415 [restartedMain] WARN  org.mybatis.spring.mapper.ClassPathMapperScanner - Skipping MapperFactoryBean with name 'eduSubjectMapper' and 'com.online.edu.eduservice.mapper.EduSubjectMapper' mapperInterface. Bean already defined with the same name!
2020-02-21 12:19:58.416 [restartedMain] WARN  org.mybatis.spring.mapper.ClassPathMapperScanner - Skipping MapperFactoryBean with name 'eduTeacherMapper' and 'com.online.edu.eduservice.mapper.EduTeacherMapper' mapperInterface. Bean already defined with the same name!
2020-02-21 12:19:58.424 [restartedMain] WARN  org.mybatis.spring.mapper.ClassPathMapperScanner - Skipping MapperFactoryBean with name 'eduVideoMapper' and 'com.online.edu.eduservice.mapper.EduVideoMapper' mapperInterface. Bean already defined with the same name!
2020-02-21 12:19:58.425 [restartedMain] WARN  org.mybatis.spring.mapper.ClassPathMapperScanner - No MyBatis mapper was found in '[com.online.edu.eduservice.mapper]' package. Please check your configuration.
2020-02-21 12:21:18.094 [restartedMain] WARN  org.mybatis.spring.mapper.ClassPathMapperScanner - Skipping MapperFactoryBean with name 'eduChapterMapper' and 'com.online.edu.eduservice.mapper.EduChapterMapper' mapperInterface. Bean already defined with the same name!
2020-02-21 12:21:18.095 [restartedMain] WARN  org.mybatis.spring.mapper.ClassPathMapperScanner - Skipping MapperFactoryBean with name 'eduCourseDescriptionMapper' and 'com.online.edu.eduservice.mapper.EduCourseDescriptionMapper' mapperInterface. Bean already defined with the same name!
2020-02-21 12:21:18.096 [restartedMain] WARN  org.mybatis.spring.mapper.ClassPathMapperScanner - Skipping MapperFactoryBean with name 'eduCourseMapper' and 'com.online.edu.eduservice.mapper.EduCourseMapper' mapperInterface. Bean already defined with the same name!
2020-02-21 12:21:18.097 [restartedMain] WARN  org.mybatis.spring.mapper.ClassPathMapperScanner - Skipping MapperFactoryBean with name 'eduSubjectMapper' and 'com.online.edu.eduservice.mapper.EduSubjectMapper' mapperInterface. Bean already defined with the same name!
2020-02-21 12:21:18.100 [restartedMain] WARN  org.mybatis.spring.mapper.ClassPathMapperScanner - Skipping MapperFactoryBean with name 'eduTeacherMapper' and 'com.online.edu.eduservice.mapper.EduTeacherMapper' mapperInterface. Bean already defined with the same name!
2020-02-21 12:21:18.101 [restartedMain] WARN  org.mybatis.spring.mapper.ClassPathMapperScanner - Skipping MapperFactoryBean with name 'eduVideoMapper' and 'com.online.edu.eduservice.mapper.EduVideoMapper' mapperInterface. Bean already defined with the same name!
2020-02-21 12:21:18.101 [restartedMain] WARN  org.mybatis.spring.mapper.ClassPathMapperScanner - No MyBatis mapper was found in '[com.online.edu.eduservice.mapper]' package. Please check your configuration.
